#
# There is insufficient memory for the Java Runtime Environment to continue.
# Native memory allocation (malloc) failed to allocate 1265296 bytes for Chunk::new
# Possible reasons:
#   The system is out of physical RAM or swap space
#   The process is running with CompressedOops enabled, and the Java Heap may be blocking the growth of the native heap
# Possible solutions:
#   Reduce memory load on the system
#   Increase physical memory or swap space
#   Check if swap backing store is full
#   Decrease Java heap size (-Xmx/-Xms)
#   Decrease number of Java threads
#   Decrease Java thread stack sizes (-Xss)
#   Set larger code cache with -XX:ReservedCodeCacheSize=
#   JVM is running with Unscaled Compressed Oops mode in which the Java heap is
#     placed in the first 4GB address space. The Java Heap base address is the
#     maximum limit for the native heap growth. Please use -XX:HeapBaseMinAddress
#     to set the Java Heap base and to place the Java Heap above 4GB virtual address.
# This output file may be truncated or incomplete.
#
#  Out of Memory Error (./src/hotspot/share/memory/arena.cpp:197), pid=10208, tid=18108
#
# JRE version: OpenJDK Runtime Environment (11.0.10) (build 11.0.10+0-b96-7249189)
# Java VM: OpenJDK 64-Bit Server VM (11.0.10+0-b96-7249189, mixed mode, tiered, compressed oops, g1 gc, windows-amd64)
# No core dump will be written. Minidumps are not enabled by default on client versions of Windows
#

---------------  S U M M A R Y ------------

Command Line: --add-opens=java.base/java.util=ALL-UNNAMED --add-opens=java.base/java.lang=ALL-UNNAMED --add-opens=java.base/java.lang.invoke=ALL-UNNAMED --add-opens=java.base/java.util=ALL-UNNAMED --add-opens=java.prefs/java.util.prefs=ALL-UNNAMED --add-opens=java.prefs/java.util.prefs=ALL-UNNAMED --add-opens=java.base/java.nio.charset=ALL-UNNAMED --add-opens=java.base/java.net=ALL-UNNAMED --add-opens=java.base/java.util.concurrent.atomic=ALL-UNNAMED -Xmx2048m -Dfile.encoding=UTF-8 -Duser.country=DE -Duser.language=de -Duser.variant org.gradle.launcher.daemon.bootstrap.GradleDaemon 7.0.2

Host: Intel(R) Core(TM) i7-3720QM CPU @ 2.60GHz, 8 cores, 15G,  Windows 10 , 64 bit Build 19041 (10.0.19041.1348)
Time: Thu Nov 18 16:19:56 2021 Mitteleuropäische Zeit     elapsed time: 14.198341 seconds (0d 0h 0m 14s)

---------------  T H R E A D  ---------------

Current thread (0x000002157fb13000):  JavaThread "C2 CompilerThread0" daemon [_thread_in_native, id=18108, stack(0x0000005df8100000,0x0000005df8200000)]


Current CompileTask:
C2:  14198 9279       4       org.gradle.internal.snapshot.DirectorySnapshot$$Lambda$1002/0x0000000100aec040::accept (20 bytes)

Stack: [0x0000005df8100000,0x0000005df8200000]
Native frames: (J=compiled Java code, j=interpreted, Vv=VM code, C=native code)
V  [jvm.dll+0x5ecfaa]
V  [jvm.dll+0x722bd5]
V  [jvm.dll+0x72412d]
V  [jvm.dll+0x7247e3]
V  [jvm.dll+0x242928]
V  [jvm.dll+0xbc4fc]
V  [jvm.dll+0xbca0c]
V  [jvm.dll+0x352d7d]
V  [jvm.dll+0x197e0c]
V  [jvm.dll+0x1fb70e]
V  [jvm.dll+0x1fa7f4]
V  [jvm.dll+0x18354c]
V  [jvm.dll+0x208ee7]
V  [jvm.dll+0x207731]
V  [jvm.dll+0x6eb1cf]
V  [jvm.dll+0x6e3d45]
V  [jvm.dll+0x5ebe96]
C  [ucrtbase.dll+0x21bb2]
C  [KERNEL32.DLL+0x17034]
C  [ntdll.dll+0x52651]


---------------  P R O C E S S  ---------------

Threads class SMR info:
_java_thread_list=0x000002150da40ca0, length=63, elements={
0x0000021568e14800, 0x000002157fa9f000, 0x000002157faa2800, 0x000002157fb06800,
0x000002157fb08800, 0x000002157fb0a000, 0x000002157fb13000, 0x000002157fb17800,
0x000002157fb1d000, 0x000002157fc80000, 0x00000215082ef000, 0x00000215082f0000,
0x00000215082eb000, 0x00000215082f1800, 0x00000215082ec000, 0x00000215082ed800,
0x00000215082f0800, 0x00000215082ec800, 0x00000215082ee800, 0x0000021508358000,
0x0000021508355800, 0x0000021508356000, 0x0000021508353000, 0x0000021506efc800,
0x0000021508357000, 0x0000021508359800, 0x0000021508354000, 0x0000021508358800,
0x000002150835a800, 0x0000021508354800, 0x000002150835d000, 0x000002150835c000,
0x000002150835f000, 0x000002150835e800, 0x0000021508360000, 0x0000021508361000,
0x0000021508361800, 0x000002150b19c000, 0x000002150b19b800, 0x000002150b199000,
0x000002150b19d000, 0x000002150b199800, 0x000002150b19a800, 0x000002150b198000,
0x000002150b19e800, 0x000002150b1a0000, 0x000002150b19e000, 0x000002150b1a3800,
0x000002150b1a5000, 0x000002150b1a1000, 0x00000215082e9000, 0x000002150b19f800,
0x000002150b1a2800, 0x000002150e8eb000, 0x000002150e8ec000, 0x000002150e8ed000,
0x000002150e8ea800, 0x000002150e8ed800, 0x000002150e8ee800, 0x000002150e8e9000,
0x000002150e8ef800, 0x000002150e8e9800, 0x000002150e8f6000
}

Java Threads: ( => current thread )
  0x0000021568e14800 JavaThread "main" [_thread_blocked, id=21676, stack(0x0000005df7500000,0x0000005df7600000)]
  0x000002157fa9f000 JavaThread "Reference Handler" daemon [_thread_blocked, id=10456, stack(0x0000005df7c00000,0x0000005df7d00000)]
  0x000002157faa2800 JavaThread "Finalizer" daemon [_thread_blocked, id=10188, stack(0x0000005df7d00000,0x0000005df7e00000)]
  0x000002157fb06800 JavaThread "Signal Dispatcher" daemon [_thread_blocked, id=4032, stack(0x0000005df7e00000,0x0000005df7f00000)]
  0x000002157fb08800 JavaThread "Attach Listener" daemon [_thread_blocked, id=17104, stack(0x0000005df7f00000,0x0000005df8000000)]
  0x000002157fb0a000 JavaThread "Service Thread" daemon [_thread_blocked, id=7228, stack(0x0000005df8000000,0x0000005df8100000)]
=>0x000002157fb13000 JavaThread "C2 CompilerThread0" daemon [_thread_in_native, id=18108, stack(0x0000005df8100000,0x0000005df8200000)]
  0x000002157fb17800 JavaThread "C1 CompilerThread0" daemon [_thread_in_native, id=20944, stack(0x0000005df8200000,0x0000005df8300000)]
  0x000002157fb1d000 JavaThread "Sweeper thread" daemon [_thread_blocked, id=22268, stack(0x0000005df8300000,0x0000005df8400000)]
  0x000002157fc80000 JavaThread "Common-Cleaner" daemon [_thread_blocked, id=14444, stack(0x0000005df8400000,0x0000005df8500000)]
  0x00000215082ef000 JavaThread "Daemon health stats" [_thread_blocked, id=7068, stack(0x0000005df8d00000,0x0000005df8e00000)]
  0x00000215082f0000 JavaThread "Incoming local TCP Connector on port 1320" [_thread_in_native, id=19340, stack(0x0000005df8600000,0x0000005df8700000)]
  0x00000215082eb000 JavaThread "Daemon periodic checks" [_thread_blocked, id=14740, stack(0x0000005df8700000,0x0000005df8800000)]
  0x00000215082f1800 JavaThread "Daemon" [_thread_blocked, id=21248, stack(0x0000005df8e00000,0x0000005df8f00000)]
  0x00000215082ec000 JavaThread "Handler for socket connection from /127.0.0.1:1320 to /127.0.0.1:1321" [_thread_in_native, id=16048, stack(0x0000005df8f00000,0x0000005df9000000)]
  0x00000215082ed800 JavaThread "Cancel handler" [_thread_blocked, id=19160, stack(0x0000005df9000000,0x0000005df9100000)]
  0x00000215082f0800 JavaThread "Daemon worker" [_thread_blocked, id=22048, stack(0x0000005df9100000,0x0000005df9200000)]
  0x00000215082ec800 JavaThread "Asynchronous log dispatcher for DefaultDaemonConnection: socket connection from /127.0.0.1:1320 to /127.0.0.1:1321" [_thread_blocked, id=19668, stack(0x0000005df9200000,0x0000005df9300000)]
  0x00000215082ee800 JavaThread "Stdin handler" [_thread_blocked, id=148, stack(0x0000005df9300000,0x0000005df9400000)]
  0x0000021508358000 JavaThread "Daemon client event forwarder" [_thread_blocked, id=8732, stack(0x0000005df9400000,0x0000005df9500000)]
  0x0000021508355800 JavaThread "Cache worker for file hash cache (C:\Users\Mr Viz\.gradle\caches\7.0.2\fileHashes)" [_thread_blocked, id=13680, stack(0x0000005df9500000,0x0000005df9600000)]
  0x0000021508356000 JavaThread "File lock request listener" [_thread_in_native, id=21736, stack(0x0000005df9600000,0x0000005df9700000)]
  0x0000021508353000 JavaThread "Cache worker for journal cache (C:\Users\Mr Viz\.gradle\caches\journal-1)" [_thread_blocked, id=9064, stack(0x0000005df9a00000,0x0000005df9b00000)]
  0x0000021506efc800 JavaThread "C2 CompilerThread1" daemon [_thread_in_vm, id=11028, stack(0x0000005df9b00000,0x0000005df9c00000)]
  0x0000021508357000 JavaThread "Cache worker for file hash cache (A:\Android\around_device_positioning_prototype\.gradle\7.0.2\fileHashes)" [_thread_blocked, id=22380, stack(0x0000005df9d00000,0x0000005df9e00000)]
  0x0000021508359800 JavaThread "File watcher server" daemon [_thread_in_native, id=19952, stack(0x0000005df9e00000,0x0000005df9f00000)]
  0x0000021508354000 JavaThread "File watcher consumer" daemon [_thread_blocked, id=18616, stack(0x0000005df9f00000,0x0000005dfa000000)]
  0x0000021508358800 JavaThread "Cache worker for checksums cache (A:\Android\around_device_positioning_prototype\.gradle\checksums)" [_thread_blocked, id=18296, stack(0x0000005dfa000000,0x0000005dfa100000)]
  0x000002150835a800 JavaThread "Cache worker for cache directory md-supplier (C:\Users\Mr Viz\.gradle\caches\7.0.2\md-supplier)" [_thread_blocked, id=22028, stack(0x0000005dfa100000,0x0000005dfa200000)]
  0x0000021508354800 JavaThread "Cache worker for cache directory md-rule (C:\Users\Mr Viz\.gradle\caches\7.0.2\md-rule)" [_thread_blocked, id=1096, stack(0x0000005dfa200000,0x0000005dfa300000)]
  0x000002150835d000 JavaThread "Cache worker for execution history cache (C:\Users\Mr Viz\.gradle\caches\7.0.2\executionHistory)" [_thread_blocked, id=22372, stack(0x0000005dfa300000,0x0000005dfa400000)]
  0x000002150835c000 JavaThread "jar transforms" [_thread_blocked, id=21800, stack(0x0000005dfa400000,0x0000005dfa500000)]
  0x000002150835f000 JavaThread "jar transforms Thread 2" [_thread_blocked, id=13324, stack(0x0000005dfa500000,0x0000005dfa600000)]
  0x000002150835e800 JavaThread "Cache worker for file content cache (C:\Users\Mr Viz\.gradle\caches\7.0.2\fileContent)" [_thread_blocked, id=20192, stack(0x0000005dfa600000,0x0000005dfa700000)]
  0x0000021508360000 JavaThread "Cache worker for dependencies-accessors (A:\Android\around_device_positioning_prototype\.gradle\7.0.2\dependencies-accessors)" [_thread_blocked, id=20152, stack(0x0000005dfa700000,0x0000005dfa800000)]
  0x0000021508361000 JavaThread "jar transforms Thread 3" [_thread_blocked, id=17328, stack(0x0000005dfa800000,0x0000005dfa900000)]
  0x0000021508361800 JavaThread "Cache worker for Build Output Cleanup Cache (A:\Android\around_device_positioning_prototype\.gradle\buildOutputCleanup)" [_thread_blocked, id=8616, stack(0x0000005dfa900000,0x0000005dfaa00000)]
  0x000002150b19c000 JavaThread "Build operations" [_thread_blocked, id=20372, stack(0x0000005dfaa00000,0x0000005dfab00000)]
  0x000002150b19b800 JavaThread "Build operations Thread 2" [_thread_blocked, id=19084, stack(0x0000005dfab00000,0x0000005dfac00000)]
  0x000002150b199000 JavaThread "Build operations Thread 3" [_thread_blocked, id=14468, stack(0x0000005dfac00000,0x0000005dfad00000)]
  0x000002150b19d000 JavaThread "Build operations Thread 4" [_thread_blocked, id=1800, stack(0x0000005dfad00000,0x0000005dfae00000)]
  0x000002150b199800 JavaThread "Build operations Thread 5" [_thread_blocked, id=2508, stack(0x0000005dfae00000,0x0000005dfaf00000)]
  0x000002150b19a800 JavaThread "Build operations Thread 6" [_thread_blocked, id=8804, stack(0x0000005dfaf00000,0x0000005dfb000000)]
  0x000002150b198000 JavaThread "Build operations Thread 7" [_thread_blocked, id=1736, stack(0x0000005dfb000000,0x0000005dfb100000)]
  0x000002150b19e800 JavaThread "Build operations Thread 8" [_thread_blocked, id=18876, stack(0x0000005dfb100000,0x0000005dfb200000)]
  0x000002150b1a0000 JavaThread "jar transforms Thread 4" [_thread_blocked, id=14164, stack(0x0000005dfb200000,0x0000005dfb300000)]
  0x000002150b19e000 JavaThread "jar transforms Thread 5" [_thread_blocked, id=19212, stack(0x0000005dfb300000,0x0000005dfb400000)]
  0x000002150b1a3800 JavaThread "jar transforms Thread 6" [_thread_blocked, id=9396, stack(0x0000005dfb400000,0x0000005dfb500000)]
  0x000002150b1a5000 JavaThread "jar transforms Thread 7" [_thread_blocked, id=12976, stack(0x0000005dfb500000,0x0000005dfb600000)]
  0x000002150b1a1000 JavaThread "jar transforms Thread 8" [_thread_blocked, id=18708, stack(0x0000005dfb600000,0x0000005dfb700000)]
  0x00000215082e9000 JavaThread "C2 CompilerThread2" daemon [_thread_in_native, id=10640, stack(0x0000005df9c00000,0x0000005df9d00000)]
  0x000002150b19f800 JavaThread "Memory manager" [_thread_blocked, id=13044, stack(0x0000005dfb700000,0x0000005dfb800000)]
  0x000002150b1a2800 JavaThread "build event listener" [_thread_blocked, id=21788, stack(0x0000005dfba00000,0x0000005dfbb00000)]
  0x000002150e8eb000 JavaThread "Execution worker for ':'" [_thread_blocked, id=21088, stack(0x0000005dfbb00000,0x0000005dfbc00000)]
  0x000002150e8ec000 JavaThread "Execution worker for ':' Thread 2" [_thread_blocked, id=8092, stack(0x0000005dfbc00000,0x0000005dfbd00000)]
  0x000002150e8ed000 JavaThread "Execution worker for ':' Thread 3" [_thread_blocked, id=4964, stack(0x0000005dfbd00000,0x0000005dfbe00000)]
  0x000002150e8ea800 JavaThread "Execution worker for ':' Thread 4" [_thread_blocked, id=15676, stack(0x0000005dfbe00000,0x0000005dfbf00000)]
  0x000002150e8ed800 JavaThread "Execution worker for ':' Thread 5" [_thread_blocked, id=20888, stack(0x0000005dfbf00000,0x0000005dfc000000)]
  0x000002150e8ee800 JavaThread "Execution worker for ':' Thread 6" [_thread_blocked, id=5548, stack(0x0000005dfc000000,0x0000005dfc100000)]
  0x000002150e8e9000 JavaThread "Execution worker for ':' Thread 7" [_thread_blocked, id=3500, stack(0x0000005dfc100000,0x0000005dfc200000)]
  0x000002150e8ef800 JavaThread "Cache worker for execution history cache (A:\Android\around_device_positioning_prototype\.gradle\7.0.2\executionHistory)" [_thread_blocked, id=4900, stack(0x0000005dfc200000,0x0000005dfc300000)]
  0x000002150e8e9800 JavaThread "WorkerExecutor Queue" [_thread_in_vm, id=22508, stack(0x0000005dfc300000,0x0000005dfc400000)]
  0x000002150e8f6000 JavaThread "WorkerExecutor Queue Thread 2" [_thread_blocked, id=19624, stack(0x0000005dfc400000,0x0000005dfc500000)]

Other Threads:
  0x000002157fa9d000 VMThread "VM Thread" [stack: 0x0000005df7b00000,0x0000005df7c00000] [id=13332]
  0x000002157fc81000 WatcherThread [stack: 0x0000005df8500000,0x0000005df8600000] [id=20604]
  0x0000021568e2b800 GCTaskThread "GC Thread#0" [stack: 0x0000005df7600000,0x0000005df7700000] [id=17252]
  0x0000021506b17800 GCTaskThread "GC Thread#1" [stack: 0x0000005df8800000,0x0000005df8900000] [id=12144]
  0x0000021506b18800 GCTaskThread "GC Thread#2" [stack: 0x0000005df8900000,0x0000005df8a00000] [id=22244]
  0x0000021506ba1800 GCTaskThread "GC Thread#3" [stack: 0x0000005df8a00000,0x0000005df8b00000] [id=8496]
  0x0000021506ba2800 GCTaskThread "GC Thread#4" [stack: 0x0000005df8b00000,0x0000005df8c00000] [id=5080]
  0x0000021506b02800 GCTaskThread "GC Thread#5" [stack: 0x0000005df8c00000,0x0000005df8d00000] [id=600]
  0x0000021508b67000 GCTaskThread "GC Thread#6" [stack: 0x0000005df9700000,0x0000005df9800000] [id=5768]
  0x0000021507343800 GCTaskThread "GC Thread#7" [stack: 0x0000005df9800000,0x0000005df9900000] [id=20904]
  0x0000021568e5d800 ConcurrentGCThread "G1 Main Marker" [stack: 0x0000005df7700000,0x0000005df7800000] [id=19884]
  0x0000021568e5e800 ConcurrentGCThread "G1 Conc#0" [stack: 0x0000005df7800000,0x0000005df7900000] [id=868]
  0x00000215076a4800 ConcurrentGCThread "G1 Conc#1" [stack: 0x0000005df9900000,0x0000005df9a00000] [id=3684]
  0x000002157f0ef000 ConcurrentGCThread "G1 Refine#0" [stack: 0x0000005df7900000,0x0000005df7a00000] [id=16080]
  0x0000021509972000 ConcurrentGCThread "G1 Refine#1" [stack: 0x0000005dfb800000,0x0000005dfb900000] [id=12540]
  0x0000021509975800 ConcurrentGCThread "G1 Refine#2" [stack: 0x0000005dfb900000,0x0000005dfba00000] [id=11700]
  0x000002157f0f0000 ConcurrentGCThread "G1 Young RemSet Sampling" [stack: 0x0000005df7a00000,0x0000005df7b00000] [id=8548]

Threads with active compile tasks:
C2 CompilerThread0  14223 9279       4       org.gradle.internal.snapshot.DirectorySnapshot$$Lambda$1002/0x0000000100aec040::accept (20 bytes)
C2 CompilerThread1  14223 9931       4       java.util.stream.ReferencePipeline::map (26 bytes)
C2 CompilerThread2  14223 9998       4       org.gradle.internal.snapshot.VfsRelativePath::lengthOfCommonPrefix (173 bytes)

VM state:not at safepoint (normal execution)

VM Mutex/Monitor currently owned by a thread: None

Heap address: 0x0000000080000000, size: 2048 MB, Compressed Oops mode: 32-bit
Narrow klass base: 0x0000000000000000, Narrow klass shift: 3
Compressed class space size: 1073741824 Address: 0x0000000100000000

Heap:
 garbage-first heap   total 260096K, used 201562K [0x0000000080000000, 0x0000000100000000)
  region size 1024K, 136 young (139264K), 16 survivors (16384K)
 Metaspace       used 85684K, capacity 87991K, committed 88268K, reserved 1126400K
  class space    used 11130K, capacity 11927K, committed 11980K, reserved 1048576K
Heap Regions: E=young(eden), S=young(survivor), O=old, HS=humongous(starts), HC=humongous(continues), CS=collection set, F=free, A=archive, TAMS=top-at-mark-start (previous, next)
|   0|0x0000000080000000, 0x0000000080100000, 0x0000000080100000|100%| O|  |TAMS 0x0000000080100000, 0x0000000080000000| Untracked 
|   1|0x0000000080100000, 0x0000000080200000, 0x0000000080200000|100%| O|  |TAMS 0x0000000080200000, 0x0000000080100000| Untracked 
|   2|0x0000000080200000, 0x0000000080300000, 0x0000000080300000|100%| O|  |TAMS 0x0000000080300000, 0x0000000080200000| Untracked 
|   3|0x0000000080300000, 0x0000000080400000, 0x0000000080400000|100%|HS|  |TAMS 0x0000000080400000, 0x0000000080300000| Complete 
|   4|0x0000000080400000, 0x0000000080500000, 0x0000000080500000|100%|HC|  |TAMS 0x0000000080500000, 0x0000000080400000| Complete 
|   5|0x0000000080500000, 0x0000000080600000, 0x0000000080600000|100%|HC|  |TAMS 0x0000000080600000, 0x0000000080500000| Complete 
|   6|0x0000000080600000, 0x0000000080700000, 0x0000000080700000|100%| O|  |TAMS 0x0000000080700000, 0x0000000080600000| Untracked 
|   7|0x0000000080700000, 0x0000000080800000, 0x0000000080800000|100%| O|  |TAMS 0x0000000080800000, 0x0000000080700000| Untracked 
|   8|0x0000000080800000, 0x0000000080900000, 0x0000000080900000|100%| O|  |TAMS 0x0000000080900000, 0x0000000080800000| Untracked 
|   9|0x0000000080900000, 0x0000000080a00000, 0x0000000080a00000|100%| O|  |TAMS 0x0000000080a00000, 0x0000000080900000| Untracked 
|  10|0x0000000080a00000, 0x0000000080b00000, 0x0000000080b00000|100%| O|  |TAMS 0x0000000080b00000, 0x0000000080a00000| Untracked 
|  11|0x0000000080b00000, 0x0000000080c00000, 0x0000000080c00000|100%| O|  |TAMS 0x0000000080c00000, 0x0000000080b00000| Untracked 
|  12|0x0000000080c00000, 0x0000000080d00000, 0x0000000080d00000|100%| O|  |TAMS 0x0000000080d00000, 0x0000000080c00000| Untracked 
|  13|0x0000000080d00000, 0x0000000080e00000, 0x0000000080e00000|100%| O|  |TAMS 0x0000000080e00000, 0x0000000080d00000| Untracked 
|  14|0x0000000080e00000, 0x0000000080f00000, 0x0000000080f00000|100%| O|  |TAMS 0x0000000080f00000, 0x0000000080e00000| Untracked 
|  15|0x0000000080f00000, 0x0000000081000000, 0x0000000081000000|100%| O|  |TAMS 0x0000000081000000, 0x0000000080f00000| Untracked 
|  16|0x0000000081000000, 0x0000000081100000, 0x0000000081100000|100%|HS|  |TAMS 0x0000000081100000, 0x0000000081000000| Complete 
|  17|0x0000000081100000, 0x0000000081200000, 0x0000000081200000|100%|HS|  |TAMS 0x0000000081200000, 0x0000000081100000| Complete 
|  18|0x0000000081200000, 0x0000000081300000, 0x0000000081300000|100%|HS|  |TAMS 0x0000000081300000, 0x0000000081200000| Complete 
|  19|0x0000000081300000, 0x0000000081400000, 0x0000000081400000|100%|HC|  |TAMS 0x0000000081400000, 0x0000000081300000| Complete 
|  20|0x0000000081400000, 0x0000000081500000, 0x0000000081500000|100%| O|  |TAMS 0x0000000081500000, 0x0000000081400000| Untracked 
|  21|0x0000000081500000, 0x0000000081600000, 0x0000000081600000|100%| O|  |TAMS 0x0000000081600000, 0x0000000081500000| Untracked 
|  22|0x0000000081600000, 0x0000000081700000, 0x0000000081700000|100%| O|  |TAMS 0x0000000081700000, 0x0000000081600000| Untracked 
|  23|0x0000000081700000, 0x0000000081800000, 0x0000000081800000|100%| O|  |TAMS 0x00000000817d8000, 0x0000000081700000| Untracked 
|  24|0x0000000081800000, 0x0000000081900000, 0x0000000081900000|100%|HS|  |TAMS 0x0000000081800000, 0x0000000081800000| Complete 
|  25|0x0000000081900000, 0x0000000081a00000, 0x0000000081a00000|100%| O|  |TAMS 0x0000000081900000, 0x0000000081900000| Untracked 
|  26|0x0000000081a00000, 0x0000000081b00000, 0x0000000081b00000|100%| O|  |TAMS 0x0000000081a00000, 0x0000000081a00000| Untracked 
|  27|0x0000000081b00000, 0x0000000081c00000, 0x0000000081c00000|100%| O|  |TAMS 0x0000000081b00000, 0x0000000081b00000| Untracked 
|  28|0x0000000081c00000, 0x0000000081d00000, 0x0000000081d00000|100%| O|  |TAMS 0x0000000081c00000, 0x0000000081c00000| Untracked 
|  29|0x0000000081d00000, 0x0000000081e00000, 0x0000000081e00000|100%| O|  |TAMS 0x0000000081d00000, 0x0000000081d00000| Untracked 
|  30|0x0000000081e00000, 0x0000000081f00000, 0x0000000081f00000|100%| O|  |TAMS 0x0000000081e00000, 0x0000000081e00000| Untracked 
|  31|0x0000000081f00000, 0x0000000082000000, 0x0000000082000000|100%| O|  |TAMS 0x0000000081f00000, 0x0000000081f00000| Untracked 
|  32|0x0000000082000000, 0x0000000082100000, 0x0000000082100000|100%| O|  |TAMS 0x0000000082000000, 0x0000000082000000| Untracked 
|  33|0x0000000082100000, 0x0000000082200000, 0x0000000082200000|100%| O|  |TAMS 0x0000000082100000, 0x0000000082100000| Untracked 
|  34|0x0000000082200000, 0x0000000082300000, 0x0000000082300000|100%| O|  |TAMS 0x0000000082200000, 0x0000000082200000| Untracked 
|  35|0x0000000082300000, 0x0000000082400000, 0x0000000082400000|100%| O|  |TAMS 0x0000000082300000, 0x0000000082300000| Untracked 
|  36|0x0000000082400000, 0x0000000082500000, 0x0000000082500000|100%| O|  |TAMS 0x0000000082400000, 0x0000000082400000| Untracked 
|  37|0x0000000082500000, 0x0000000082600000, 0x0000000082600000|100%| O|  |TAMS 0x0000000082500000, 0x0000000082500000| Untracked 
|  38|0x0000000082600000, 0x0000000082700000, 0x0000000082700000|100%| O|  |TAMS 0x0000000082600000, 0x0000000082600000| Untracked 
|  39|0x0000000082700000, 0x0000000082800000, 0x0000000082800000|100%| O|  |TAMS 0x0000000082700000, 0x0000000082700000| Untracked 
|  40|0x0000000082800000, 0x0000000082900000, 0x0000000082900000|100%| O|  |TAMS 0x0000000082800000, 0x0000000082800000| Untracked 
|  41|0x0000000082900000, 0x0000000082a00000, 0x0000000082a00000|100%| O|  |TAMS 0x0000000082900000, 0x0000000082900000| Untracked 
|  42|0x0000000082a00000, 0x0000000082b00000, 0x0000000082b00000|100%| O|  |TAMS 0x0000000082a00000, 0x0000000082a00000| Untracked 
|  43|0x0000000082b00000, 0x0000000082c00000, 0x0000000082c00000|100%| O|  |TAMS 0x0000000082b00000, 0x0000000082b00000| Untracked 
|  44|0x0000000082c00000, 0x0000000082d00000, 0x0000000082d00000|100%| O|  |TAMS 0x0000000082c00000, 0x0000000082c00000| Untracked 
|  45|0x0000000082d00000, 0x0000000082e00000, 0x0000000082e00000|100%| O|  |TAMS 0x0000000082d00000, 0x0000000082d00000| Untracked 
|  46|0x0000000082e00000, 0x0000000082f00000, 0x0000000082f00000|100%| O|  |TAMS 0x0000000082e00000, 0x0000000082e00000| Untracked 
|  47|0x0000000082f00000, 0x0000000083000000, 0x0000000083000000|100%| O|  |TAMS 0x0000000082f00000, 0x0000000082f00000| Untracked 
|  48|0x0000000083000000, 0x0000000083100000, 0x0000000083100000|100%| O|  |TAMS 0x0000000083000000, 0x0000000083000000| Untracked 
|  49|0x0000000083100000, 0x0000000083200000, 0x0000000083200000|100%| O|  |TAMS 0x0000000083100000, 0x0000000083100000| Untracked 
|  50|0x0000000083200000, 0x0000000083300000, 0x0000000083300000|100%| O|  |TAMS 0x0000000083200000, 0x0000000083200000| Untracked 
|  51|0x0000000083300000, 0x0000000083400000, 0x0000000083400000|100%| O|  |TAMS 0x0000000083300000, 0x0000000083300000| Untracked 
|  52|0x0000000083400000, 0x0000000083500000, 0x0000000083500000|100%| O|  |TAMS 0x0000000083400000, 0x0000000083400000| Untracked 
|  53|0x0000000083500000, 0x0000000083600000, 0x0000000083600000|100%| O|  |TAMS 0x0000000083500000, 0x0000000083500000| Untracked 
|  54|0x0000000083600000, 0x000000008364b000, 0x0000000083700000| 29%| O|  |TAMS 0x0000000083600000, 0x0000000083600000| Untracked 
|  55|0x0000000083700000, 0x0000000083800000, 0x0000000083800000|100%|HS|  |TAMS 0x0000000083700000, 0x0000000083700000| Complete 
|  56|0x0000000083800000, 0x0000000083900000, 0x0000000083900000|100%|HC|  |TAMS 0x0000000083800000, 0x0000000083800000| Complete 
|  57|0x0000000083900000, 0x0000000083a00000, 0x0000000083a00000|100%|HS|  |TAMS 0x0000000083900000, 0x0000000083900000| Complete 
|  58|0x0000000083a00000, 0x0000000083b00000, 0x0000000083b00000|100%|HS|  |TAMS 0x0000000083a00000, 0x0000000083a00000| Complete 
|  59|0x0000000083b00000, 0x0000000083c00000, 0x0000000083c00000|100%|HC|  |TAMS 0x0000000083b00000, 0x0000000083b00000| Complete 
|  60|0x0000000083c00000, 0x0000000083d00000, 0x0000000083d00000|100%|HS|  |TAMS 0x0000000083c00000, 0x0000000083c00000| Complete 
|  61|0x0000000083d00000, 0x0000000083e00000, 0x0000000083e00000|100%|HC|  |TAMS 0x0000000083d00000, 0x0000000083d00000| Complete 
|  62|0x0000000083e00000, 0x0000000083f00000, 0x0000000083f00000|100%|HS|  |TAMS 0x0000000083e00000, 0x0000000083e00000| Complete 
|  63|0x0000000083f00000, 0x0000000084000000, 0x0000000084000000|100%|HS|  |TAMS 0x0000000083f00000, 0x0000000083f00000| Complete 
|  64|0x0000000084000000, 0x0000000084000000, 0x0000000084100000|  0%| F|  |TAMS 0x0000000084000000, 0x0000000084000000| Untracked 
|  65|0x0000000084100000, 0x0000000084100000, 0x0000000084200000|  0%| F|  |TAMS 0x0000000084100000, 0x0000000084100000| Untracked 
|  66|0x0000000084200000, 0x0000000084200000, 0x0000000084300000|  0%| F|  |TAMS 0x0000000084200000, 0x0000000084200000| Untracked 
|  67|0x0000000084300000, 0x0000000084300000, 0x0000000084400000|  0%| F|  |TAMS 0x0000000084300000, 0x0000000084300000| Untracked 
|  68|0x0000000084400000, 0x0000000084400000, 0x0000000084500000|  0%| F|  |TAMS 0x0000000084400000, 0x0000000084400000| Untracked 
|  69|0x0000000084500000, 0x0000000084500000, 0x0000000084600000|  0%| F|  |TAMS 0x0000000084500000, 0x0000000084500000| Untracked 
|  70|0x0000000084600000, 0x0000000084600000, 0x0000000084700000|  0%| F|  |TAMS 0x0000000084600000, 0x0000000084600000| Untracked 
|  71|0x0000000084700000, 0x0000000084700000, 0x0000000084800000|  0%| F|  |TAMS 0x0000000084700000, 0x0000000084700000| Untracked 
|  72|0x0000000084800000, 0x0000000084800000, 0x0000000084900000|  0%| F|  |TAMS 0x0000000084800000, 0x0000000084800000| Untracked 
|  73|0x0000000084900000, 0x0000000084900000, 0x0000000084a00000|  0%| F|  |TAMS 0x0000000084900000, 0x0000000084900000| Untracked 
|  74|0x0000000084a00000, 0x0000000084a00000, 0x0000000084b00000|  0%| F|  |TAMS 0x0000000084a00000, 0x0000000084a00000| Untracked 
|  75|0x0000000084b00000, 0x0000000084b00000, 0x0000000084c00000|  0%| F|  |TAMS 0x0000000084b00000, 0x0000000084b00000| Untracked 
|  76|0x0000000084c00000, 0x0000000084c00000, 0x0000000084d00000|  0%| F|  |TAMS 0x0000000084c00000, 0x0000000084c00000| Untracked 
|  77|0x0000000084d00000, 0x0000000084d00000, 0x0000000084e00000|  0%| F|  |TAMS 0x0000000084d00000, 0x0000000084d00000| Untracked 
|  78|0x0000000084e00000, 0x0000000084e00000, 0x0000000084f00000|  0%| F|  |TAMS 0x0000000084e00000, 0x0000000084e00000| Untracked 
|  79|0x0000000084f00000, 0x0000000084f00000, 0x0000000085000000|  0%| F|  |TAMS 0x0000000084f00000, 0x0000000084f00000| Untracked 
|  80|0x0000000085000000, 0x0000000085000000, 0x0000000085100000|  0%| F|  |TAMS 0x0000000085000000, 0x0000000085000000| Untracked 
|  81|0x0000000085100000, 0x0000000085100000, 0x0000000085200000|  0%| F|  |TAMS 0x0000000085100000, 0x0000000085100000| Untracked 
|  82|0x0000000085200000, 0x0000000085200000, 0x0000000085300000|  0%| F|  |TAMS 0x0000000085200000, 0x0000000085200000| Untracked 
|  83|0x0000000085300000, 0x0000000085300000, 0x0000000085400000|  0%| F|  |TAMS 0x0000000085300000, 0x0000000085300000| Untracked 
|  84|0x0000000085400000, 0x0000000085400000, 0x0000000085500000|  0%| F|  |TAMS 0x0000000085400000, 0x0000000085400000| Untracked 
|  85|0x0000000085500000, 0x0000000085500000, 0x0000000085600000|  0%| F|  |TAMS 0x0000000085500000, 0x0000000085500000| Untracked 
|  86|0x0000000085600000, 0x0000000085600000, 0x0000000085700000|  0%| F|  |TAMS 0x0000000085600000, 0x0000000085600000| Untracked 
|  87|0x0000000085700000, 0x0000000085700000, 0x0000000085800000|  0%| F|  |TAMS 0x0000000085700000, 0x0000000085700000| Untracked 
|  88|0x0000000085800000, 0x0000000085800000, 0x0000000085900000|  0%| F|  |TAMS 0x0000000085800000, 0x0000000085800000| Untracked 
|  89|0x0000000085900000, 0x0000000085900000, 0x0000000085a00000|  0%| F|  |TAMS 0x0000000085900000, 0x0000000085900000| Untracked 
|  90|0x0000000085a00000, 0x0000000085a00000, 0x0000000085b00000|  0%| F|  |TAMS 0x0000000085a00000, 0x0000000085a00000| Untracked 
|  91|0x0000000085b00000, 0x0000000085b00000, 0x0000000085c00000|  0%| F|  |TAMS 0x0000000085b00000, 0x0000000085b00000| Untracked 
|  92|0x0000000085c00000, 0x0000000085c00000, 0x0000000085d00000|  0%| F|  |TAMS 0x0000000085c00000, 0x0000000085c00000| Untracked 
|  93|0x0000000085d00000, 0x0000000085d00000, 0x0000000085e00000|  0%| F|  |TAMS 0x0000000085d00000, 0x0000000085d00000| Untracked 
|  94|0x0000000085e00000, 0x0000000085e00000, 0x0000000085f00000|  0%| F|  |TAMS 0x0000000085e00000, 0x0000000085e00000| Untracked 
|  95|0x0000000085f00000, 0x0000000085f00000, 0x0000000086000000|  0%| F|  |TAMS 0x0000000085f00000, 0x0000000085f00000| Untracked 
|  96|0x0000000086000000, 0x0000000086000000, 0x0000000086100000|  0%| F|  |TAMS 0x0000000086000000, 0x0000000086000000| Untracked 
|  97|0x0000000086100000, 0x0000000086100000, 0x0000000086200000|  0%| F|  |TAMS 0x0000000086100000, 0x0000000086100000| Untracked 
|  98|0x0000000086200000, 0x0000000086200000, 0x0000000086300000|  0%| F|  |TAMS 0x0000000086200000, 0x0000000086200000| Untracked 
|  99|0x0000000086300000, 0x0000000086300000, 0x0000000086400000|  0%| F|  |TAMS 0x0000000086300000, 0x0000000086300000| Untracked 
| 100|0x0000000086400000, 0x0000000086400000, 0x0000000086500000|  0%| F|  |TAMS 0x0000000086400000, 0x0000000086400000| Untracked 
| 101|0x0000000086500000, 0x0000000086500000, 0x0000000086600000|  0%| F|  |TAMS 0x0000000086500000, 0x0000000086500000| Untracked 
| 102|0x0000000086600000, 0x0000000086600000, 0x0000000086700000|  0%| F|  |TAMS 0x0000000086600000, 0x0000000086600000| Untracked 
| 103|0x0000000086700000, 0x000000008678ba50, 0x0000000086800000| 54%| S|CS|TAMS 0x0000000086700000, 0x0000000086700000| Complete 
| 104|0x0000000086800000, 0x0000000086900000, 0x0000000086900000|100%| S|CS|TAMS 0x0000000086800000, 0x0000000086800000| Complete 
| 105|0x0000000086900000, 0x0000000086a00000, 0x0000000086a00000|100%| S|CS|TAMS 0x0000000086900000, 0x0000000086900000| Complete 
| 106|0x0000000086a00000, 0x0000000086b00000, 0x0000000086b00000|100%| S|CS|TAMS 0x0000000086a00000, 0x0000000086a00000| Complete 
| 107|0x0000000086b00000, 0x0000000086c00000, 0x0000000086c00000|100%| S|CS|TAMS 0x0000000086b00000, 0x0000000086b00000| Complete 
| 108|0x0000000086c00000, 0x0000000086d00000, 0x0000000086d00000|100%| S|CS|TAMS 0x0000000086c00000, 0x0000000086c00000| Complete 
| 109|0x0000000086d00000, 0x0000000086e00000, 0x0000000086e00000|100%| S|CS|TAMS 0x0000000086d00000, 0x0000000086d00000| Complete 
| 110|0x0000000086e00000, 0x0000000086f00000, 0x0000000086f00000|100%| S|CS|TAMS 0x0000000086e00000, 0x0000000086e00000| Complete 
| 111|0x0000000086f00000, 0x0000000087000000, 0x0000000087000000|100%| S|CS|TAMS 0x0000000086f00000, 0x0000000086f00000| Complete 
| 112|0x0000000087000000, 0x0000000087100000, 0x0000000087100000|100%| S|CS|TAMS 0x0000000087000000, 0x0000000087000000| Complete 
| 113|0x0000000087100000, 0x0000000087100000, 0x0000000087200000|  0%| F|  |TAMS 0x0000000087100000, 0x0000000087100000| Untracked 
| 114|0x0000000087200000, 0x0000000087200000, 0x0000000087300000|  0%| F|  |TAMS 0x0000000087200000, 0x0000000087200000| Untracked 
| 115|0x0000000087300000, 0x0000000087300000, 0x0000000087400000|  0%| F|  |TAMS 0x0000000087300000, 0x0000000087300000| Untracked 
| 116|0x0000000087400000, 0x0000000087500000, 0x0000000087500000|100%| S|CS|TAMS 0x0000000087400000, 0x0000000087400000| Complete 
| 117|0x0000000087500000, 0x0000000087600000, 0x0000000087600000|100%| S|CS|TAMS 0x0000000087500000, 0x0000000087500000| Complete 
| 118|0x0000000087600000, 0x0000000087700000, 0x0000000087700000|100%| S|CS|TAMS 0x0000000087600000, 0x0000000087600000| Complete 
| 119|0x0000000087700000, 0x0000000087800000, 0x0000000087800000|100%| S|CS|TAMS 0x0000000087700000, 0x0000000087700000| Complete 
| 120|0x0000000087800000, 0x0000000087900000, 0x0000000087900000|100%| S|CS|TAMS 0x0000000087800000, 0x0000000087800000| Complete 
| 121|0x0000000087900000, 0x0000000087a00000, 0x0000000087a00000|100%| S|CS|TAMS 0x0000000087900000, 0x0000000087900000| Complete 
| 122|0x0000000087a00000, 0x0000000087a00000, 0x0000000087b00000|  0%| F|  |TAMS 0x0000000087a00000, 0x0000000087a00000| Untracked 
| 123|0x0000000087b00000, 0x0000000087b00000, 0x0000000087c00000|  0%| F|  |TAMS 0x0000000087b00000, 0x0000000087b00000| Untracked 
| 124|0x0000000087c00000, 0x0000000087c00000, 0x0000000087d00000|  0%| F|  |TAMS 0x0000000087c00000, 0x0000000087c00000| Untracked 
| 125|0x0000000087d00000, 0x0000000087d00000, 0x0000000087e00000|  0%| F|  |TAMS 0x0000000087d00000, 0x0000000087d00000| Untracked 
| 126|0x0000000087e00000, 0x0000000087e00000, 0x0000000087f00000|  0%| F|  |TAMS 0x0000000087e00000, 0x0000000087e00000| Untracked 
| 127|0x0000000087f00000, 0x0000000087f00000, 0x0000000088000000|  0%| F|  |TAMS 0x0000000087f00000, 0x0000000087f00000| Untracked 
| 128|0x0000000088000000, 0x0000000088000000, 0x0000000088100000|  0%| F|  |TAMS 0x0000000088000000, 0x0000000088000000| Untracked 
| 129|0x0000000088100000, 0x0000000088100000, 0x0000000088200000|  0%| F|  |TAMS 0x0000000088100000, 0x0000000088100000| Untracked 
| 130|0x0000000088200000, 0x0000000088200000, 0x0000000088300000|  0%| F|  |TAMS 0x0000000088200000, 0x0000000088200000| Untracked 
| 131|0x0000000088300000, 0x0000000088300000, 0x0000000088400000|  0%| F|  |TAMS 0x0000000088300000, 0x0000000088300000| Untracked 
| 132|0x0000000088400000, 0x0000000088400000, 0x0000000088500000|  0%| F|  |TAMS 0x0000000088400000, 0x0000000088400000| Untracked 
| 133|0x0000000088500000, 0x000000008854a568, 0x0000000088600000| 29%| E|  |TAMS 0x0000000088500000, 0x0000000088500000| Complete 
| 134|0x0000000088600000, 0x0000000088700000, 0x0000000088700000|100%| E|CS|TAMS 0x0000000088600000, 0x0000000088600000| Complete 
| 135|0x0000000088700000, 0x0000000088800000, 0x0000000088800000|100%| E|CS|TAMS 0x0000000088700000, 0x0000000088700000| Complete 
| 136|0x0000000088800000, 0x0000000088900000, 0x0000000088900000|100%| E|CS|TAMS 0x0000000088800000, 0x0000000088800000| Complete 
| 137|0x0000000088900000, 0x0000000088a00000, 0x0000000088a00000|100%| E|CS|TAMS 0x0000000088900000, 0x0000000088900000| Complete 
| 138|0x0000000088a00000, 0x0000000088b00000, 0x0000000088b00000|100%| E|  |TAMS 0x0000000088a00000, 0x0000000088a00000| Complete 
| 139|0x0000000088b00000, 0x0000000088c00000, 0x0000000088c00000|100%| E|CS|TAMS 0x0000000088b00000, 0x0000000088b00000| Complete 
| 140|0x0000000088c00000, 0x0000000088d00000, 0x0000000088d00000|100%| E|CS|TAMS 0x0000000088c00000, 0x0000000088c00000| Complete 
| 141|0x0000000088d00000, 0x0000000088e00000, 0x0000000088e00000|100%| E|CS|TAMS 0x0000000088d00000, 0x0000000088d00000| Complete 
| 142|0x0000000088e00000, 0x0000000088f00000, 0x0000000088f00000|100%| E|CS|TAMS 0x0000000088e00000, 0x0000000088e00000| Complete 
| 143|0x0000000088f00000, 0x0000000089000000, 0x0000000089000000|100%| E|CS|TAMS 0x0000000088f00000, 0x0000000088f00000| Complete 
| 144|0x0000000089000000, 0x0000000089100000, 0x0000000089100000|100%| E|CS|TAMS 0x0000000089000000, 0x0000000089000000| Complete 
| 145|0x0000000089100000, 0x0000000089200000, 0x0000000089200000|100%| E|CS|TAMS 0x0000000089100000, 0x0000000089100000| Complete 
| 146|0x0000000089200000, 0x0000000089300000, 0x0000000089300000|100%| E|CS|TAMS 0x0000000089200000, 0x0000000089200000| Complete 
| 147|0x0000000089300000, 0x0000000089400000, 0x0000000089400000|100%| E|CS|TAMS 0x0000000089300000, 0x0000000089300000| Complete 
| 148|0x0000000089400000, 0x0000000089500000, 0x0000000089500000|100%| E|CS|TAMS 0x0000000089400000, 0x0000000089400000| Complete 
| 149|0x0000000089500000, 0x0000000089600000, 0x0000000089600000|100%| E|CS|TAMS 0x0000000089500000, 0x0000000089500000| Complete 
| 150|0x0000000089600000, 0x0000000089700000, 0x0000000089700000|100%| E|CS|TAMS 0x0000000089600000, 0x0000000089600000| Complete 
| 151|0x0000000089700000, 0x0000000089800000, 0x0000000089800000|100%| E|CS|TAMS 0x0000000089700000, 0x0000000089700000| Complete 
| 152|0x0000000089800000, 0x0000000089900000, 0x0000000089900000|100%| E|CS|TAMS 0x0000000089800000, 0x0000000089800000| Complete 
| 153|0x0000000089900000, 0x0000000089a00000, 0x0000000089a00000|100%| E|CS|TAMS 0x0000000089900000, 0x0000000089900000| Complete 
| 154|0x0000000089a00000, 0x0000000089b00000, 0x0000000089b00000|100%| E|CS|TAMS 0x0000000089a00000, 0x0000000089a00000| Complete 
| 155|0x0000000089b00000, 0x0000000089c00000, 0x0000000089c00000|100%| E|CS|TAMS 0x0000000089b00000, 0x0000000089b00000| Complete 
| 156|0x0000000089c00000, 0x0000000089d00000, 0x0000000089d00000|100%| E|CS|TAMS 0x0000000089c00000, 0x0000000089c00000| Complete 
| 157|0x0000000089d00000, 0x0000000089e00000, 0x0000000089e00000|100%| E|CS|TAMS 0x0000000089d00000, 0x0000000089d00000| Complete 
| 158|0x0000000089e00000, 0x0000000089f00000, 0x0000000089f00000|100%| E|CS|TAMS 0x0000000089e00000, 0x0000000089e00000| Complete 
| 159|0x0000000089f00000, 0x000000008a000000, 0x000000008a000000|100%| E|CS|TAMS 0x0000000089f00000, 0x0000000089f00000| Complete 
| 160|0x000000008a000000, 0x000000008a100000, 0x000000008a100000|100%| E|CS|TAMS 0x000000008a000000, 0x000000008a000000| Complete 
| 161|0x000000008a100000, 0x000000008a200000, 0x000000008a200000|100%| E|CS|TAMS 0x000000008a100000, 0x000000008a100000| Complete 
| 162|0x000000008a200000, 0x000000008a300000, 0x000000008a300000|100%| E|CS|TAMS 0x000000008a200000, 0x000000008a200000| Complete 
| 163|0x000000008a300000, 0x000000008a400000, 0x000000008a400000|100%| E|CS|TAMS 0x000000008a300000, 0x000000008a300000| Complete 
| 164|0x000000008a400000, 0x000000008a500000, 0x000000008a500000|100%| E|CS|TAMS 0x000000008a400000, 0x000000008a400000| Complete 
| 165|0x000000008a500000, 0x000000008a600000, 0x000000008a600000|100%| E|CS|TAMS 0x000000008a500000, 0x000000008a500000| Complete 
| 166|0x000000008a600000, 0x000000008a700000, 0x000000008a700000|100%| E|CS|TAMS 0x000000008a600000, 0x000000008a600000| Complete 
| 167|0x000000008a700000, 0x000000008a800000, 0x000000008a800000|100%| E|CS|TAMS 0x000000008a700000, 0x000000008a700000| Complete 
| 168|0x000000008a800000, 0x000000008a900000, 0x000000008a900000|100%| E|CS|TAMS 0x000000008a800000, 0x000000008a800000| Complete 
| 169|0x000000008a900000, 0x000000008aa00000, 0x000000008aa00000|100%| E|CS|TAMS 0x000000008a900000, 0x000000008a900000| Complete 
| 170|0x000000008aa00000, 0x000000008ab00000, 0x000000008ab00000|100%| E|CS|TAMS 0x000000008aa00000, 0x000000008aa00000| Complete 
| 171|0x000000008ab00000, 0x000000008ac00000, 0x000000008ac00000|100%| E|CS|TAMS 0x000000008ab00000, 0x000000008ab00000| Complete 
| 172|0x000000008ac00000, 0x000000008ad00000, 0x000000008ad00000|100%| E|CS|TAMS 0x000000008ac00000, 0x000000008ac00000| Complete 
| 173|0x000000008ad00000, 0x000000008ae00000, 0x000000008ae00000|100%| E|CS|TAMS 0x000000008ad00000, 0x000000008ad00000| Complete 
| 174|0x000000008ae00000, 0x000000008af00000, 0x000000008af00000|100%| E|CS|TAMS 0x000000008ae00000, 0x000000008ae00000| Complete 
| 175|0x000000008af00000, 0x000000008b000000, 0x000000008b000000|100%| E|CS|TAMS 0x000000008af00000, 0x000000008af00000| Complete 
| 176|0x000000008b000000, 0x000000008b100000, 0x000000008b100000|100%| E|CS|TAMS 0x000000008b000000, 0x000000008b000000| Complete 
| 177|0x000000008b100000, 0x000000008b200000, 0x000000008b200000|100%| E|CS|TAMS 0x000000008b100000, 0x000000008b100000| Complete 
| 178|0x000000008b200000, 0x000000008b300000, 0x000000008b300000|100%| E|CS|TAMS 0x000000008b200000, 0x000000008b200000| Complete 
| 179|0x000000008b300000, 0x000000008b400000, 0x000000008b400000|100%| E|CS|TAMS 0x000000008b300000, 0x000000008b300000| Complete 
| 180|0x000000008b400000, 0x000000008b500000, 0x000000008b500000|100%| E|CS|TAMS 0x000000008b400000, 0x000000008b400000| Complete 
| 181|0x000000008b500000, 0x000000008b600000, 0x000000008b600000|100%| E|CS|TAMS 0x000000008b500000, 0x000000008b500000| Complete 
| 182|0x000000008b600000, 0x000000008b700000, 0x000000008b700000|100%| E|CS|TAMS 0x000000008b600000, 0x000000008b600000| Complete 
| 183|0x000000008b700000, 0x000000008b800000, 0x000000008b800000|100%| E|CS|TAMS 0x000000008b700000, 0x000000008b700000| Complete 
| 184|0x000000008b800000, 0x000000008b900000, 0x000000008b900000|100%| E|CS|TAMS 0x000000008b800000, 0x000000008b800000| Complete 
| 185|0x000000008b900000, 0x000000008ba00000, 0x000000008ba00000|100%| E|CS|TAMS 0x000000008b900000, 0x000000008b900000| Complete 
| 186|0x000000008ba00000, 0x000000008bb00000, 0x000000008bb00000|100%| E|CS|TAMS 0x000000008ba00000, 0x000000008ba00000| Complete 
| 187|0x000000008bb00000, 0x000000008bc00000, 0x000000008bc00000|100%| E|CS|TAMS 0x000000008bb00000, 0x000000008bb00000| Complete 
| 188|0x000000008bc00000, 0x000000008bd00000, 0x000000008bd00000|100%| E|CS|TAMS 0x000000008bc00000, 0x000000008bc00000| Complete 
| 189|0x000000008bd00000, 0x000000008be00000, 0x000000008be00000|100%| E|CS|TAMS 0x000000008bd00000, 0x000000008bd00000| Complete 
| 190|0x000000008be00000, 0x000000008bf00000, 0x000000008bf00000|100%| E|CS|TAMS 0x000000008be00000, 0x000000008be00000| Complete 
| 191|0x000000008bf00000, 0x000000008c000000, 0x000000008c000000|100%| E|CS|TAMS 0x000000008bf00000, 0x000000008bf00000| Complete 
| 192|0x000000008c000000, 0x000000008c100000, 0x000000008c100000|100%| E|CS|TAMS 0x000000008c000000, 0x000000008c000000| Complete 
| 193|0x000000008c100000, 0x000000008c200000, 0x000000008c200000|100%| E|CS|TAMS 0x000000008c100000, 0x000000008c100000| Complete 
| 194|0x000000008c200000, 0x000000008c300000, 0x000000008c300000|100%| E|CS|TAMS 0x000000008c200000, 0x000000008c200000| Complete 
| 195|0x000000008c300000, 0x000000008c400000, 0x000000008c400000|100%| E|CS|TAMS 0x000000008c300000, 0x000000008c300000| Complete 
| 196|0x000000008c400000, 0x000000008c500000, 0x000000008c500000|100%| E|CS|TAMS 0x000000008c400000, 0x000000008c400000| Complete 
| 197|0x000000008c500000, 0x000000008c600000, 0x000000008c600000|100%| E|CS|TAMS 0x000000008c500000, 0x000000008c500000| Complete 
| 198|0x000000008c600000, 0x000000008c700000, 0x000000008c700000|100%| E|CS|TAMS 0x000000008c600000, 0x000000008c600000| Complete 
| 199|0x000000008c700000, 0x000000008c800000, 0x000000008c800000|100%| E|CS|TAMS 0x000000008c700000, 0x000000008c700000| Complete 
| 200|0x000000008c800000, 0x000000008c900000, 0x000000008c900000|100%| E|CS|TAMS 0x000000008c800000, 0x000000008c800000| Complete 
| 201|0x000000008c900000, 0x000000008ca00000, 0x000000008ca00000|100%| E|CS|TAMS 0x000000008c900000, 0x000000008c900000| Complete 
| 202|0x000000008ca00000, 0x000000008cb00000, 0x000000008cb00000|100%| E|CS|TAMS 0x000000008ca00000, 0x000000008ca00000| Complete 
| 203|0x000000008cb00000, 0x000000008cc00000, 0x000000008cc00000|100%| E|CS|TAMS 0x000000008cb00000, 0x000000008cb00000| Complete 
| 204|0x000000008cc00000, 0x000000008cd00000, 0x000000008cd00000|100%| E|CS|TAMS 0x000000008cc00000, 0x000000008cc00000| Complete 
| 205|0x000000008cd00000, 0x000000008ce00000, 0x000000008ce00000|100%| E|CS|TAMS 0x000000008cd00000, 0x000000008cd00000| Complete 
| 206|0x000000008ce00000, 0x000000008cf00000, 0x000000008cf00000|100%| E|CS|TAMS 0x000000008ce00000, 0x000000008ce00000| Complete 
| 207|0x000000008cf00000, 0x000000008d000000, 0x000000008d000000|100%| E|CS|TAMS 0x000000008cf00000, 0x000000008cf00000| Complete 
| 208|0x000000008d000000, 0x000000008d100000, 0x000000008d100000|100%| E|CS|TAMS 0x000000008d000000, 0x000000008d000000| Complete 
| 209|0x000000008d100000, 0x000000008d200000, 0x000000008d200000|100%| E|CS|TAMS 0x000000008d100000, 0x000000008d100000| Complete 
| 210|0x000000008d200000, 0x000000008d300000, 0x000000008d300000|100%| E|CS|TAMS 0x000000008d200000, 0x000000008d200000| Complete 
| 211|0x000000008d300000, 0x000000008d400000, 0x000000008d400000|100%| E|CS|TAMS 0x000000008d300000, 0x000000008d300000| Complete 
| 212|0x000000008d400000, 0x000000008d500000, 0x000000008d500000|100%| E|CS|TAMS 0x000000008d400000, 0x000000008d400000| Complete 
| 213|0x000000008d500000, 0x000000008d600000, 0x000000008d600000|100%| E|CS|TAMS 0x000000008d500000, 0x000000008d500000| Complete 
| 214|0x000000008d600000, 0x000000008d700000, 0x000000008d700000|100%| E|CS|TAMS 0x000000008d600000, 0x000000008d600000| Complete 
| 215|0x000000008d700000, 0x000000008d800000, 0x000000008d800000|100%| E|CS|TAMS 0x000000008d700000, 0x000000008d700000| Complete 
| 216|0x000000008d800000, 0x000000008d900000, 0x000000008d900000|100%| E|CS|TAMS 0x000000008d800000, 0x000000008d800000| Complete 
| 217|0x000000008d900000, 0x000000008da00000, 0x000000008da00000|100%| E|CS|TAMS 0x000000008d900000, 0x000000008d900000| Complete 
| 218|0x000000008da00000, 0x000000008db00000, 0x000000008db00000|100%| E|CS|TAMS 0x000000008da00000, 0x000000008da00000| Complete 
| 219|0x000000008db00000, 0x000000008dc00000, 0x000000008dc00000|100%| E|CS|TAMS 0x000000008db00000, 0x000000008db00000| Complete 
| 220|0x000000008dc00000, 0x000000008dd00000, 0x000000008dd00000|100%| E|CS|TAMS 0x000000008dc00000, 0x000000008dc00000| Complete 
| 221|0x000000008dd00000, 0x000000008de00000, 0x000000008de00000|100%| E|CS|TAMS 0x000000008dd00000, 0x000000008dd00000| Complete 
| 222|0x000000008de00000, 0x000000008df00000, 0x000000008df00000|100%| E|CS|TAMS 0x000000008de00000, 0x000000008de00000| Complete 
| 223|0x000000008df00000, 0x000000008e000000, 0x000000008e000000|100%| E|CS|TAMS 0x000000008df00000, 0x000000008df00000| Complete 
| 224|0x000000008e000000, 0x000000008e100000, 0x000000008e100000|100%| E|CS|TAMS 0x000000008e000000, 0x000000008e000000| Complete 
| 225|0x000000008e100000, 0x000000008e200000, 0x000000008e200000|100%| E|CS|TAMS 0x000000008e100000, 0x000000008e100000| Complete 
| 226|0x000000008e200000, 0x000000008e300000, 0x000000008e300000|100%| E|CS|TAMS 0x000000008e200000, 0x000000008e200000| Complete 
| 227|0x000000008e300000, 0x000000008e400000, 0x000000008e400000|100%| E|CS|TAMS 0x000000008e300000, 0x000000008e300000| Complete 
| 228|0x000000008e400000, 0x000000008e500000, 0x000000008e500000|100%| E|CS|TAMS 0x000000008e400000, 0x000000008e400000| Complete 
| 229|0x000000008e500000, 0x000000008e600000, 0x000000008e600000|100%| E|CS|TAMS 0x000000008e500000, 0x000000008e500000| Complete 
| 230|0x000000008e600000, 0x000000008e700000, 0x000000008e700000|100%| E|CS|TAMS 0x000000008e600000, 0x000000008e600000| Complete 
| 231|0x000000008e700000, 0x000000008e800000, 0x000000008e800000|100%| E|CS|TAMS 0x000000008e700000, 0x000000008e700000| Complete 
| 232|0x000000008e800000, 0x000000008e900000, 0x000000008e900000|100%| E|CS|TAMS 0x000000008e800000, 0x000000008e800000| Complete 
| 233|0x000000008e900000, 0x000000008ea00000, 0x000000008ea00000|100%| E|CS|TAMS 0x000000008e900000, 0x000000008e900000| Complete 
| 234|0x000000008ea00000, 0x000000008eb00000, 0x000000008eb00000|100%| E|CS|TAMS 0x000000008ea00000, 0x000000008ea00000| Complete 
| 235|0x000000008eb00000, 0x000000008ec00000, 0x000000008ec00000|100%| E|CS|TAMS 0x000000008eb00000, 0x000000008eb00000| Complete 
| 236|0x000000008ec00000, 0x000000008ed00000, 0x000000008ed00000|100%| E|CS|TAMS 0x000000008ec00000, 0x000000008ec00000| Complete 
| 237|0x000000008ed00000, 0x000000008ee00000, 0x000000008ee00000|100%| E|CS|TAMS 0x000000008ed00000, 0x000000008ed00000| Complete 
| 238|0x000000008ee00000, 0x000000008ef00000, 0x000000008ef00000|100%| E|CS|TAMS 0x000000008ee00000, 0x000000008ee00000| Complete 
| 239|0x000000008ef00000, 0x000000008f000000, 0x000000008f000000|100%| E|CS|TAMS 0x000000008ef00000, 0x000000008ef00000| Complete 
| 240|0x000000008f000000, 0x000000008f100000, 0x000000008f100000|100%| E|CS|TAMS 0x000000008f000000, 0x000000008f000000| Complete 
| 241|0x000000008f100000, 0x000000008f200000, 0x000000008f200000|100%| E|CS|TAMS 0x000000008f100000, 0x000000008f100000| Complete 
| 242|0x000000008f200000, 0x000000008f300000, 0x000000008f300000|100%| E|CS|TAMS 0x000000008f200000, 0x000000008f200000| Complete 
| 243|0x000000008f300000, 0x000000008f400000, 0x000000008f400000|100%| E|CS|TAMS 0x000000008f300000, 0x000000008f300000| Complete 
| 244|0x000000008f400000, 0x000000008f500000, 0x000000008f500000|100%| E|CS|TAMS 0x000000008f400000, 0x000000008f400000| Complete 
| 245|0x000000008f500000, 0x000000008f600000, 0x000000008f600000|100%| E|CS|TAMS 0x000000008f500000, 0x000000008f500000| Complete 
| 246|0x000000008f600000, 0x000000008f700000, 0x000000008f700000|100%| E|CS|TAMS 0x000000008f600000, 0x000000008f600000| Complete 
| 247|0x000000008f700000, 0x000000008f800000, 0x000000008f800000|100%| E|CS|TAMS 0x000000008f700000, 0x000000008f700000| Complete 
| 248|0x000000008f800000, 0x000000008f900000, 0x000000008f900000|100%| E|CS|TAMS 0x000000008f800000, 0x000000008f800000| Complete 
| 249|0x000000008f900000, 0x000000008fa00000, 0x000000008fa00000|100%| E|CS|TAMS 0x000000008f900000, 0x000000008f900000| Complete 
| 250|0x000000008fa00000, 0x000000008fb00000, 0x000000008fb00000|100%| E|CS|TAMS 0x000000008fa00000, 0x000000008fa00000| Complete 
| 251|0x000000008fb00000, 0x000000008fc00000, 0x000000008fc00000|100%| E|CS|TAMS 0x000000008fb00000, 0x000000008fb00000| Complete 
| 252|0x000000008fc00000, 0x000000008fd00000, 0x000000008fd00000|100%| E|CS|TAMS 0x000000008fc00000, 0x000000008fc00000| Complete 
| 253|0x000000008fd00000, 0x000000008fe00000, 0x000000008fe00000|100%| E|CS|TAMS 0x000000008fd00000, 0x000000008fd00000| Complete 

Card table byte_map: [0x000002157df60000,0x000002157e360000] _byte_map_base: 0x000002157db60000

Marking Bits (Prev, Next): (CMBitMap*) 0x0000021568e548b0, (CMBitMap*) 0x0000021568e54878
 Prev Bits: [0x0000021502000000, 0x0000021504000000)
 Next Bits: [0x0000021500000000, 0x0000021502000000)

Polling page: 0x0000021568ef0000

Metaspace:

Usage:
  Non-class:     74.34 MB capacity,    72.89 MB ( 98%) used,     1.21 MB (  2%) free+waste,   254.81 KB ( <1%) overhead. 
      Class:     11.68 MB capacity,    10.88 MB ( 93%) used,   705.20 KB (  6%) free+waste,   116.13 KB ( <1%) overhead. 
       Both:     86.02 MB capacity,    83.76 MB ( 97%) used,     1.90 MB (  2%) free+waste,   370.94 KB ( <1%) overhead. 

Virtual space:
  Non-class space:       76.00 MB reserved,      74.50 MB ( 98%) committed 
      Class space:        1.00 GB reserved,      11.70 MB (  1%) committed 
             Both:        1.07 GB reserved,      86.20 MB (  8%) committed 

Chunk freelists:
   Non-Class:  32.00 KB
       Class:  9.00 KB
        Both:  41.00 KB

MaxMetaspaceSize: 17179869184.00 GB
CompressedClassSpaceSize: 1.00 GB

CodeHeap 'non-profiled nmethods': size=120000Kb used=6085Kb max_used=6085Kb free=113914Kb
 bounds [0x0000021575bc0000, 0x00000215761c0000, 0x000002157d0f0000]
CodeHeap 'profiled nmethods': size=120000Kb used=21545Kb max_used=21545Kb free=98454Kb
 bounds [0x000002156e690000, 0x000002156fba0000, 0x0000021575bc0000]
CodeHeap 'non-nmethods': size=5760Kb used=2287Kb max_used=2331Kb free=3472Kb
 bounds [0x000002156e0f0000, 0x000002156e360000, 0x000002156e690000]
 total_blobs=10831 nmethods=9941 adapters=801
 compilation: enabled
              stopped_count=0, restarted_count=0
 full_count=0

Compilation events (20 events):
Event: 14.180 Thread 0x000002157fb17800 nmethod 9982 0x000002156fb92e10 code [0x000002156fb92fc0, 0x000002156fb93118]
Event: 14.180 Thread 0x000002157fb17800 9983       2       java.io.SerialCallbackContext::checkAndSetUsed (26 bytes)
Event: 14.180 Thread 0x00000215082e9000 nmethod 9975 0x00000215761a1590 code [0x00000215761a1740, 0x00000215761a1d38]
Event: 14.180 Thread 0x000002157fb17800 nmethod 9983 0x000002156fb93190 code [0x000002156fb93360, 0x000002156fb93508]
Event: 14.180 Thread 0x00000215082e9000 9933       4       com.google.common.collect.ObjectArrays::checkElementsNotNull (23 bytes)
Event: 14.181 Thread 0x000002157fb17800 9984       3       java.io.SerialCallbackContext::getObj (9 bytes)
Event: 14.182 Thread 0x000002157fb17800 nmethod 9984 0x000002156fb93610 code [0x000002156fb937e0, 0x000002156fb93a48]
Event: 14.182 Thread 0x00000215082e9000 nmethod 9933 0x00000215761a1f90 code [0x00000215761a2120, 0x00000215761a21f8]
Event: 14.182 Thread 0x00000215082e9000 9894       4       org.gradle.internal.snapshot.MediumChildMap::withNode (67 bytes)
Event: 14.184 Thread 0x000002157fb17800 9985       3       org.gradle.internal.work.DefaultWorkerLeaseService$DefaultWorkerLease::doIsLockedByCurrentThread (23 bytes)
Event: 14.184 Thread 0x000002157fb17800 nmethod 9985 0x000002156fb93b90 code [0x000002156fb93d40, 0x000002156fb93ef8]
Event: 14.184 Thread 0x000002157fb17800 9986       3       java.io.ObjectOutputStream::defaultWriteObject (54 bytes)
Event: 14.185 Thread 0x000002157fb17800 nmethod 9986 0x000002156fb93f90 code [0x000002156fb941e0, 0x000002156fb94848]
Event: 14.186 Thread 0x000002157fb17800 9987       1       org.gradle.internal.work.DefaultWorkerLeaseService::access$500 (5 bytes)
Event: 14.186 Thread 0x000002157fb17800 nmethod 9987 0x00000215761a2310 code [0x00000215761a24c0, 0x00000215761a2558]
Event: 14.194 Thread 0x000002157fb17800 9988       1       org.gradle.internal.build.event.types.DefaultTaskDescriptor::getId (5 bytes)
Event: 14.194 Thread 0x000002157fb17800 nmethod 9988 0x00000215761a2610 code [0x00000215761a27c0, 0x00000215761a2878]
Event: 14.195 Thread 0x000002157fb17800 9989       3       java.io.ObjectOutputStream$BlockDataOutputStream::writeBlockHeader (70 bytes)
Event: 14.195 Thread 0x000002157fb17800 nmethod 9989 0x000002156fb94b10 code [0x000002156fb94d00, 0x000002156fb950c8]
Event: 14.195 Thread 0x000002157fb17800 9990       3       java.util.HashSet::writeObject (75 bytes)

GC Heap History (16 events):
Event: 0.704 GC heap before
{Heap before GC invocations=0 (full 0):
 garbage-first heap   total 260096K, used 29696K [0x0000000080000000, 0x0000000100000000)
  region size 1024K, 24 young (24576K), 0 survivors (0K)
 Metaspace       used 10213K, capacity 10485K, committed 10624K, reserved 1058816K
  class space    used 1063K, capacity 1139K, committed 1152K, reserved 1048576K
}
Event: 0.709 GC heap after
{Heap after GC invocations=1 (full 0):
 garbage-first heap   total 260096K, used 9548K [0x0000000080000000, 0x0000000100000000)
  region size 1024K, 3 young (3072K), 3 survivors (3072K)
 Metaspace       used 10213K, capacity 10485K, committed 10624K, reserved 1058816K
  class space    used 1063K, capacity 1139K, committed 1152K, reserved 1048576K
}
Event: 3.820 GC heap before
{Heap before GC invocations=1 (full 0):
 garbage-first heap   total 260096K, used 105804K [0x0000000080000000, 0x0000000100000000)
  region size 1024K, 98 young (100352K), 3 survivors (3072K)
 Metaspace       used 20593K, capacity 21089K, committed 21248K, reserved 1067008K
  class space    used 2506K, capacity 2690K, committed 2816K, reserved 1048576K
}
Event: 3.829 GC heap after
{Heap after GC invocations=2 (full 0):
 garbage-first heap   total 260096K, used 16930K [0x0000000080000000, 0x0000000100000000)
  region size 1024K, 11 young (11264K), 11 survivors (11264K)
 Metaspace       used 20593K, capacity 21089K, committed 21248K, reserved 1067008K
  class space    used 2506K, capacity 2690K, committed 2816K, reserved 1048576K
}
Event: 4.560 GC heap before
{Heap before GC invocations=3 (full 0):
 garbage-first heap   total 260096K, used 79394K [0x0000000080000000, 0x0000000100000000)
  region size 1024K, 72 young (73728K), 11 survivors (11264K)
 Metaspace       used 26558K, capacity 27261K, committed 27392K, reserved 1073152K
  class space    used 3494K, capacity 3755K, committed 3840K, reserved 1048576K
}
Event: 4.567 GC heap after
{Heap after GC invocations=4 (full 0):
 garbage-first heap   total 260096K, used 18821K [0x0000000080000000, 0x0000000100000000)
  region size 1024K, 3 young (3072K), 3 survivors (3072K)
 Metaspace       used 26558K, capacity 27261K, committed 27392K, reserved 1073152K
  class space    used 3494K, capacity 3755K, committed 3840K, reserved 1048576K
}
Event: 5.309 GC heap before
{Heap before GC invocations=4 (full 0):
 garbage-first heap   total 260096K, used 65925K [0x0000000080000000, 0x0000000100000000)
  region size 1024K, 51 young (52224K), 3 survivors (3072K)
 Metaspace       used 35059K, capacity 35823K, committed 35840K, reserved 1081344K
  class space    used 4539K, capacity 4864K, committed 4864K, reserved 1048576K
}
Event: 5.318 GC heap after
{Heap after GC invocations=5 (full 0):
 garbage-first heap   total 260096K, used 21822K [0x0000000080000000, 0x0000000100000000)
  region size 1024K, 6 young (6144K), 6 survivors (6144K)
 Metaspace       used 35059K, capacity 35823K, committed 35840K, reserved 1081344K
  class space    used 4539K, capacity 4864K, committed 4864K, reserved 1048576K
}
Event: 6.890 GC heap before
{Heap before GC invocations=6 (full 0):
 garbage-first heap   total 260096K, used 150846K [0x0000000080000000, 0x0000000100000000)
  region size 1024K, 129 young (132096K), 6 survivors (6144K)
 Metaspace       used 45509K, capacity 46591K, committed 46796K, reserved 1089536K
  class space    used 5845K, capacity 6226K, committed 6348K, reserved 1048576K
}
Event: 6.901 GC heap after
{Heap after GC invocations=7 (full 0):
 garbage-first heap   total 260096K, used 28438K [0x0000000080000000, 0x0000000100000000)
  region size 1024K, 12 young (12288K), 12 survivors (12288K)
 Metaspace       used 45509K, capacity 46591K, committed 46796K, reserved 1089536K
  class space    used 5845K, capacity 6226K, committed 6348K, reserved 1048576K
}
Event: 9.079 GC heap before
{Heap before GC invocations=7 (full 0):
 garbage-first heap   total 260096K, used 158486K [0x0000000080000000, 0x0000000100000000)
  region size 1024K, 136 young (139264K), 12 survivors (12288K)
 Metaspace       used 58671K, capacity 60215K, committed 60236K, reserved 1101824K
  class space    used 7451K, capacity 7996K, committed 8012K, reserved 1048576K
}
Event: 9.110 GC heap after
{Heap after GC invocations=8 (full 0):
 garbage-first heap   total 260096K, used 43872K [0x0000000080000000, 0x0000000100000000)
  region size 1024K, 19 young (19456K), 19 survivors (19456K)
 Metaspace       used 58671K, capacity 60215K, committed 60236K, reserved 1101824K
  class space    used 7451K, capacity 7996K, committed 8012K, reserved 1048576K
}
Event: 10.962 GC heap before
{Heap before GC invocations=9 (full 0):
 garbage-first heap   total 260096K, used 180064K [0x0000000080000000, 0x0000000100000000)
  region size 1024K, 152 young (155648K), 19 survivors (19456K)
 Metaspace       used 70611K, capacity 72444K, committed 72652K, reserved 1112064K
  class space    used 9194K, capacity 9830K, committed 9932K, reserved 1048576K
}
Event: 10.990 GC heap after
{Heap after GC invocations=10 (full 0):
 garbage-first heap   total 260096K, used 54506K [0x0000000080000000, 0x0000000100000000)
  region size 1024K, 11 young (11264K), 11 survivors (11264K)
 Metaspace       used 70611K, capacity 72444K, committed 72652K, reserved 1112064K
  class space    used 9194K, capacity 9830K, committed 9932K, reserved 1048576K
}
Event: 12.945 GC heap before
{Heap before GC invocations=10 (full 0):
 garbage-first heap   total 260096K, used 189674K [0x0000000080000000, 0x0000000100000000)
  region size 1024K, 143 young (146432K), 11 survivors (11264K)
 Metaspace       used 80629K, capacity 82891K, committed 83148K, reserved 1120256K
  class space    used 10558K, capacity 11392K, committed 11468K, reserved 1048576K
}
Event: 12.968 GC heap after
{Heap after GC invocations=11 (full 0):
 garbage-first heap   total 260096K, used 70490K [0x0000000080000000, 0x0000000100000000)
  region size 1024K, 16 young (16384K), 16 survivors (16384K)
 Metaspace       used 80629K, capacity 82891K, committed 83148K, reserved 1120256K
  class space    used 10558K, capacity 11392K, committed 11468K, reserved 1048576K
}

Deoptimization events (20 events):
Event: 13.953 Thread 0x000002150b199800 DEOPT PACKING pc=0x000002156f4b2544 sp=0x0000005dfaefd710
Event: 13.953 Thread 0x000002150b199800 DEOPT UNPACKING pc=0x000002156e11764e sp=0x0000005dfaefccb0 mode 0
Event: 14.034 Thread 0x000002150b199800 DEOPT PACKING pc=0x000002156f4b2544 sp=0x0000005dfaefbd60
Event: 14.034 Thread 0x000002150b199800 DEOPT UNPACKING pc=0x000002156e11764e sp=0x0000005dfaefb300 mode 0
Event: 14.058 Thread 0x000002150b19c000 DEOPT PACKING pc=0x000002156f9a9276 sp=0x0000005dfaafde80
Event: 14.058 Thread 0x000002150b19c000 DEOPT UNPACKING pc=0x000002156e11764e sp=0x0000005dfaafd3a0 mode 0
Event: 14.064 Thread 0x000002150b198000 Uncommon trap: trap_request=0xffffffde fr.pc=0x00000215761744ac relative=0x000000000000026c
Event: 14.064 Thread 0x000002150b198000 Uncommon trap: reason=class_check action=maybe_recompile pc=0x00000215761744ac method=java.util.concurrent.ConcurrentHashMap.get(Ljava/lang/Object;)Ljava/lang/Object; @ 93 c2
Event: 14.064 Thread 0x000002150b198000 DEOPT PACKING pc=0x00000215761744ac sp=0x0000005dfb0fd930
Event: 14.064 Thread 0x000002150b19e800 Uncommon trap: trap_request=0xffffffde fr.pc=0x00000215761744ac relative=0x000000000000026c
Event: 14.064 Thread 0x000002150b19e800 Uncommon trap: reason=class_check action=maybe_recompile pc=0x00000215761744ac method=java.util.concurrent.ConcurrentHashMap.get(Ljava/lang/Object;)Ljava/lang/Object; @ 93 c2
Event: 14.064 Thread 0x000002150b19b800 Uncommon trap: trap_request=0xffffffde fr.pc=0x00000215761744ac relative=0x000000000000026c
Event: 14.064 Thread 0x000002150b198000 DEOPT UNPACKING pc=0x000002156e11782f sp=0x0000005dfb0fd888 mode 2
Event: 14.064 Thread 0x000002150b19b800 Uncommon trap: reason=class_check action=maybe_recompile pc=0x00000215761744ac method=java.util.concurrent.ConcurrentHashMap.get(Ljava/lang/Object;)Ljava/lang/Object; @ 93 c2
Event: 14.064 Thread 0x000002150b19b800 DEOPT PACKING pc=0x00000215761744ac sp=0x0000005dfabfd700
Event: 14.064 Thread 0x000002150b19b800 DEOPT UNPACKING pc=0x000002156e11782f sp=0x0000005dfabfd658 mode 2
Event: 14.064 Thread 0x000002150b19e800 DEOPT PACKING pc=0x00000215761744ac sp=0x0000005dfb1fdaa0
Event: 14.064 Thread 0x000002150b19e800 DEOPT UNPACKING pc=0x000002156e11782f sp=0x0000005dfb1fd9f8 mode 2
Event: 14.089 Thread 0x000002150b19e800 DEOPT PACKING pc=0x000002156f4b2544 sp=0x0000005dfb1fd690
Event: 14.089 Thread 0x000002150b19e800 DEOPT UNPACKING pc=0x000002156e11764e sp=0x0000005dfb1fcc30 mode 0

Classes redefined (0 events):
No events

Internal exceptions (20 events):
Event: 12.203 Thread 0x000002150b198000 Exception <a 'java/lang/NoSuchMethodError'{0x000000008b0a35b0}: 'java.lang.Object java.lang.invoke.DirectMethodHandle$Holder.invokeSpecialIFC(java.lang.Object, java.lang.Object, java.lang.Object)'> (0x000000008b0a35b0) thrown at [./src/hotspot/share/interpreter/linkResolver.cpp, line 773]
Event: 12.203 Thread 0x000002150b199000 Exception <a 'java/lang/NoSuchMethodError'{0x000000008b05c818}: 'java.lang.Object java.lang.invoke.DirectMethodHandle$Holder.invokeSpecialIFC(java.lang.Object, java.lang.Object, java.lang.Object)'> (0x000000008b05c818) thrown at [./src/hotspot/share/interpreter/linkResolver.cpp, line 773]
Event: 12.203 Thread 0x000002150b19a800 Exception <a 'java/lang/NoSuchMethodError'{0x000000008b0c2570}: 'java.lang.Object java.lang.invoke.DirectMethodHandle$Holder.invokeSpecialIFC(java.lang.Object, java.lang.Object, java.lang.Object)'> (0x000000008b0c2570) thrown at [./src/hotspot/share/interpreter/linkResolver.cpp, line 773]
Event: 12.203 Thread 0x000002150b199800 Exception <a 'java/lang/NoSuchMethodError'{0x000000008b1cbc38}: 'java.lang.Object java.lang.invoke.DirectMethodHandle$Holder.invokeSpecialIFC(java.lang.Object, java.lang.Object, java.lang.Object)'> (0x000000008b1cbc38) thrown at [./src/hotspot/share/interpreter/linkResolver.cpp, line 773]
Event: 12.203 Thread 0x000002150b19d000 Exception <a 'java/lang/NoSuchMethodError'{0x000000008b0832b8}: 'java.lang.Object java.lang.invoke.DirectMethodHandle$Holder.invokeSpecialIFC(java.lang.Object, java.lang.Object, java.lang.Object)'> (0x000000008b0832b8) thrown at [./src/hotspot/share/interpreter/linkResolver.cpp, line 773]
Event: 12.203 Thread 0x000002150b19e800 Exception <a 'java/lang/NoSuchMethodError'{0x000000008b1eae18}: 'java.lang.Object java.lang.invoke.DirectMethodHandle$Holder.invokeSpecialIFC(java.lang.Object, java.lang.Object, java.lang.Object)'> (0x000000008b1eae18) thrown at [./src/hotspot/share/interpreter/linkResolver.cpp, line 773]
Event: 12.203 Thread 0x000002150b19b800 Exception <a 'java/lang/NoSuchMethodError'{0x000000008b046da8}: 'java.lang.Object java.lang.invoke.DirectMethodHandle$Holder.invokeSpecialIFC(java.lang.Object, java.lang.Object, java.lang.Object)'> (0x000000008b046da8) thrown at [./src/hotspot/share/interpreter/linkResolver.cpp, line 773]
Event: 12.203 Thread 0x000002150b19c000 Exception <a 'java/lang/NoSuchMethodError'{0x000000008b011e28}: 'java.lang.Object java.lang.invoke.DirectMethodHandle$Holder.invokeSpecialIFC(java.lang.Object, java.lang.Object, java.lang.Object)'> (0x000000008b011e28) thrown at [./src/hotspot/share/interpreter/linkResolver.cpp, line 773]
Event: 13.159 Thread 0x000002150e8ec000 Exception <a 'java/lang/NoSuchMethodError'{0x000000008f4ab828}: <clinit>> (0x000000008f4ab828) thrown at [./src/hotspot/share/prims/jni.cpp, line 1362]
Event: 13.162 Thread 0x000002150e8ec000 Exception <a 'java/lang/NoSuchMethodError'{0x000000008f4d41e0}: <clinit>> (0x000000008f4d41e0) thrown at [./src/hotspot/share/prims/jni.cpp, line 1362]
Event: 13.312 Thread 0x000002150e8ec000 Exception <a 'java/lang/NoSuchMethodError'{0x000000008e77dcc0}: 'void java.lang.invoke.DirectMethodHandle$Holder.invokeStatic(java.lang.Object, java.lang.Object, java.lang.Object, java.lang.Object, java.lang.Object, java.lang.Object, java.lang.Object)'> (0x000000008e77dcc0) thrown at [./src/hotspot/share/interpreter/linkResolver.cpp, line 773]
Event: 13.574 Thread 0x000002150e8ed800 Exception <a 'java/lang/NoSuchMethodError'{0x000000008d087d38}: <clinit>> (0x000000008d087d38) thrown at [./src/hotspot/share/prims/jni.cpp, line 1362]
Event: 13.574 Thread 0x000002150e8ed800 Exception <a 'java/lang/NoSuchMethodError'{0x000000008d089058}: <clinit>> (0x000000008d089058) thrown at [./src/hotspot/share/prims/jni.cpp, line 1362]
Event: 13.574 Thread 0x000002150e8ed800 Exception <a 'java/lang/NoSuchMethodError'{0x000000008d08b7b8}: <clinit>> (0x000000008d08b7b8) thrown at [./src/hotspot/share/prims/jni.cpp, line 1362]
Event: 13.575 Thread 0x000002150e8ed800 Exception <a 'java/lang/NoSuchMethodError'{0x000000008d0a4ee0}: <clinit>> (0x000000008d0a4ee0) thrown at [./src/hotspot/share/prims/jni.cpp, line 1362]
Event: 13.576 Thread 0x000002150e8ed800 Exception <a 'java/lang/NoSuchMethodError'{0x000000008d0a63c0}: <clinit>> (0x000000008d0a63c0) thrown at [./src/hotspot/share/prims/jni.cpp, line 1362]
Event: 13.606 Thread 0x000002150e8ed800 Exception <a 'java/lang/NoSuchMethodError'{0x000000008ce80608}: <clinit>> (0x000000008ce80608) thrown at [./src/hotspot/share/prims/jni.cpp, line 1362]
Event: 13.609 Thread 0x000002150e8ed800 Exception <a 'java/lang/NoSuchMethodError'{0x000000008ceafea8}: <clinit>> (0x000000008ceafea8) thrown at [./src/hotspot/share/prims/jni.cpp, line 1362]
Event: 13.610 Thread 0x000002150e8ed800 Exception <a 'java/lang/NoSuchMethodError'{0x000000008cec2d18}: <clinit>> (0x000000008cec2d18) thrown at [./src/hotspot/share/prims/jni.cpp, line 1362]
Event: 13.832 Thread 0x000002150e8e9000 Exception <a 'java/lang/NoSuchMethodError'{0x000000008b7c48d8}: 'int java.lang.invoke.DirectMethodHandle$Holder.invokeSpecial(java.lang.Object, java.lang.Object, java.lang.Object, java.lang.Object, java.lang.Object)'> (0x000000008b7c48d8) thrown at [./src/hotspot/share/interpreter/linkResolver.cpp, line 773]

Events (20 events):
Event: 14.186 loading class kotlin/reflect/jvm/internal/impl/load/java/lazy/descriptors/LazyJavaPackageFragment$subPackages$1
Event: 14.186 loading class kotlin/reflect/jvm/internal/impl/load/java/lazy/descriptors/LazyJavaPackageFragment$subPackages$1 done
Event: 14.187 loading class com/android/build/gradle/internal/tasks/ValidateSigningTask$forceRerun$storeFile$1
Event: 14.187 loading class com/android/build/gradle/internal/tasks/ValidateSigningTask$forceRerun$storeFile$1 done
Event: 14.187 loading class kotlin/reflect/jvm/internal/impl/load/java/lazy/descriptors/LazyJavaPackageFragment$partToFacade$2
Event: 14.187 loading class kotlin/reflect/jvm/internal/impl/load/java/lazy/descriptors/LazyJavaPackageFragment$partToFacade$2 done
Event: 14.188 loading class kotlin/reflect/jvm/internal/impl/descriptors/impl/SubpackagesScope
Event: 14.188 loading class kotlin/reflect/jvm/internal/impl/descriptors/impl/SubpackagesScope done
Event: 14.189 loading class kotlin/reflect/jvm/internal/impl/resolve/scopes/ChainedMemberScope
Event: 14.189 loading class kotlin/reflect/jvm/internal/impl/resolve/scopes/ChainedMemberScope done
Event: 14.191 loading class kotlin/reflect/jvm/internal/impl/resolve/scopes/ChainedMemberScope$Companion
Event: 14.191 loading class kotlin/reflect/jvm/internal/impl/resolve/scopes/ChainedMemberScope$Companion done
Event: 14.192 loading class kotlin/reflect/jvm/internal/impl/utils/SmartList
Event: 14.192 loading class kotlin/reflect/jvm/internal/impl/utils/SmartList done
Event: 14.193 loading class kotlin/reflect/jvm/internal/impl/incremental/UtilsKt
Event: 14.193 loading class kotlin/reflect/jvm/internal/impl/incremental/UtilsKt done
Event: 14.194 loading class kotlin/reflect/jvm/internal/impl/load/java/lazy/descriptors/LazyJavaPackageScope$FindClassRequest
Event: 14.194 loading class kotlin/reflect/jvm/internal/impl/load/java/lazy/descriptors/LazyJavaPackageScope$FindClassRequest done
Event: 14.195 loading class kotlin/reflect/jvm/internal/impl/descriptors/runtime/components/ReflectKotlinClassFinderKt
Event: 14.195 loading class kotlin/reflect/jvm/internal/impl/descriptors/runtime/components/ReflectKotlinClassFinderKt done


Dynamic libraries:
0x00007ff6bc720000 - 0x00007ff6bc72a000 	C:\Program Files\Android\Android Studio\jre\bin\java.exe
0x00007ffa31950000 - 0x00007ffa31b45000 	C:\WINDOWS\SYSTEM32\ntdll.dll
0x00007ffa30ad0000 - 0x00007ffa30b8e000 	C:\WINDOWS\System32\KERNEL32.DLL
0x00007ffa2f070000 - 0x00007ffa2f338000 	C:\WINDOWS\System32\KERNELBASE.dll
0x00007ffa2f340000 - 0x00007ffa2f440000 	C:\WINDOWS\System32\ucrtbase.dll
0x00007ff9f59d0000 - 0x00007ff9f59e9000 	C:\Program Files\Android\Android Studio\jre\bin\jli.dll
0x00007ff9f55b0000 - 0x00007ff9f55c7000 	C:\Program Files\Android\Android Studio\jre\bin\VCRUNTIME140.dll
0x00007ffa2fa50000 - 0x00007ffa2fbf1000 	C:\WINDOWS\System32\USER32.dll
0x00007ffa2f970000 - 0x00007ffa2f992000 	C:\WINDOWS\System32\win32u.dll
0x00007ffa207c0000 - 0x00007ffa20a5a000 	C:\WINDOWS\WinSxS\amd64_microsoft.windows.common-controls_6595b64144ccf1df_6.0.19041.1110_none_60b5254171f9507e\COMCTL32.dll
0x00007ffa2fc10000 - 0x00007ffa2fc3b000 	C:\WINDOWS\System32\GDI32.dll
0x00007ffa310d0000 - 0x00007ffa3116e000 	C:\WINDOWS\System32\msvcrt.dll
0x00007ffa2f530000 - 0x00007ffa2f63b000 	C:\WINDOWS\System32\gdi32full.dll
0x00007ffa2f440000 - 0x00007ffa2f4dd000 	C:\WINDOWS\System32\msvcp_win.dll
0x00007ffa2fc40000 - 0x00007ffa2fc70000 	C:\WINDOWS\System32\IMM32.DLL
0x00007ff9f0010000 - 0x00007ff9f00ad000 	C:\Program Files\Android\Android Studio\jre\bin\msvcp140.dll
0x00007ff9db650000 - 0x00007ff9dc11f000 	C:\Program Files\Android\Android Studio\jre\bin\server\jvm.dll
0x00007ffa2fc70000 - 0x00007ffa2fd1c000 	C:\WINDOWS\System32\ADVAPI32.dll
0x00007ffa30b90000 - 0x00007ffa30c2b000 	C:\WINDOWS\System32\sechost.dll
0x00007ffa2fe30000 - 0x00007ffa2ff5a000 	C:\WINDOWS\System32\RPCRT4.dll
0x00007ffa2fc00000 - 0x00007ffa2fc08000 	C:\WINDOWS\System32\PSAPI.DLL
0x00007ffa22750000 - 0x00007ffa22777000 	C:\WINDOWS\SYSTEM32\WINMM.dll
0x00007ffa190e0000 - 0x00007ffa190e9000 	C:\WINDOWS\SYSTEM32\WSOCK32.dll
0x00007ffa268b0000 - 0x00007ffa268ba000 	C:\WINDOWS\SYSTEM32\VERSION.dll
0x00007ffa30070000 - 0x00007ffa300db000 	C:\WINDOWS\System32\WS2_32.dll
0x00007ffa2cf70000 - 0x00007ffa2cf82000 	C:\WINDOWS\SYSTEM32\kernel.appcore.dll
0x00007ff9fb710000 - 0x00007ff9fb721000 	C:\Program Files\Android\Android Studio\jre\bin\verify.dll
0x00007ffa1c7e0000 - 0x00007ffa1c9c4000 	C:\WINDOWS\SYSTEM32\DBGHELP.DLL
0x00007ffa1c9d0000 - 0x00007ffa1c9fc000 	C:\WINDOWS\SYSTEM32\dbgcore.DLL
0x00007ffa2f7a0000 - 0x00007ffa2f823000 	C:\WINDOWS\System32\bcryptPrimitives.dll
0x00007ff9f0930000 - 0x00007ff9f0959000 	C:\Program Files\Android\Android Studio\jre\bin\java.dll
0x00007ffa150a0000 - 0x00007ffa150ab000 	C:\Program Files\Android\Android Studio\jre\bin\jimage.dll
0x00007ff9f82a0000 - 0x00007ff9f82b8000 	C:\Program Files\Android\Android Studio\jre\bin\zip.dll
0x00007ffa311d0000 - 0x00007ffa3190f000 	C:\WINDOWS\System32\SHELL32.dll
0x00007ffa2d170000 - 0x00007ffa2d900000 	C:\WINDOWS\SYSTEM32\windows.storage.dll
0x00007ffa30d70000 - 0x00007ffa310c5000 	C:\WINDOWS\System32\combase.dll
0x00007ffa2eac0000 - 0x00007ffa2eaee000 	C:\WINDOWS\SYSTEM32\Wldp.dll
0x00007ffa2f9a0000 - 0x00007ffa2fa4d000 	C:\WINDOWS\System32\SHCORE.dll
0x00007ffa31170000 - 0x00007ffa311c5000 	C:\WINDOWS\System32\shlwapi.dll
0x00007ffa2efb0000 - 0x00007ffa2efcf000 	C:\WINDOWS\SYSTEM32\profapi.dll
0x00007ff9f7640000 - 0x00007ff9f765a000 	C:\Program Files\Android\Android Studio\jre\bin\net.dll
0x00007ffa21170000 - 0x00007ffa2127c000 	C:\WINDOWS\SYSTEM32\WINHTTP.dll
0x00007ffa2e820000 - 0x00007ffa2e88a000 	C:\WINDOWS\system32\mswsock.dll
0x00007ff9f7360000 - 0x00007ff9f7374000 	C:\Program Files\Android\Android Studio\jre\bin\nio.dll
0x00007ff9f4bd0000 - 0x00007ff9f4bf7000 	C:\Users\Mr Viz\.gradle\native\8bec1ad78214c89d9ad589b4d07fe93259594b29d510b10fafb7a158f7737e5d\windows-amd64\native-platform.dll
0x00007ff9def10000 - 0x00007ff9df04d000 	C:\Users\Mr Viz\.gradle\native\53dbd7edfb1c66fb8903c78663c9afc45aea4f116125fa6feffd364cf09443e8\windows-amd64\native-platform-file-events.dll
0x00007ffa28e40000 - 0x00007ffa28e4a000 	C:\Program Files\Android\Android Studio\jre\bin\management.dll
0x00007ffa24270000 - 0x00007ffa2427c000 	C:\Program Files\Android\Android Studio\jre\bin\management_ext.dll
0x00007ffa2ea10000 - 0x00007ffa2ea28000 	C:\WINDOWS\SYSTEM32\CRYPTSP.dll
0x00007ffa2e130000 - 0x00007ffa2e164000 	C:\WINDOWS\system32\rsaenh.dll
0x00007ffa2f830000 - 0x00007ffa2f857000 	C:\WINDOWS\System32\bcrypt.dll
0x00007ffa2ef30000 - 0x00007ffa2ef5e000 	C:\WINDOWS\SYSTEM32\USERENV.dll
0x00007ffa2ea30000 - 0x00007ffa2ea3c000 	C:\WINDOWS\SYSTEM32\CRYPTBASE.dll
0x00007ffa2e4c0000 - 0x00007ffa2e4fb000 	C:\WINDOWS\SYSTEM32\IPHLPAPI.DLL
0x00007ffa2fd20000 - 0x00007ffa2fd28000 	C:\WINDOWS\System32\NSI.dll
0x00007ffa25e30000 - 0x00007ffa25e47000 	C:\WINDOWS\SYSTEM32\dhcpcsvc6.DLL
0x00007ffa266b0000 - 0x00007ffa266cd000 	C:\WINDOWS\SYSTEM32\dhcpcsvc.DLL
0x00007ffa2e510000 - 0x00007ffa2e5db000 	C:\WINDOWS\SYSTEM32\DNSAPI.dll

dbghelp: loaded successfully - version: 4.0.5 - missing functions: none
symbol engine: initialized successfully - sym options: 0x614 - pdb path: .;C:\Program Files\Android\Android Studio\jre\bin;C:\WINDOWS\SYSTEM32;C:\WINDOWS\WinSxS\amd64_microsoft.windows.common-controls_6595b64144ccf1df_6.0.19041.1110_none_60b5254171f9507e;C:\Program Files\Android\Android Studio\jre\bin\server;C:\Users\Mr Viz\.gradle\native\8bec1ad78214c89d9ad589b4d07fe93259594b29d510b10fafb7a158f7737e5d\windows-amd64;C:\Users\Mr Viz\.gradle\native\53dbd7edfb1c66fb8903c78663c9afc45aea4f116125fa6feffd364cf09443e8\windows-amd64

VM Arguments:
jvm_args: --add-opens=java.base/java.util=ALL-UNNAMED --add-opens=java.base/java.lang=ALL-UNNAMED --add-opens=java.base/java.lang.invoke=ALL-UNNAMED --add-opens=java.base/java.util=ALL-UNNAMED --add-opens=java.prefs/java.util.prefs=ALL-UNNAMED --add-opens=java.prefs/java.util.prefs=ALL-UNNAMED --add-opens=java.base/java.nio.charset=ALL-UNNAMED --add-opens=java.base/java.net=ALL-UNNAMED --add-opens=java.base/java.util.concurrent.atomic=ALL-UNNAMED -Xmx2048m -Dfile.encoding=UTF-8 -Duser.country=DE -Duser.language=de -Duser.variant 
java_command: org.gradle.launcher.daemon.bootstrap.GradleDaemon 7.0.2
java_class_path (initial): C:\Users\Mr Viz\.gradle\wrapper\dists\gradle-7.0.2-bin\857tjihv64xamwrf0h14cai3r\gradle-7.0.2\lib\gradle-launcher-7.0.2.jar
Launcher Type: SUN_STANDARD

[Global flags]
     intx CICompilerCount                          = 4                                         {product} {ergonomic}
     uint ConcGCThreads                            = 2                                         {product} {ergonomic}
     uint G1ConcRefinementThreads                  = 8                                         {product} {ergonomic}
   size_t G1HeapRegionSize                         = 1048576                                   {product} {ergonomic}
    uintx GCDrainStackTargetSize                   = 64                                        {product} {ergonomic}
   size_t InitialHeapSize                          = 266338304                                 {product} {ergonomic}
   size_t MarkStackSize                            = 4194304                                   {product} {ergonomic}
   size_t MaxHeapSize                              = 2147483648                                {product} {command line}
   size_t MaxNewSize                               = 1287651328                                {product} {ergonomic}
   size_t MinHeapDeltaBytes                        = 1048576                                   {product} {ergonomic}
    uintx NonNMethodCodeHeapSize                   = 5836300                                {pd product} {ergonomic}
    uintx NonProfiledCodeHeapSize                  = 122910970                              {pd product} {ergonomic}
    uintx ProfiledCodeHeapSize                     = 122910970                              {pd product} {ergonomic}
    uintx ReservedCodeCacheSize                    = 251658240                              {pd product} {ergonomic}
     bool SegmentedCodeCache                       = true                                      {product} {ergonomic}
     bool UseCompressedClassPointers               = true                                 {lp64_product} {ergonomic}
     bool UseCompressedOops                        = true                                 {lp64_product} {ergonomic}
     bool UseG1GC                                  = true                                      {product} {ergonomic}
     bool UseLargePagesIndividualAllocation        = false                                  {pd product} {ergonomic}

Logging:
Log output configuration:
 #0: stdout all=warning uptime,level,tags
 #1: stderr all=off uptime,level,tags

Environment Variables:
JAVA_HOME=C:\Program Files\Java\jdk1.8.0_172
PATH=C:\Program Files (x86)\Common Files\Oracle\Java\javapath;C:\Program Files\Docker\Docker\Resources\bin;C:\ProgramData\Oracle\Java\javapath;C:\Program Files (x86)\NVIDIA Corporation\PhysX\Common;C:\WINDOWS\system32;C:\WINDOWS;C:\WINDOWS\System32\Wbem;C:\WINDOWS\System32\WindowsPowerShell\v1.0\;C:\Program Files\Intel\WiFi\bin\;C:\Program Files\Common Files\Intel\WirelessCommon\;C:\Program Files (x86)\GNU\GnuPG\pub;C:\Program Files (x86)\Windows Live\Shared;C:\Program Files (x86)\QuickTime\QTSystem\;C:\Program Files\Microsoft SQL Server\110\Tools\Binn\;C:\Program Files\Microsoft SQL Server\120\Tools\Binn\;C:\Program Files\MiKTeX 2.9\miktex\bin\x64\;C:\Program Files (x86)\Dev-Cpp\MinGW32\bin\;C:\Program Files (x86)\GtkSharp\2.12\bin;C:\WINDOWS\system32;C:\WINDOWS;C:\WINDOWS\System32\Wbem;C:\WINDOWS\System32\WindowsPowerShell\v1.0\;C:\Program Files (x86)\Samsung\Samsung PC Studio 3\;C:\Program Files\Amazon\AWSCLI\;C:\PostgreSQL\pg10\bin;C:\WINDOWS\System32\OpenSSH\;C:\Program Files\CMake\bin;C:\Program Files\nodejs\;C:\Program Files (x86)\ZeroTier\One\;C:\Program Files (x86)\Intel\Phone Flash Tool;C:\Program Files\dotnet\;C:\Users\Mr Viz\AppData\Local\Programs\Python\Python310\Scripts\;C:\Users\Mr Viz\AppData\Local\Programs\Python\Python310\;Z:\UNREAL ENGINE\android-sdk-windows\build-tools;Z:\UNREAL ENGINE\android-sdk-windows\platform-tools;Z:\UNREAL ENGINE\android-sdk-windows\tools;Z:\UNREAL ENGINE\gradle-2.9\bin;Z:\UNREAL ENGINE\apache-ant-1.8.2\bin;Z:\UNREAL ENGINE\jdk1.8.0_77\bin;Z:\UNREAL ENGINE\android-ndk-r12b;Z:\UNREAL ENGINE\android-sdk-windows\extras\android\support;C:\Program Files\Intel\WiFi\bin\;C:\Program Files\Common Files\Intel\WirelessCommon\;C:\Program Files\Java\jdk1.8.0_40\bin;C:\curl;C:\Program Files (x86)\gnuplot\bin;C:\gtk\bin;C:\Program Files (x86)\Nmap;C:\Users\Mr Viz\AppData\Local\Microsoft\WindowsApps;C:\Program Files (x86)\Atmel\Flip 3.4.7\bin;C:\Program Files\Java\jdk1.8.0_144\bin;C:\Users\Mr Viz\AppData\Local\atom\bin;C:\Python27;C:\Users\M
USERNAME=Mr Viz
OS=Windows_NT
PROCESSOR_IDENTIFIER=Intel64 Family 6 Model 58 Stepping 9, GenuineIntel



---------------  S Y S T E M  ---------------

OS: Windows 10 , 64 bit Build 19041 (10.0.19041.1348)
OS uptime: 0 days 6:37 hours

CPU:total 8 (initial active 8) (4 cores per cpu, 2 threads per core) family 6 model 58 stepping 9 microcode 0x21, cmov, cx8, fxsr, mmx, sse, sse2, sse3, ssse3, sse4.1, sse4.2, popcnt, avx, aes, clmul, erms, ht, tsc, tscinvbit, tscinv

Memory: 4k page, system-wide physical 16202M (4977M free)
TotalPageFile size 16222M (AvailPageFile size 16M)
current process WorkingSet (physical memory assigned to process): 492M, peak: 504M
current process commit charge ("private bytes"): 559M, peak: 570M

vm_info: OpenJDK 64-Bit Server VM (11.0.10+0-b96-7249189) for windows-amd64 JRE (11.0.10+0-b96-7249189), built on Mar 31 2021 21:44:00 by "builder" with MS VC++ 14.0 (VS2015)

END.
