#
# There is insufficient memory for the Java Runtime Environment to continue.
# Native memory allocation (malloc) failed to allocate 304016 bytes for Chunk::new
# Possible reasons:
#   The system is out of physical RAM or swap space
#   The process is running with CompressedOops enabled, and the Java Heap may be blocking the growth of the native heap
# Possible solutions:
#   Reduce memory load on the system
#   Increase physical memory or swap space
#   Check if swap backing store is full
#   Decrease Java heap size (-Xmx/-Xms)
#   Decrease number of Java threads
#   Decrease Java thread stack sizes (-Xss)
#   Set larger code cache with -XX:ReservedCodeCacheSize=
#   JVM is running with Unscaled Compressed Oops mode in which the Java heap is
#     placed in the first 4GB address space. The Java Heap base address is the
#     maximum limit for the native heap growth. Please use -XX:HeapBaseMinAddress
#     to set the Java Heap base and to place the Java Heap above 4GB virtual address.
# This output file may be truncated or incomplete.
#
#  Out of Memory Error (./src/hotspot/share/memory/arena.cpp:197), pid=15808, tid=16988
#
# JRE version: OpenJDK Runtime Environment (11.0.10) (build 11.0.10+0-b96-7249189)
# Java VM: OpenJDK 64-Bit Server VM (11.0.10+0-b96-7249189, mixed mode, tiered, compressed oops, g1 gc, windows-amd64)
# No core dump will be written. Minidumps are not enabled by default on client versions of Windows
#

---------------  S U M M A R Y ------------

Command Line: --add-opens=java.base/java.util=ALL-UNNAMED --add-opens=java.base/java.lang=ALL-UNNAMED --add-opens=java.base/java.lang.invoke=ALL-UNNAMED --add-opens=java.base/java.util=ALL-UNNAMED --add-opens=java.prefs/java.util.prefs=ALL-UNNAMED --add-opens=java.prefs/java.util.prefs=ALL-UNNAMED --add-opens=java.base/java.nio.charset=ALL-UNNAMED --add-opens=java.base/java.net=ALL-UNNAMED --add-opens=java.base/java.util.concurrent.atomic=ALL-UNNAMED -Xmx2048m -Dfile.encoding=UTF-8 -Duser.country=DE -Duser.language=de -Duser.variant org.gradle.launcher.daemon.bootstrap.GradleDaemon 7.0.2

Host: Intel(R) Core(TM) i7-3720QM CPU @ 2.60GHz, 8 cores, 15G,  Windows 10 , 64 bit Build 19041 (10.0.19041.1348)
Time: Thu Nov 18 16:20:53 2021 Mitteleuropäische Zeit     elapsed time: 9.598494 seconds (0d 0h 0m 9s)

---------------  T H R E A D  ---------------

Current thread (0x000001810521e000):  JavaThread "C2 CompilerThread2" daemon [_thread_in_native, id=16988, stack(0x0000003bf3b00000,0x0000003bf3c00000)]


Current CompileTask:
C2:   9598 6293 %     4       org.gradle.internal.instantiation.generator.AbstractClassGenerator::inspectType @ 107 (560 bytes)

Stack: [0x0000003bf3b00000,0x0000003bf3c00000]
Native frames: (J=compiled Java code, j=interpreted, Vv=VM code, C=native code)
V  [jvm.dll+0x5ecfaa]
V  [jvm.dll+0x722bd5]
V  [jvm.dll+0x72412d]
V  [jvm.dll+0x7247e3]
V  [jvm.dll+0x242928]
V  [jvm.dll+0xbc4fc]
V  [jvm.dll+0xbca0c]
V  [jvm.dll+0x4ea22e]
V  [jvm.dll+0x320b02]
V  [jvm.dll+0x31ffca]
V  [jvm.dll+0x1fb602]
V  [jvm.dll+0x1fa7f4]
V  [jvm.dll+0x18354c]
V  [jvm.dll+0x208ee7]
V  [jvm.dll+0x207731]
V  [jvm.dll+0x6eb1cf]
V  [jvm.dll+0x6e3d45]
V  [jvm.dll+0x5ebe96]
C  [ucrtbase.dll+0x21bb2]
C  [KERNEL32.DLL+0x17034]
C  [ntdll.dll+0x52651]


---------------  P R O C E S S  ---------------

Threads class SMR info:
_java_thread_list=0x0000018107bac7c0, length=52, elements={
0x0000018166414800, 0x000001810119f000, 0x00000181011a2800, 0x0000018101204800,
0x0000018101206000, 0x0000018101208000, 0x0000018101214000, 0x0000018101218800,
0x0000018101225000, 0x0000018101383800, 0x0000018102445000, 0x000001810178c800,
0x0000018103b44800, 0x00000181037a1800, 0x0000018103611800, 0x000001810332d000,
0x00000181029fa000, 0x00000181032a1800, 0x00000181038fe000, 0x000001810237d000,
0x000001810237c800, 0x000001810237e000, 0x000001810237e800, 0x0000018104da5800,
0x000001810521e000, 0x000001810515d000, 0x0000018105161000, 0x0000018105162000,
0x0000018105160000, 0x000001810515c000, 0x0000018105162800, 0x0000018105163800,
0x0000018105164000, 0x000001810515e800, 0x0000018105165000, 0x000001810516a800,
0x0000018105166800, 0x0000018105167800, 0x0000018105168800, 0x000001810516a000,
0x0000018105169000, 0x00000181072c7000, 0x00000181072c6000, 0x00000181072c8800,
0x00000181072c7800, 0x00000181072c9000, 0x00000181072ca000, 0x00000181072c4800,
0x00000181072cb000, 0x00000181072c5000, 0x00000181072d0000, 0x00000181072cf000
}

Java Threads: ( => current thread )
  0x0000018166414800 JavaThread "main" [_thread_blocked, id=22324, stack(0x0000003bf1400000,0x0000003bf1500000)]
  0x000001810119f000 JavaThread "Reference Handler" daemon [_thread_blocked, id=4076, stack(0x0000003bf1b00000,0x0000003bf1c00000)]
  0x00000181011a2800 JavaThread "Finalizer" daemon [_thread_blocked, id=14120, stack(0x0000003bf1c00000,0x0000003bf1d00000)]
  0x0000018101204800 JavaThread "Signal Dispatcher" daemon [_thread_blocked, id=12384, stack(0x0000003bf1d00000,0x0000003bf1e00000)]
  0x0000018101206000 JavaThread "Attach Listener" daemon [_thread_blocked, id=16096, stack(0x0000003bf1e00000,0x0000003bf1f00000)]
  0x0000018101208000 JavaThread "Service Thread" daemon [_thread_blocked, id=22472, stack(0x0000003bf1f00000,0x0000003bf2000000)]
  0x0000018101214000 JavaThread "C2 CompilerThread0" daemon [_thread_in_native, id=22204, stack(0x0000003bf2000000,0x0000003bf2100000)]
  0x0000018101218800 JavaThread "C1 CompilerThread0" daemon [_thread_blocked, id=18088, stack(0x0000003bf2100000,0x0000003bf2200000)]
  0x0000018101225000 JavaThread "Sweeper thread" daemon [_thread_blocked, id=20916, stack(0x0000003bf2200000,0x0000003bf2300000)]
  0x0000018101383800 JavaThread "Common-Cleaner" daemon [_thread_blocked, id=14076, stack(0x0000003bf2300000,0x0000003bf2400000)]
  0x0000018102445000 JavaThread "Daemon health stats" [_thread_blocked, id=19496, stack(0x0000003bf2c00000,0x0000003bf2d00000)]
  0x000001810178c800 JavaThread "Incoming local TCP Connector on port 1347" [_thread_in_native, id=21928, stack(0x0000003bf2500000,0x0000003bf2600000)]
  0x0000018103b44800 JavaThread "Daemon periodic checks" [_thread_blocked, id=15644, stack(0x0000003bf2b00000,0x0000003bf2c00000)]
  0x00000181037a1800 JavaThread "Daemon" [_thread_blocked, id=1152, stack(0x0000003bf2d00000,0x0000003bf2e00000)]
  0x0000018103611800 JavaThread "Handler for socket connection from /127.0.0.1:1347 to /127.0.0.1:1348" [_thread_in_native, id=19176, stack(0x0000003bf2e00000,0x0000003bf2f00000)]
  0x000001810332d000 JavaThread "Cancel handler" [_thread_blocked, id=11452, stack(0x0000003bf2f00000,0x0000003bf3000000)]
  0x00000181029fa000 JavaThread "Daemon worker" [_thread_in_vm, id=3188, stack(0x0000003bf3000000,0x0000003bf3100000)]
  0x00000181032a1800 JavaThread "Asynchronous log dispatcher for DefaultDaemonConnection: socket connection from /127.0.0.1:1347 to /127.0.0.1:1348" [_thread_blocked, id=20252, stack(0x0000003bf3100000,0x0000003bf3200000)]
  0x00000181038fe000 JavaThread "Stdin handler" [_thread_blocked, id=20952, stack(0x0000003bf3200000,0x0000003bf3300000)]
  0x000001810237d000 JavaThread "Daemon client event forwarder" [_thread_blocked, id=22520, stack(0x0000003bf3300000,0x0000003bf3400000)]
  0x000001810237c800 JavaThread "Cache worker for file hash cache (C:\Users\Mr Viz\.gradle\caches\7.0.2\fileHashes)" [_thread_blocked, id=18104, stack(0x0000003bf3400000,0x0000003bf3500000)]
  0x000001810237e000 JavaThread "File lock request listener" [_thread_in_native, id=12044, stack(0x0000003bf3500000,0x0000003bf3600000)]
  0x000001810237e800 JavaThread "Cache worker for journal cache (C:\Users\Mr Viz\.gradle\caches\journal-1)" [_thread_blocked, id=1092, stack(0x0000003bf3900000,0x0000003bf3a00000)]
  0x0000018104da5800 JavaThread "C2 CompilerThread1" daemon [_thread_in_native, id=9312, stack(0x0000003bf3a00000,0x0000003bf3b00000)]
=>0x000001810521e000 JavaThread "C2 CompilerThread2" daemon [_thread_in_native, id=16988, stack(0x0000003bf3b00000,0x0000003bf3c00000)]
  0x000001810515d000 JavaThread "Cache worker for file hash cache (A:\Android\around_device_positioning_prototype\.gradle\7.0.2\fileHashes)" [_thread_blocked, id=11792, stack(0x0000003bf3c00000,0x0000003bf3d00000)]
  0x0000018105161000 JavaThread "File watcher server" daemon [_thread_in_native, id=8600, stack(0x0000003bf3d00000,0x0000003bf3e00000)]
  0x0000018105162000 JavaThread "File watcher consumer" daemon [_thread_blocked, id=3204, stack(0x0000003bf3e00000,0x0000003bf3f00000)]
  0x0000018105160000 JavaThread "Cache worker for checksums cache (A:\Android\around_device_positioning_prototype\.gradle\checksums)" [_thread_blocked, id=18496, stack(0x0000003bf3f00000,0x0000003bf4000000)]
  0x000001810515c000 JavaThread "Cache worker for cache directory md-supplier (C:\Users\Mr Viz\.gradle\caches\7.0.2\md-supplier)" [_thread_blocked, id=15568, stack(0x0000003bf4000000,0x0000003bf4100000)]
  0x0000018105162800 JavaThread "Cache worker for cache directory md-rule (C:\Users\Mr Viz\.gradle\caches\7.0.2\md-rule)" [_thread_blocked, id=21016, stack(0x0000003bf4100000,0x0000003bf4200000)]
  0x0000018105163800 JavaThread "Cache worker for execution history cache (C:\Users\Mr Viz\.gradle\caches\7.0.2\executionHistory)" [_thread_blocked, id=15484, stack(0x0000003bf4200000,0x0000003bf4300000)]
  0x0000018105164000 JavaThread "jar transforms" [_thread_blocked, id=576, stack(0x0000003bf4300000,0x0000003bf4400000)]
  0x000001810515e800 JavaThread "jar transforms Thread 2" [_thread_blocked, id=19900, stack(0x0000003bf4400000,0x0000003bf4500000)]
  0x0000018105165000 JavaThread "Cache worker for file content cache (C:\Users\Mr Viz\.gradle\caches\7.0.2\fileContent)" [_thread_blocked, id=7468, stack(0x0000003bf4500000,0x0000003bf4600000)]
  0x000001810516a800 JavaThread "Cache worker for dependencies-accessors (A:\Android\around_device_positioning_prototype\.gradle\7.0.2\dependencies-accessors)" [_thread_blocked, id=6540, stack(0x0000003bf4600000,0x0000003bf4700000)]
  0x0000018105166800 JavaThread "jar transforms Thread 3" [_thread_blocked, id=3120, stack(0x0000003bf4700000,0x0000003bf4800000)]
  0x0000018105167800 JavaThread "Cache worker for Build Output Cleanup Cache (A:\Android\around_device_positioning_prototype\.gradle\buildOutputCleanup)" [_thread_blocked, id=9232, stack(0x0000003bf4800000,0x0000003bf4900000)]
  0x0000018105168800 JavaThread "Build operations" [_thread_blocked, id=8060, stack(0x0000003bf4900000,0x0000003bf4a00000)]
  0x000001810516a000 JavaThread "Build operations Thread 2" [_thread_blocked, id=2000, stack(0x0000003bf4a00000,0x0000003bf4b00000)]
  0x0000018105169000 JavaThread "Build operations Thread 3" [_thread_blocked, id=21240, stack(0x0000003bf4b00000,0x0000003bf4c00000)]
  0x00000181072c7000 JavaThread "Build operations Thread 4" [_thread_blocked, id=10924, stack(0x0000003bf4c00000,0x0000003bf4d00000)]
  0x00000181072c6000 JavaThread "Build operations Thread 5" [_thread_blocked, id=13616, stack(0x0000003bf4d00000,0x0000003bf4e00000)]
  0x00000181072c8800 JavaThread "Build operations Thread 6" [_thread_blocked, id=11648, stack(0x0000003bf4e00000,0x0000003bf4f00000)]
  0x00000181072c7800 JavaThread "Build operations Thread 7" [_thread_blocked, id=21380, stack(0x0000003bf4f00000,0x0000003bf5000000)]
  0x00000181072c9000 JavaThread "Build operations Thread 8" [_thread_blocked, id=8488, stack(0x0000003bf5000000,0x0000003bf5100000)]
  0x00000181072ca000 JavaThread "jar transforms Thread 4" [_thread_blocked, id=7316, stack(0x0000003bf5100000,0x0000003bf5200000)]
  0x00000181072c4800 JavaThread "jar transforms Thread 5" [_thread_blocked, id=20884, stack(0x0000003bf5200000,0x0000003bf5300000)]
  0x00000181072cb000 JavaThread "jar transforms Thread 6" [_thread_blocked, id=13588, stack(0x0000003bf5300000,0x0000003bf5400000)]
  0x00000181072c5000 JavaThread "jar transforms Thread 7" [_thread_blocked, id=19392, stack(0x0000003bf5400000,0x0000003bf5500000)]
  0x00000181072d0000 JavaThread "jar transforms Thread 8" [_thread_blocked, id=12352, stack(0x0000003bf5500000,0x0000003bf5600000)]
  0x00000181072cf000 JavaThread "Memory manager" [_thread_blocked, id=4668, stack(0x0000003bf5600000,0x0000003bf5700000)]

Other Threads:
  0x000001810096e800 VMThread "VM Thread" [stack: 0x0000003bf1a00000,0x0000003bf1b00000] [id=11832]
  0x0000018101398800 WatcherThread [stack: 0x0000003bf2400000,0x0000003bf2500000] [id=15588]
  0x000001816642d800 GCTaskThread "GC Thread#0" [stack: 0x0000003bf1500000,0x0000003bf1600000] [id=19440]
  0x0000018101bec800 GCTaskThread "GC Thread#1" [stack: 0x0000003bf2600000,0x0000003bf2700000] [id=19372]
  0x0000018101aaa800 GCTaskThread "GC Thread#2" [stack: 0x0000003bf2700000,0x0000003bf2800000] [id=2076]
  0x00000181018dc000 GCTaskThread "GC Thread#3" [stack: 0x0000003bf2800000,0x0000003bf2900000] [id=21120]
  0x00000181020d3800 GCTaskThread "GC Thread#4" [stack: 0x0000003bf2900000,0x0000003bf2a00000] [id=11132]
  0x000001810232b000 GCTaskThread "GC Thread#5" [stack: 0x0000003bf2a00000,0x0000003bf2b00000] [id=15820]
  0x00000181037bd000 GCTaskThread "GC Thread#6" [stack: 0x0000003bf3600000,0x0000003bf3700000] [id=22156]
  0x0000018102dd0800 GCTaskThread "GC Thread#7" [stack: 0x0000003bf3700000,0x0000003bf3800000] [id=22104]
  0x000001816645e800 ConcurrentGCThread "G1 Main Marker" [stack: 0x0000003bf1600000,0x0000003bf1700000] [id=8940]
  0x000001816645f800 ConcurrentGCThread "G1 Conc#0" [stack: 0x0000003bf1700000,0x0000003bf1800000] [id=17692]
  0x0000018101805000 ConcurrentGCThread "G1 Conc#1" [stack: 0x0000003bf3800000,0x0000003bf3900000] [id=8576]
  0x00000181664ed800 ConcurrentGCThread "G1 Refine#0" [stack: 0x0000003bf1800000,0x0000003bf1900000] [id=18500]
  0x00000181007f0800 ConcurrentGCThread "G1 Young RemSet Sampling" [stack: 0x0000003bf1900000,0x0000003bf1a00000] [id=11556]

Threads with active compile tasks:
C2 CompilerThread0   9616 6231       4       com.sun.beans.TypeResolver::resolve (37 bytes)
C2 CompilerThread1   9616 6312   !   4       java.net.URLClassLoader$1::run (63 bytes)
C2 CompilerThread2   9616 6293 %     4       org.gradle.internal.instantiation.generator.AbstractClassGenerator::inspectType @ 107 (560 bytes)

VM state:not at safepoint (normal execution)

VM Mutex/Monitor currently owned by a thread: None

Heap address: 0x0000000080000000, size: 2048 MB, Compressed Oops mode: 32-bit
Narrow klass base: 0x0000000000000000, Narrow klass shift: 3
Compressed class space size: 1073741824 Address: 0x0000000100000000

Heap:
 garbage-first heap   total 260096K, used 149999K [0x0000000080000000, 0x0000000100000000)
  region size 1024K, 122 young (124928K), 19 survivors (19456K)
 Metaspace       used 67579K, capacity 69213K, committed 69324K, reserved 1110016K
  class space    used 8754K, capacity 9382K, committed 9472K, reserved 1048576K
Heap Regions: E=young(eden), S=young(survivor), O=old, HS=humongous(starts), HC=humongous(continues), CS=collection set, F=free, A=archive, TAMS=top-at-mark-start (previous, next)
|   0|0x0000000080000000, 0x0000000080100000, 0x0000000080100000|100%| O|  |TAMS 0x0000000080100000, 0x0000000080000000| Untracked 
|   1|0x0000000080100000, 0x0000000080200000, 0x0000000080200000|100%| O|  |TAMS 0x0000000080200000, 0x0000000080100000| Untracked 
|   2|0x0000000080200000, 0x0000000080300000, 0x0000000080300000|100%| O|  |TAMS 0x0000000080300000, 0x0000000080200000| Untracked 
|   3|0x0000000080300000, 0x0000000080400000, 0x0000000080400000|100%|HS|  |TAMS 0x0000000080400000, 0x0000000080300000| Complete 
|   4|0x0000000080400000, 0x0000000080500000, 0x0000000080500000|100%|HC|  |TAMS 0x0000000080500000, 0x0000000080400000| Complete 
|   5|0x0000000080500000, 0x0000000080600000, 0x0000000080600000|100%|HC|  |TAMS 0x0000000080600000, 0x0000000080500000| Complete 
|   6|0x0000000080600000, 0x0000000080700000, 0x0000000080700000|100%| O|  |TAMS 0x0000000080700000, 0x0000000080600000| Untracked 
|   7|0x0000000080700000, 0x0000000080800000, 0x0000000080800000|100%| O|  |TAMS 0x0000000080800000, 0x0000000080700000| Untracked 
|   8|0x0000000080800000, 0x0000000080900000, 0x0000000080900000|100%| O|  |TAMS 0x0000000080900000, 0x0000000080800000| Untracked 
|   9|0x0000000080900000, 0x0000000080a00000, 0x0000000080a00000|100%| O|  |TAMS 0x0000000080a00000, 0x0000000080900000| Untracked 
|  10|0x0000000080a00000, 0x0000000080b00000, 0x0000000080b00000|100%| O|  |TAMS 0x0000000080b00000, 0x0000000080a00000| Untracked 
|  11|0x0000000080b00000, 0x0000000080c00000, 0x0000000080c00000|100%| O|  |TAMS 0x0000000080c00000, 0x0000000080b00000| Untracked 
|  12|0x0000000080c00000, 0x0000000080d00000, 0x0000000080d00000|100%| O|  |TAMS 0x0000000080d00000, 0x0000000080c00000| Untracked 
|  13|0x0000000080d00000, 0x0000000080e00000, 0x0000000080e00000|100%| O|  |TAMS 0x0000000080e00000, 0x0000000080d00000| Untracked 
|  14|0x0000000080e00000, 0x0000000080f00000, 0x0000000080f00000|100%| O|  |TAMS 0x0000000080f00000, 0x0000000080e00000| Untracked 
|  15|0x0000000080f00000, 0x0000000081000000, 0x0000000081000000|100%|HS|  |TAMS 0x0000000081000000, 0x0000000080f00000| Complete 
|  16|0x0000000081000000, 0x0000000081100000, 0x0000000081100000|100%|HS|  |TAMS 0x0000000081100000, 0x0000000081000000| Complete 
|  17|0x0000000081100000, 0x0000000081200000, 0x0000000081200000|100%|HS|  |TAMS 0x0000000081200000, 0x0000000081100000| Complete 
|  18|0x0000000081200000, 0x0000000081300000, 0x0000000081300000|100%|HC|  |TAMS 0x0000000081300000, 0x0000000081200000| Complete 
|  19|0x0000000081300000, 0x0000000081400000, 0x0000000081400000|100%| O|  |TAMS 0x0000000081400000, 0x0000000081300000| Untracked 
|  20|0x0000000081400000, 0x0000000081500000, 0x0000000081500000|100%| O|  |TAMS 0x0000000081500000, 0x0000000081400000| Untracked 
|  21|0x0000000081500000, 0x0000000081600000, 0x0000000081600000|100%| O|  |TAMS 0x0000000081600000, 0x0000000081500000| Untracked 
|  22|0x0000000081600000, 0x0000000081700000, 0x0000000081700000|100%| O|  |TAMS 0x0000000081700000, 0x0000000081600000| Untracked 
|  23|0x0000000081700000, 0x0000000081800000, 0x0000000081800000|100%| O|  |TAMS 0x0000000081800000, 0x0000000081700000| Untracked 
|  24|0x0000000081800000, 0x0000000081900000, 0x0000000081900000|100%| O|  |TAMS 0x0000000081900000, 0x0000000081800000| Untracked 
|  25|0x0000000081900000, 0x000000008197be00, 0x0000000081a00000| 48%| O|  |TAMS 0x000000008197be00, 0x0000000081900000| Untracked 
|  26|0x0000000081a00000, 0x0000000081b00000, 0x0000000081b00000|100%|HS|  |TAMS 0x0000000081a00000, 0x0000000081a00000| Complete 
|  27|0x0000000081b00000, 0x0000000081b00000, 0x0000000081c00000|  0%| F|  |TAMS 0x0000000081b00000, 0x0000000081b00000| Untracked 
|  28|0x0000000081c00000, 0x0000000081c00000, 0x0000000081d00000|  0%| F|  |TAMS 0x0000000081c00000, 0x0000000081c00000| Untracked 
|  29|0x0000000081d00000, 0x0000000081d00000, 0x0000000081e00000|  0%| F|  |TAMS 0x0000000081d00000, 0x0000000081d00000| Untracked 
|  30|0x0000000081e00000, 0x0000000081e00000, 0x0000000081f00000|  0%| F|  |TAMS 0x0000000081e00000, 0x0000000081e00000| Untracked 
|  31|0x0000000081f00000, 0x0000000081f00000, 0x0000000082000000|  0%| F|  |TAMS 0x0000000081f00000, 0x0000000081f00000| Untracked 
|  32|0x0000000082000000, 0x0000000082000000, 0x0000000082100000|  0%| F|  |TAMS 0x0000000082000000, 0x0000000082000000| Untracked 
|  33|0x0000000082100000, 0x0000000082100000, 0x0000000082200000|  0%| F|  |TAMS 0x0000000082100000, 0x0000000082100000| Untracked 
|  34|0x0000000082200000, 0x0000000082200000, 0x0000000082300000|  0%| F|  |TAMS 0x0000000082200000, 0x0000000082200000| Untracked 
|  35|0x0000000082300000, 0x0000000082300000, 0x0000000082400000|  0%| F|  |TAMS 0x0000000082300000, 0x0000000082300000| Untracked 
|  36|0x0000000082400000, 0x0000000082400000, 0x0000000082500000|  0%| F|  |TAMS 0x0000000082400000, 0x0000000082400000| Untracked 
|  37|0x0000000082500000, 0x0000000082500000, 0x0000000082600000|  0%| F|  |TAMS 0x0000000082500000, 0x0000000082500000| Untracked 
|  38|0x0000000082600000, 0x0000000082600000, 0x0000000082700000|  0%| F|  |TAMS 0x0000000082600000, 0x0000000082600000| Untracked 
|  39|0x0000000082700000, 0x0000000082700000, 0x0000000082800000|  0%| F|  |TAMS 0x0000000082700000, 0x0000000082700000| Untracked 
|  40|0x0000000082800000, 0x0000000082800000, 0x0000000082900000|  0%| F|  |TAMS 0x0000000082800000, 0x0000000082800000| Untracked 
|  41|0x0000000082900000, 0x0000000082900000, 0x0000000082a00000|  0%| F|  |TAMS 0x0000000082900000, 0x0000000082900000| Untracked 
|  42|0x0000000082a00000, 0x0000000082a00000, 0x0000000082b00000|  0%| F|  |TAMS 0x0000000082a00000, 0x0000000082a00000| Untracked 
|  43|0x0000000082b00000, 0x0000000082b00000, 0x0000000082c00000|  0%| F|  |TAMS 0x0000000082b00000, 0x0000000082b00000| Untracked 
|  44|0x0000000082c00000, 0x0000000082c00000, 0x0000000082d00000|  0%| F|  |TAMS 0x0000000082c00000, 0x0000000082c00000| Untracked 
|  45|0x0000000082d00000, 0x0000000082d00000, 0x0000000082e00000|  0%| F|  |TAMS 0x0000000082d00000, 0x0000000082d00000| Untracked 
|  46|0x0000000082e00000, 0x0000000082e00000, 0x0000000082f00000|  0%| F|  |TAMS 0x0000000082e00000, 0x0000000082e00000| Untracked 
|  47|0x0000000082f00000, 0x0000000082f00000, 0x0000000083000000|  0%| F|  |TAMS 0x0000000082f00000, 0x0000000082f00000| Untracked 
|  48|0x0000000083000000, 0x0000000083000000, 0x0000000083100000|  0%| F|  |TAMS 0x0000000083000000, 0x0000000083000000| Untracked 
|  49|0x0000000083100000, 0x0000000083100000, 0x0000000083200000|  0%| F|  |TAMS 0x0000000083100000, 0x0000000083100000| Untracked 
|  50|0x0000000083200000, 0x0000000083200000, 0x0000000083300000|  0%| F|  |TAMS 0x0000000083200000, 0x0000000083200000| Untracked 
|  51|0x0000000083300000, 0x0000000083300000, 0x0000000083400000|  0%| F|  |TAMS 0x0000000083300000, 0x0000000083300000| Untracked 
|  52|0x0000000083400000, 0x0000000083400000, 0x0000000083500000|  0%| F|  |TAMS 0x0000000083400000, 0x0000000083400000| Untracked 
|  53|0x0000000083500000, 0x0000000083500000, 0x0000000083600000|  0%| F|  |TAMS 0x0000000083500000, 0x0000000083500000| Untracked 
|  54|0x0000000083600000, 0x0000000083600000, 0x0000000083700000|  0%| F|  |TAMS 0x0000000083600000, 0x0000000083600000| Untracked 
|  55|0x0000000083700000, 0x0000000083700000, 0x0000000083800000|  0%| F|  |TAMS 0x0000000083700000, 0x0000000083700000| Untracked 
|  56|0x0000000083800000, 0x0000000083800000, 0x0000000083900000|  0%| F|  |TAMS 0x0000000083800000, 0x0000000083800000| Untracked 
|  57|0x0000000083900000, 0x0000000083900000, 0x0000000083a00000|  0%| F|  |TAMS 0x0000000083900000, 0x0000000083900000| Untracked 
|  58|0x0000000083a00000, 0x0000000083a00000, 0x0000000083b00000|  0%| F|  |TAMS 0x0000000083a00000, 0x0000000083a00000| Untracked 
|  59|0x0000000083b00000, 0x0000000083b00000, 0x0000000083c00000|  0%| F|  |TAMS 0x0000000083b00000, 0x0000000083b00000| Untracked 
|  60|0x0000000083c00000, 0x0000000083c00000, 0x0000000083d00000|  0%| F|  |TAMS 0x0000000083c00000, 0x0000000083c00000| Untracked 
|  61|0x0000000083d00000, 0x0000000083d00000, 0x0000000083e00000|  0%| F|  |TAMS 0x0000000083d00000, 0x0000000083d00000| Untracked 
|  62|0x0000000083e00000, 0x0000000083e00000, 0x0000000083f00000|  0%| F|  |TAMS 0x0000000083e00000, 0x0000000083e00000| Untracked 
|  63|0x0000000083f00000, 0x0000000083f00000, 0x0000000084000000|  0%| F|  |TAMS 0x0000000083f00000, 0x0000000083f00000| Untracked 
|  64|0x0000000084000000, 0x0000000084000000, 0x0000000084100000|  0%| F|  |TAMS 0x0000000084000000, 0x0000000084000000| Untracked 
|  65|0x0000000084100000, 0x0000000084100000, 0x0000000084200000|  0%| F|  |TAMS 0x0000000084100000, 0x0000000084100000| Untracked 
|  66|0x0000000084200000, 0x0000000084200000, 0x0000000084300000|  0%| F|  |TAMS 0x0000000084200000, 0x0000000084200000| Untracked 
|  67|0x0000000084300000, 0x0000000084300000, 0x0000000084400000|  0%| F|  |TAMS 0x0000000084300000, 0x0000000084300000| Untracked 
|  68|0x0000000084400000, 0x0000000084400000, 0x0000000084500000|  0%| F|  |TAMS 0x0000000084400000, 0x0000000084400000| Untracked 
|  69|0x0000000084500000, 0x0000000084500000, 0x0000000084600000|  0%| F|  |TAMS 0x0000000084500000, 0x0000000084500000| Untracked 
|  70|0x0000000084600000, 0x0000000084600000, 0x0000000084700000|  0%| F|  |TAMS 0x0000000084600000, 0x0000000084600000| Untracked 
|  71|0x0000000084700000, 0x0000000084700000, 0x0000000084800000|  0%| F|  |TAMS 0x0000000084700000, 0x0000000084700000| Untracked 
|  72|0x0000000084800000, 0x0000000084800000, 0x0000000084900000|  0%| F|  |TAMS 0x0000000084800000, 0x0000000084800000| Untracked 
|  73|0x0000000084900000, 0x0000000084900000, 0x0000000084a00000|  0%| F|  |TAMS 0x0000000084900000, 0x0000000084900000| Untracked 
|  74|0x0000000084a00000, 0x0000000084a00000, 0x0000000084b00000|  0%| F|  |TAMS 0x0000000084a00000, 0x0000000084a00000| Untracked 
|  75|0x0000000084b00000, 0x0000000084b00000, 0x0000000084c00000|  0%| F|  |TAMS 0x0000000084b00000, 0x0000000084b00000| Untracked 
|  76|0x0000000084c00000, 0x0000000084c00000, 0x0000000084d00000|  0%| F|  |TAMS 0x0000000084c00000, 0x0000000084c00000| Untracked 
|  77|0x0000000084d00000, 0x0000000084d00000, 0x0000000084e00000|  0%| F|  |TAMS 0x0000000084d00000, 0x0000000084d00000| Untracked 
|  78|0x0000000084e00000, 0x0000000084e00000, 0x0000000084f00000|  0%| F|  |TAMS 0x0000000084e00000, 0x0000000084e00000| Untracked 
|  79|0x0000000084f00000, 0x0000000084f00000, 0x0000000085000000|  0%| F|  |TAMS 0x0000000084f00000, 0x0000000084f00000| Untracked 
|  80|0x0000000085000000, 0x0000000085000000, 0x0000000085100000|  0%| F|  |TAMS 0x0000000085000000, 0x0000000085000000| Untracked 
|  81|0x0000000085100000, 0x0000000085100000, 0x0000000085200000|  0%| F|  |TAMS 0x0000000085100000, 0x0000000085100000| Untracked 
|  82|0x0000000085200000, 0x0000000085200000, 0x0000000085300000|  0%| F|  |TAMS 0x0000000085200000, 0x0000000085200000| Untracked 
|  83|0x0000000085300000, 0x0000000085300000, 0x0000000085400000|  0%| F|  |TAMS 0x0000000085300000, 0x0000000085300000| Untracked 
|  84|0x0000000085400000, 0x0000000085400000, 0x0000000085500000|  0%| F|  |TAMS 0x0000000085400000, 0x0000000085400000| Untracked 
|  85|0x0000000085500000, 0x0000000085500000, 0x0000000085600000|  0%| F|  |TAMS 0x0000000085500000, 0x0000000085500000| Untracked 
|  86|0x0000000085600000, 0x0000000085600000, 0x0000000085700000|  0%| F|  |TAMS 0x0000000085600000, 0x0000000085600000| Untracked 
|  87|0x0000000085700000, 0x0000000085700000, 0x0000000085800000|  0%| F|  |TAMS 0x0000000085700000, 0x0000000085700000| Untracked 
|  88|0x0000000085800000, 0x0000000085800000, 0x0000000085900000|  0%| F|  |TAMS 0x0000000085800000, 0x0000000085800000| Untracked 
|  89|0x0000000085900000, 0x0000000085900000, 0x0000000085a00000|  0%| F|  |TAMS 0x0000000085900000, 0x0000000085900000| Untracked 
|  90|0x0000000085a00000, 0x0000000085a00000, 0x0000000085b00000|  0%| F|  |TAMS 0x0000000085a00000, 0x0000000085a00000| Untracked 
|  91|0x0000000085b00000, 0x0000000085b00000, 0x0000000085c00000|  0%| F|  |TAMS 0x0000000085b00000, 0x0000000085b00000| Untracked 
|  92|0x0000000085c00000, 0x0000000085c00000, 0x0000000085d00000|  0%| F|  |TAMS 0x0000000085c00000, 0x0000000085c00000| Untracked 
|  93|0x0000000085d00000, 0x0000000085d00000, 0x0000000085e00000|  0%| F|  |TAMS 0x0000000085d00000, 0x0000000085d00000| Untracked 
|  94|0x0000000085e00000, 0x0000000085e00000, 0x0000000085f00000|  0%| F|  |TAMS 0x0000000085e00000, 0x0000000085e00000| Untracked 
|  95|0x0000000085f00000, 0x0000000085f00000, 0x0000000086000000|  0%| F|  |TAMS 0x0000000085f00000, 0x0000000085f00000| Untracked 
|  96|0x0000000086000000, 0x0000000086000000, 0x0000000086100000|  0%| F|  |TAMS 0x0000000086000000, 0x0000000086000000| Untracked 
|  97|0x0000000086100000, 0x0000000086100000, 0x0000000086200000|  0%| F|  |TAMS 0x0000000086100000, 0x0000000086100000| Untracked 
|  98|0x0000000086200000, 0x0000000086200000, 0x0000000086300000|  0%| F|  |TAMS 0x0000000086200000, 0x0000000086200000| Untracked 
|  99|0x0000000086300000, 0x0000000086300000, 0x0000000086400000|  0%| F|  |TAMS 0x0000000086300000, 0x0000000086300000| Untracked 
| 100|0x0000000086400000, 0x0000000086500000, 0x0000000086500000|100%| S|CS|TAMS 0x0000000086400000, 0x0000000086400000| Complete 
| 101|0x0000000086500000, 0x0000000086600000, 0x0000000086600000|100%| S|CS|TAMS 0x0000000086500000, 0x0000000086500000| Complete 
| 102|0x0000000086600000, 0x0000000086700000, 0x0000000086700000|100%| S|CS|TAMS 0x0000000086600000, 0x0000000086600000| Complete 
| 103|0x0000000086700000, 0x0000000086800000, 0x0000000086800000|100%| S|CS|TAMS 0x0000000086700000, 0x0000000086700000| Complete 
| 104|0x0000000086800000, 0x0000000086900000, 0x0000000086900000|100%| S|CS|TAMS 0x0000000086800000, 0x0000000086800000| Complete 
| 105|0x0000000086900000, 0x0000000086a00000, 0x0000000086a00000|100%| S|CS|TAMS 0x0000000086900000, 0x0000000086900000| Complete 
| 106|0x0000000086a00000, 0x0000000086a00000, 0x0000000086b00000|  0%| F|  |TAMS 0x0000000086a00000, 0x0000000086a00000| Untracked 
| 107|0x0000000086b00000, 0x0000000086b00000, 0x0000000086c00000|  0%| F|  |TAMS 0x0000000086b00000, 0x0000000086b00000| Untracked 
| 108|0x0000000086c00000, 0x0000000086c00000, 0x0000000086d00000|  0%| F|  |TAMS 0x0000000086c00000, 0x0000000086c00000| Untracked 
| 109|0x0000000086d00000, 0x0000000086d00000, 0x0000000086e00000|  0%| F|  |TAMS 0x0000000086d00000, 0x0000000086d00000| Untracked 
| 110|0x0000000086e00000, 0x0000000086e00000, 0x0000000086f00000|  0%| F|  |TAMS 0x0000000086e00000, 0x0000000086e00000| Untracked 
| 111|0x0000000086f00000, 0x0000000086f00000, 0x0000000087000000|  0%| F|  |TAMS 0x0000000086f00000, 0x0000000086f00000| Untracked 
| 112|0x0000000087000000, 0x0000000087000000, 0x0000000087100000|  0%| F|  |TAMS 0x0000000087000000, 0x0000000087000000| Untracked 
| 113|0x0000000087100000, 0x0000000087100000, 0x0000000087200000|  0%| F|  |TAMS 0x0000000087100000, 0x0000000087100000| Untracked 
| 114|0x0000000087200000, 0x0000000087200000, 0x0000000087300000|  0%| F|  |TAMS 0x0000000087200000, 0x0000000087200000| Untracked 
| 115|0x0000000087300000, 0x0000000087300000, 0x0000000087400000|  0%| F|  |TAMS 0x0000000087300000, 0x0000000087300000| Untracked 
| 116|0x0000000087400000, 0x0000000087400000, 0x0000000087500000|  0%| F|  |TAMS 0x0000000087400000, 0x0000000087400000| Untracked 
| 117|0x0000000087500000, 0x0000000087500000, 0x0000000087600000|  0%| F|  |TAMS 0x0000000087500000, 0x0000000087500000| Untracked 
| 118|0x0000000087600000, 0x0000000087600000, 0x0000000087700000|  0%| F|  |TAMS 0x0000000087600000, 0x0000000087600000| Untracked 
| 119|0x0000000087700000, 0x0000000087700000, 0x0000000087800000|  0%| F|  |TAMS 0x0000000087700000, 0x0000000087700000| Untracked 
| 120|0x0000000087800000, 0x0000000087900000, 0x0000000087900000|100%| S|CS|TAMS 0x0000000087800000, 0x0000000087800000| Complete 
| 121|0x0000000087900000, 0x0000000087a00000, 0x0000000087a00000|100%| S|CS|TAMS 0x0000000087900000, 0x0000000087900000| Complete 
| 122|0x0000000087a00000, 0x0000000087b00000, 0x0000000087b00000|100%| S|CS|TAMS 0x0000000087a00000, 0x0000000087a00000| Complete 
| 123|0x0000000087b00000, 0x0000000087c00000, 0x0000000087c00000|100%| S|CS|TAMS 0x0000000087b00000, 0x0000000087b00000| Complete 
| 124|0x0000000087c00000, 0x0000000087d00000, 0x0000000087d00000|100%| S|CS|TAMS 0x0000000087c00000, 0x0000000087c00000| Complete 
| 125|0x0000000087d00000, 0x0000000087e00000, 0x0000000087e00000|100%| S|CS|TAMS 0x0000000087d00000, 0x0000000087d00000| Complete 
| 126|0x0000000087e00000, 0x0000000087f00000, 0x0000000087f00000|100%| S|CS|TAMS 0x0000000087e00000, 0x0000000087e00000| Complete 
| 127|0x0000000087f00000, 0x0000000088000000, 0x0000000088000000|100%| S|CS|TAMS 0x0000000087f00000, 0x0000000087f00000| Complete 
| 128|0x0000000088000000, 0x0000000088100000, 0x0000000088100000|100%| S|CS|TAMS 0x0000000088000000, 0x0000000088000000| Complete 
| 129|0x0000000088100000, 0x0000000088200000, 0x0000000088200000|100%| S|CS|TAMS 0x0000000088100000, 0x0000000088100000| Complete 
| 130|0x0000000088200000, 0x0000000088300000, 0x0000000088300000|100%| S|CS|TAMS 0x0000000088200000, 0x0000000088200000| Complete 
| 131|0x0000000088300000, 0x0000000088400000, 0x0000000088400000|100%| S|CS|TAMS 0x0000000088300000, 0x0000000088300000| Complete 
| 132|0x0000000088400000, 0x0000000088500000, 0x0000000088500000|100%| S|CS|TAMS 0x0000000088400000, 0x0000000088400000| Complete 
| 133|0x0000000088500000, 0x0000000088500000, 0x0000000088600000|  0%| F|  |TAMS 0x0000000088500000, 0x0000000088500000| Untracked 
| 134|0x0000000088600000, 0x0000000088600000, 0x0000000088700000|  0%| F|  |TAMS 0x0000000088600000, 0x0000000088600000| Untracked 
| 135|0x0000000088700000, 0x0000000088700000, 0x0000000088800000|  0%| F|  |TAMS 0x0000000088700000, 0x0000000088700000| Untracked 
| 136|0x0000000088800000, 0x0000000088800000, 0x0000000088900000|  0%| F|  |TAMS 0x0000000088800000, 0x0000000088800000| Untracked 
| 137|0x0000000088900000, 0x0000000088900000, 0x0000000088a00000|  0%| F|  |TAMS 0x0000000088900000, 0x0000000088900000| Untracked 
| 138|0x0000000088a00000, 0x0000000088a00000, 0x0000000088b00000|  0%| F|  |TAMS 0x0000000088a00000, 0x0000000088a00000| Untracked 
| 139|0x0000000088b00000, 0x0000000088b00000, 0x0000000088c00000|  0%| F|  |TAMS 0x0000000088b00000, 0x0000000088b00000| Untracked 
| 140|0x0000000088c00000, 0x0000000088c00000, 0x0000000088d00000|  0%| F|  |TAMS 0x0000000088c00000, 0x0000000088c00000| Untracked 
| 141|0x0000000088d00000, 0x0000000088d00000, 0x0000000088e00000|  0%| F|  |TAMS 0x0000000088d00000, 0x0000000088d00000| Untracked 
| 142|0x0000000088e00000, 0x0000000088e00000, 0x0000000088f00000|  0%| F|  |TAMS 0x0000000088e00000, 0x0000000088e00000| Untracked 
| 143|0x0000000088f00000, 0x0000000088f00000, 0x0000000089000000|  0%| F|  |TAMS 0x0000000088f00000, 0x0000000088f00000| Untracked 
| 144|0x0000000089000000, 0x0000000089000000, 0x0000000089100000|  0%| F|  |TAMS 0x0000000089000000, 0x0000000089000000| Untracked 
| 145|0x0000000089100000, 0x0000000089100000, 0x0000000089200000|  0%| F|  |TAMS 0x0000000089100000, 0x0000000089100000| Untracked 
| 146|0x0000000089200000, 0x0000000089200000, 0x0000000089300000|  0%| F|  |TAMS 0x0000000089200000, 0x0000000089200000| Untracked 
| 147|0x0000000089300000, 0x0000000089300000, 0x0000000089400000|  0%| F|  |TAMS 0x0000000089300000, 0x0000000089300000| Untracked 
| 148|0x0000000089400000, 0x0000000089400000, 0x0000000089500000|  0%| F|  |TAMS 0x0000000089400000, 0x0000000089400000| Untracked 
| 149|0x0000000089500000, 0x0000000089500000, 0x0000000089600000|  0%| F|  |TAMS 0x0000000089500000, 0x0000000089500000| Untracked 
| 150|0x0000000089600000, 0x0000000089600000, 0x0000000089700000|  0%| F|  |TAMS 0x0000000089600000, 0x0000000089600000| Untracked 
| 151|0x0000000089700000, 0x0000000089780888, 0x0000000089800000| 50%| E|  |TAMS 0x0000000089700000, 0x0000000089700000| Complete 
| 152|0x0000000089800000, 0x0000000089900000, 0x0000000089900000|100%| E|CS|TAMS 0x0000000089800000, 0x0000000089800000| Complete 
| 153|0x0000000089900000, 0x0000000089a00000, 0x0000000089a00000|100%| E|CS|TAMS 0x0000000089900000, 0x0000000089900000| Complete 
| 154|0x0000000089a00000, 0x0000000089b00000, 0x0000000089b00000|100%| E|CS|TAMS 0x0000000089a00000, 0x0000000089a00000| Complete 
| 155|0x0000000089b00000, 0x0000000089c00000, 0x0000000089c00000|100%| E|CS|TAMS 0x0000000089b00000, 0x0000000089b00000| Complete 
| 156|0x0000000089c00000, 0x0000000089d00000, 0x0000000089d00000|100%| E|CS|TAMS 0x0000000089c00000, 0x0000000089c00000| Complete 
| 157|0x0000000089d00000, 0x0000000089e00000, 0x0000000089e00000|100%| E|CS|TAMS 0x0000000089d00000, 0x0000000089d00000| Complete 
| 158|0x0000000089e00000, 0x0000000089f00000, 0x0000000089f00000|100%| E|CS|TAMS 0x0000000089e00000, 0x0000000089e00000| Complete 
| 159|0x0000000089f00000, 0x000000008a000000, 0x000000008a000000|100%| E|CS|TAMS 0x0000000089f00000, 0x0000000089f00000| Complete 
| 160|0x000000008a000000, 0x000000008a100000, 0x000000008a100000|100%| E|CS|TAMS 0x000000008a000000, 0x000000008a000000| Complete 
| 161|0x000000008a100000, 0x000000008a200000, 0x000000008a200000|100%| E|CS|TAMS 0x000000008a100000, 0x000000008a100000| Complete 
| 162|0x000000008a200000, 0x000000008a300000, 0x000000008a300000|100%| E|CS|TAMS 0x000000008a200000, 0x000000008a200000| Complete 
| 163|0x000000008a300000, 0x000000008a400000, 0x000000008a400000|100%| E|CS|TAMS 0x000000008a300000, 0x000000008a300000| Complete 
| 164|0x000000008a400000, 0x000000008a500000, 0x000000008a500000|100%| E|CS|TAMS 0x000000008a400000, 0x000000008a400000| Complete 
| 165|0x000000008a500000, 0x000000008a600000, 0x000000008a600000|100%| E|CS|TAMS 0x000000008a500000, 0x000000008a500000| Complete 
| 166|0x000000008a600000, 0x000000008a700000, 0x000000008a700000|100%| E|CS|TAMS 0x000000008a600000, 0x000000008a600000| Complete 
| 167|0x000000008a700000, 0x000000008a800000, 0x000000008a800000|100%| E|CS|TAMS 0x000000008a700000, 0x000000008a700000| Complete 
| 168|0x000000008a800000, 0x000000008a900000, 0x000000008a900000|100%| E|CS|TAMS 0x000000008a800000, 0x000000008a800000| Complete 
| 169|0x000000008a900000, 0x000000008aa00000, 0x000000008aa00000|100%| E|CS|TAMS 0x000000008a900000, 0x000000008a900000| Complete 
| 170|0x000000008aa00000, 0x000000008ab00000, 0x000000008ab00000|100%| E|CS|TAMS 0x000000008aa00000, 0x000000008aa00000| Complete 
| 171|0x000000008ab00000, 0x000000008ac00000, 0x000000008ac00000|100%| E|CS|TAMS 0x000000008ab00000, 0x000000008ab00000| Complete 
| 172|0x000000008ac00000, 0x000000008ad00000, 0x000000008ad00000|100%| E|CS|TAMS 0x000000008ac00000, 0x000000008ac00000| Complete 
| 173|0x000000008ad00000, 0x000000008ae00000, 0x000000008ae00000|100%| E|CS|TAMS 0x000000008ad00000, 0x000000008ad00000| Complete 
| 174|0x000000008ae00000, 0x000000008af00000, 0x000000008af00000|100%| E|CS|TAMS 0x000000008ae00000, 0x000000008ae00000| Complete 
| 175|0x000000008af00000, 0x000000008b000000, 0x000000008b000000|100%| E|CS|TAMS 0x000000008af00000, 0x000000008af00000| Complete 
| 176|0x000000008b000000, 0x000000008b100000, 0x000000008b100000|100%| E|CS|TAMS 0x000000008b000000, 0x000000008b000000| Complete 
| 177|0x000000008b100000, 0x000000008b200000, 0x000000008b200000|100%| E|CS|TAMS 0x000000008b100000, 0x000000008b100000| Complete 
| 178|0x000000008b200000, 0x000000008b300000, 0x000000008b300000|100%| E|CS|TAMS 0x000000008b200000, 0x000000008b200000| Complete 
| 179|0x000000008b300000, 0x000000008b400000, 0x000000008b400000|100%| E|CS|TAMS 0x000000008b300000, 0x000000008b300000| Complete 
| 180|0x000000008b400000, 0x000000008b500000, 0x000000008b500000|100%| E|CS|TAMS 0x000000008b400000, 0x000000008b400000| Complete 
| 181|0x000000008b500000, 0x000000008b600000, 0x000000008b600000|100%| E|CS|TAMS 0x000000008b500000, 0x000000008b500000| Complete 
| 182|0x000000008b600000, 0x000000008b700000, 0x000000008b700000|100%| E|CS|TAMS 0x000000008b600000, 0x000000008b600000| Complete 
| 183|0x000000008b700000, 0x000000008b800000, 0x000000008b800000|100%| E|CS|TAMS 0x000000008b700000, 0x000000008b700000| Complete 
| 184|0x000000008b800000, 0x000000008b900000, 0x000000008b900000|100%| E|CS|TAMS 0x000000008b800000, 0x000000008b800000| Complete 
| 185|0x000000008b900000, 0x000000008ba00000, 0x000000008ba00000|100%| E|CS|TAMS 0x000000008b900000, 0x000000008b900000| Complete 
| 186|0x000000008ba00000, 0x000000008bb00000, 0x000000008bb00000|100%| E|CS|TAMS 0x000000008ba00000, 0x000000008ba00000| Complete 
| 187|0x000000008bb00000, 0x000000008bc00000, 0x000000008bc00000|100%| E|CS|TAMS 0x000000008bb00000, 0x000000008bb00000| Complete 
| 188|0x000000008bc00000, 0x000000008bd00000, 0x000000008bd00000|100%| E|CS|TAMS 0x000000008bc00000, 0x000000008bc00000| Complete 
| 189|0x000000008bd00000, 0x000000008be00000, 0x000000008be00000|100%| E|CS|TAMS 0x000000008bd00000, 0x000000008bd00000| Complete 
| 190|0x000000008be00000, 0x000000008bf00000, 0x000000008bf00000|100%| E|CS|TAMS 0x000000008be00000, 0x000000008be00000| Complete 
| 191|0x000000008bf00000, 0x000000008c000000, 0x000000008c000000|100%| E|CS|TAMS 0x000000008bf00000, 0x000000008bf00000| Complete 
| 192|0x000000008c000000, 0x000000008c100000, 0x000000008c100000|100%| E|CS|TAMS 0x000000008c000000, 0x000000008c000000| Complete 
| 193|0x000000008c100000, 0x000000008c200000, 0x000000008c200000|100%| E|CS|TAMS 0x000000008c100000, 0x000000008c100000| Complete 
| 194|0x000000008c200000, 0x000000008c300000, 0x000000008c300000|100%| E|CS|TAMS 0x000000008c200000, 0x000000008c200000| Complete 
| 195|0x000000008c300000, 0x000000008c400000, 0x000000008c400000|100%| E|CS|TAMS 0x000000008c300000, 0x000000008c300000| Complete 
| 196|0x000000008c400000, 0x000000008c500000, 0x000000008c500000|100%| E|CS|TAMS 0x000000008c400000, 0x000000008c400000| Complete 
| 197|0x000000008c500000, 0x000000008c600000, 0x000000008c600000|100%| E|CS|TAMS 0x000000008c500000, 0x000000008c500000| Complete 
| 198|0x000000008c600000, 0x000000008c700000, 0x000000008c700000|100%| E|CS|TAMS 0x000000008c600000, 0x000000008c600000| Complete 
| 199|0x000000008c700000, 0x000000008c800000, 0x000000008c800000|100%| E|CS|TAMS 0x000000008c700000, 0x000000008c700000| Complete 
| 200|0x000000008c800000, 0x000000008c900000, 0x000000008c900000|100%| E|CS|TAMS 0x000000008c800000, 0x000000008c800000| Complete 
| 201|0x000000008c900000, 0x000000008ca00000, 0x000000008ca00000|100%| E|CS|TAMS 0x000000008c900000, 0x000000008c900000| Complete 
| 202|0x000000008ca00000, 0x000000008cb00000, 0x000000008cb00000|100%| E|CS|TAMS 0x000000008ca00000, 0x000000008ca00000| Complete 
| 203|0x000000008cb00000, 0x000000008cc00000, 0x000000008cc00000|100%| E|CS|TAMS 0x000000008cb00000, 0x000000008cb00000| Complete 
| 204|0x000000008cc00000, 0x000000008cd00000, 0x000000008cd00000|100%| E|CS|TAMS 0x000000008cc00000, 0x000000008cc00000| Complete 
| 205|0x000000008cd00000, 0x000000008ce00000, 0x000000008ce00000|100%| E|CS|TAMS 0x000000008cd00000, 0x000000008cd00000| Complete 
| 206|0x000000008ce00000, 0x000000008cf00000, 0x000000008cf00000|100%| E|CS|TAMS 0x000000008ce00000, 0x000000008ce00000| Complete 
| 207|0x000000008cf00000, 0x000000008d000000, 0x000000008d000000|100%| E|CS|TAMS 0x000000008cf00000, 0x000000008cf00000| Complete 
| 208|0x000000008d000000, 0x000000008d100000, 0x000000008d100000|100%| E|CS|TAMS 0x000000008d000000, 0x000000008d000000| Complete 
| 209|0x000000008d100000, 0x000000008d200000, 0x000000008d200000|100%| E|CS|TAMS 0x000000008d100000, 0x000000008d100000| Complete 
| 210|0x000000008d200000, 0x000000008d300000, 0x000000008d300000|100%| E|CS|TAMS 0x000000008d200000, 0x000000008d200000| Complete 
| 211|0x000000008d300000, 0x000000008d400000, 0x000000008d400000|100%| E|CS|TAMS 0x000000008d300000, 0x000000008d300000| Complete 
| 212|0x000000008d400000, 0x000000008d500000, 0x000000008d500000|100%| E|CS|TAMS 0x000000008d400000, 0x000000008d400000| Complete 
| 213|0x000000008d500000, 0x000000008d600000, 0x000000008d600000|100%| E|CS|TAMS 0x000000008d500000, 0x000000008d500000| Complete 
| 214|0x000000008d600000, 0x000000008d700000, 0x000000008d700000|100%| E|CS|TAMS 0x000000008d600000, 0x000000008d600000| Complete 
| 215|0x000000008d700000, 0x000000008d800000, 0x000000008d800000|100%| E|CS|TAMS 0x000000008d700000, 0x000000008d700000| Complete 
| 216|0x000000008d800000, 0x000000008d900000, 0x000000008d900000|100%| E|CS|TAMS 0x000000008d800000, 0x000000008d800000| Complete 
| 217|0x000000008d900000, 0x000000008da00000, 0x000000008da00000|100%| E|CS|TAMS 0x000000008d900000, 0x000000008d900000| Complete 
| 218|0x000000008da00000, 0x000000008db00000, 0x000000008db00000|100%| E|CS|TAMS 0x000000008da00000, 0x000000008da00000| Complete 
| 219|0x000000008db00000, 0x000000008dc00000, 0x000000008dc00000|100%| E|CS|TAMS 0x000000008db00000, 0x000000008db00000| Complete 
| 220|0x000000008dc00000, 0x000000008dd00000, 0x000000008dd00000|100%| E|CS|TAMS 0x000000008dc00000, 0x000000008dc00000| Complete 
| 221|0x000000008dd00000, 0x000000008de00000, 0x000000008de00000|100%| E|CS|TAMS 0x000000008dd00000, 0x000000008dd00000| Complete 
| 222|0x000000008de00000, 0x000000008df00000, 0x000000008df00000|100%| E|CS|TAMS 0x000000008de00000, 0x000000008de00000| Complete 
| 223|0x000000008df00000, 0x000000008e000000, 0x000000008e000000|100%| E|CS|TAMS 0x000000008df00000, 0x000000008df00000| Complete 
| 224|0x000000008e000000, 0x000000008e100000, 0x000000008e100000|100%| E|CS|TAMS 0x000000008e000000, 0x000000008e000000| Complete 
| 225|0x000000008e100000, 0x000000008e200000, 0x000000008e200000|100%| E|CS|TAMS 0x000000008e100000, 0x000000008e100000| Complete 
| 226|0x000000008e200000, 0x000000008e300000, 0x000000008e300000|100%| E|CS|TAMS 0x000000008e200000, 0x000000008e200000| Complete 
| 227|0x000000008e300000, 0x000000008e400000, 0x000000008e400000|100%| E|CS|TAMS 0x000000008e300000, 0x000000008e300000| Complete 
| 228|0x000000008e400000, 0x000000008e500000, 0x000000008e500000|100%| E|CS|TAMS 0x000000008e400000, 0x000000008e400000| Complete 
| 229|0x000000008e500000, 0x000000008e600000, 0x000000008e600000|100%| E|CS|TAMS 0x000000008e500000, 0x000000008e500000| Complete 
| 230|0x000000008e600000, 0x000000008e700000, 0x000000008e700000|100%| E|CS|TAMS 0x000000008e600000, 0x000000008e600000| Complete 
| 231|0x000000008e700000, 0x000000008e800000, 0x000000008e800000|100%| E|CS|TAMS 0x000000008e700000, 0x000000008e700000| Complete 
| 232|0x000000008e800000, 0x000000008e900000, 0x000000008e900000|100%| E|CS|TAMS 0x000000008e800000, 0x000000008e800000| Complete 
| 233|0x000000008e900000, 0x000000008ea00000, 0x000000008ea00000|100%| E|CS|TAMS 0x000000008e900000, 0x000000008e900000| Complete 
| 234|0x000000008ea00000, 0x000000008eb00000, 0x000000008eb00000|100%| E|CS|TAMS 0x000000008ea00000, 0x000000008ea00000| Complete 
| 235|0x000000008eb00000, 0x000000008ec00000, 0x000000008ec00000|100%| E|CS|TAMS 0x000000008eb00000, 0x000000008eb00000| Complete 
| 236|0x000000008ec00000, 0x000000008ed00000, 0x000000008ed00000|100%| E|CS|TAMS 0x000000008ec00000, 0x000000008ec00000| Complete 
| 237|0x000000008ed00000, 0x000000008ee00000, 0x000000008ee00000|100%| E|CS|TAMS 0x000000008ed00000, 0x000000008ed00000| Complete 
| 238|0x000000008ee00000, 0x000000008ef00000, 0x000000008ef00000|100%| E|CS|TAMS 0x000000008ee00000, 0x000000008ee00000| Complete 
| 239|0x000000008ef00000, 0x000000008f000000, 0x000000008f000000|100%| E|CS|TAMS 0x000000008ef00000, 0x000000008ef00000| Complete 
| 240|0x000000008f000000, 0x000000008f100000, 0x000000008f100000|100%| E|CS|TAMS 0x000000008f000000, 0x000000008f000000| Complete 
| 241|0x000000008f100000, 0x000000008f200000, 0x000000008f200000|100%| E|CS|TAMS 0x000000008f100000, 0x000000008f100000| Complete 
| 242|0x000000008f200000, 0x000000008f300000, 0x000000008f300000|100%| E|CS|TAMS 0x000000008f200000, 0x000000008f200000| Complete 
| 243|0x000000008f300000, 0x000000008f400000, 0x000000008f400000|100%| E|CS|TAMS 0x000000008f300000, 0x000000008f300000| Complete 
| 244|0x000000008f400000, 0x000000008f500000, 0x000000008f500000|100%| E|CS|TAMS 0x000000008f400000, 0x000000008f400000| Complete 
| 245|0x000000008f500000, 0x000000008f600000, 0x000000008f600000|100%| E|  |TAMS 0x000000008f500000, 0x000000008f500000| Complete 
| 246|0x000000008f600000, 0x000000008f700000, 0x000000008f700000|100%| E|CS|TAMS 0x000000008f600000, 0x000000008f600000| Complete 
| 247|0x000000008f700000, 0x000000008f800000, 0x000000008f800000|100%| E|CS|TAMS 0x000000008f700000, 0x000000008f700000| Complete 
| 248|0x000000008f800000, 0x000000008f900000, 0x000000008f900000|100%| E|CS|TAMS 0x000000008f800000, 0x000000008f800000| Complete 
| 249|0x000000008f900000, 0x000000008fa00000, 0x000000008fa00000|100%| E|CS|TAMS 0x000000008f900000, 0x000000008f900000| Complete 
| 250|0x000000008fa00000, 0x000000008fb00000, 0x000000008fb00000|100%| E|CS|TAMS 0x000000008fa00000, 0x000000008fa00000| Complete 
| 251|0x000000008fb00000, 0x000000008fc00000, 0x000000008fc00000|100%| E|CS|TAMS 0x000000008fb00000, 0x000000008fb00000| Complete 
| 252|0x000000008fc00000, 0x000000008fd00000, 0x000000008fd00000|100%| E|CS|TAMS 0x000000008fc00000, 0x000000008fc00000| Complete 
| 253|0x000000008fd00000, 0x000000008fe00000, 0x000000008fe00000|100%| E|CS|TAMS 0x000000008fd00000, 0x000000008fd00000| Complete 

Card table byte_map: [0x0000018179630000,0x0000018179a30000] _byte_map_base: 0x0000018179230000

Marking Bits (Prev, Next): (CMBitMap*) 0x0000018166455830, (CMBitMap*) 0x00000181664557f8
 Prev Bits: [0x000001817be30000, 0x000001817de30000)
 Next Bits: [0x0000018179e30000, 0x000001817be30000)

Polling page: 0x00000181645c0000

Metaspace:

Usage:
  Non-class:     58.43 MB capacity,    57.45 MB ( 98%) used,   837.38 KB (  1%) free+waste,   168.31 KB ( <1%) overhead. 
      Class:      9.16 MB capacity,     8.55 MB ( 93%) used,   548.73 KB (  6%) free+waste,    79.06 KB ( <1%) overhead. 
       Both:     67.59 MB capacity,    66.00 MB ( 98%) used,     1.35 MB (  2%) free+waste,   247.38 KB ( <1%) overhead. 

Virtual space:
  Non-class space:       60.00 MB reserved,      58.45 MB ( 97%) committed 
      Class space:        1.00 GB reserved,       9.25 MB ( <1%) committed 
             Both:        1.06 GB reserved,      67.70 MB (  6%) committed 

Chunk freelists:
   Non-Class:  21.00 KB
       Class:  26.00 KB
        Both:  47.00 KB

MaxMetaspaceSize: 17179869184.00 GB
CompressedClassSpaceSize: 1.00 GB

CodeHeap 'non-profiled nmethods': size=120000Kb used=4012Kb max_used=4012Kb free=115987Kb
 bounds [0x00000181719d0000, 0x0000018171dc0000, 0x0000018178f00000]
CodeHeap 'profiled nmethods': size=120000Kb used=13788Kb max_used=13788Kb free=106211Kb
 bounds [0x000001816a4a0000, 0x000001816b220000, 0x00000181719d0000]
CodeHeap 'non-nmethods': size=5760Kb used=2263Kb max_used=2334Kb free=3497Kb
 bounds [0x0000018169f00000, 0x000001816a170000, 0x000001816a4a0000]
 total_blobs=7345 nmethods=6489 adapters=767
 compilation: enabled
              stopped_count=0, restarted_count=0
 full_count=0

Compilation events (20 events):
Event: 9.586 Thread 0x0000018101218800 nmethod 6498 0x000001816b209190 code [0x000001816b209480, 0x000001816b20a798]
Event: 9.586 Thread 0x0000018101218800 6489   !   3       org.gradle.internal.operations.DefaultBuildOperationRunner$3::execute (110 bytes)
Event: 9.587 Thread 0x0000018101218800 nmethod 6489 0x000001816b20ac90 code [0x000001816b20aec0, 0x000001816b20b6d8]
Event: 9.587 Thread 0x0000018101218800 6491       3       org.gradle.internal.operations.DefaultBuildOperationRunner$BuildOperationTrackingListener::start (53 bytes)
Event: 9.589 Thread 0x0000018101218800 nmethod 6491 0x000001816b20bb10 code [0x000001816b20bde0, 0x000001816b20ce98]
Event: 9.589 Thread 0x0000018101218800 6492       3       org.gradle.tooling.internal.provider.runner.ClientForwardingProjectConfigurationOperationListener::finished (69 bytes)
Event: 9.591 Thread 0x0000018101218800 nmethod 6492 0x000001816b20d490 code [0x000001816b20d760, 0x000001816b20e738]
Event: 9.591 Thread 0x0000018101218800 6493       3       org.gradle.tooling.internal.provider.runner.PluginApplicationTracker::getRunningPluginApplication (14 bytes)
Event: 9.591 Thread 0x0000018101218800 nmethod 6493 0x000001816b20ed10 code [0x000001816b20eee0, 0x000001816b20f188]
Event: 9.591 Thread 0x0000018101218800 6494       3       org.gradle.api.internal.tasks.compile.tooling.JavaCompileTaskSuccessResultPostProcessor::finished (56 bytes)
Event: 9.592 Thread 0x0000018101218800 nmethod 6494 0x000001816b20f290 code [0x000001816b20f4c0, 0x000001816b20fd68]
Event: 9.592 Thread 0x0000018101218800 6495       3       org.gradle.tooling.internal.provider.runner.TaskOriginTracker::finished (1 bytes)
Event: 9.592 Thread 0x0000018101218800 nmethod 6495 0x000001816b210010 code [0x000001816b2101c0, 0x000001816b2102b8]
Event: 9.592 Thread 0x0000018101218800 6496       3       org.gradle.tooling.internal.provider.runner.PluginApplicationTracker::finished (15 bytes)
Event: 9.592 Thread 0x0000018101218800 nmethod 6496 0x000001816b210390 code [0x000001816b210560, 0x000001816b210748]
Event: 9.592 Thread 0x0000018101218800 6497       3       org.gradle.tooling.internal.provider.runner.ClientForwardingTestOperationListener::finished (102 bytes)
Event: 9.593 Thread 0x0000018101218800 nmethod 6497 0x000001816b210810 code [0x000001816b210ae0, 0x000001816b211ac8]
Event: 9.593 Thread 0x0000018101218800 6490       3       org.gradle.internal.logging.progress.DefaultProgressLoggerFactory$ProgressLoggerImpl::assertRunning (63 bytes)
Event: 9.594 Thread 0x0000018101218800 nmethod 6490 0x000001816b211f90 code [0x000001816b212300, 0x000001816b213878]
Event: 9.594 Thread 0x0000018101218800 6499       3       org.gradle.internal.operations.DefaultBuildOperationExecutor$ListenerAdapter::stop (76 bytes)

GC Heap History (14 events):
Event: 0.770 GC heap before
{Heap before GC invocations=0 (full 0):
 garbage-first heap   total 260096K, used 29696K [0x0000000080000000, 0x0000000100000000)
  region size 1024K, 24 young (24576K), 0 survivors (0K)
 Metaspace       used 10223K, capacity 10485K, committed 10624K, reserved 1058816K
  class space    used 1063K, capacity 1139K, committed 1152K, reserved 1048576K
}
Event: 0.774 GC heap after
{Heap after GC invocations=1 (full 0):
 garbage-first heap   total 260096K, used 9274K [0x0000000080000000, 0x0000000100000000)
  region size 1024K, 3 young (3072K), 3 survivors (3072K)
 Metaspace       used 10223K, capacity 10485K, committed 10624K, reserved 1058816K
  class space    used 1063K, capacity 1139K, committed 1152K, reserved 1048576K
}
Event: 1.393 GC heap before
{Heap before GC invocations=1 (full 0):
 garbage-first heap   total 260096K, used 62522K [0x0000000080000000, 0x0000000100000000)
  region size 1024K, 55 young (56320K), 3 survivors (3072K)
 Metaspace       used 12377K, capacity 12751K, committed 13056K, reserved 1060864K
  class space    used 1358K, capacity 1446K, committed 1536K, reserved 1048576K
}
Event: 1.398 GC heap after
{Heap after GC invocations=2 (full 0):
 garbage-first heap   total 260096K, used 14518K [0x0000000080000000, 0x0000000100000000)
  region size 1024K, 7 young (7168K), 7 survivors (7168K)
 Metaspace       used 12377K, capacity 12751K, committed 13056K, reserved 1060864K
  class space    used 1358K, capacity 1446K, committed 1536K, reserved 1048576K
}
Event: 3.839 GC heap before
{Heap before GC invocations=2 (full 0):
 garbage-first heap   total 260096K, used 58550K [0x0000000080000000, 0x0000000100000000)
  region size 1024K, 51 young (52224K), 7 survivors (7168K)
 Metaspace       used 20603K, capacity 21088K, committed 21248K, reserved 1067008K
  class space    used 2504K, capacity 2690K, committed 2816K, reserved 1048576K
}
Event: 3.847 GC heap after
{Heap after GC invocations=3 (full 0):
 garbage-first heap   total 260096K, used 17096K [0x0000000080000000, 0x0000000100000000)
  region size 1024K, 7 young (7168K), 7 survivors (7168K)
 Metaspace       used 20603K, capacity 21088K, committed 21248K, reserved 1067008K
  class space    used 2504K, capacity 2690K, committed 2816K, reserved 1048576K
}
Event: 4.531 GC heap before
{Heap before GC invocations=4 (full 0):
 garbage-first heap   total 260096K, used 85704K [0x0000000080000000, 0x0000000100000000)
  region size 1024K, 74 young (75776K), 7 survivors (7168K)
 Metaspace       used 26991K, capacity 27703K, committed 27904K, reserved 1073152K
  class space    used 3549K, capacity 3795K, committed 3840K, reserved 1048576K
}
Event: 4.539 GC heap after
{Heap after GC invocations=5 (full 0):
 garbage-first heap   total 260096K, used 19271K [0x0000000080000000, 0x0000000100000000)
  region size 1024K, 5 young (5120K), 5 survivors (5120K)
 Metaspace       used 26991K, capacity 27703K, committed 27904K, reserved 1073152K
  class space    used 3549K, capacity 3795K, committed 3840K, reserved 1048576K
}
Event: 5.221 GC heap before
{Heap before GC invocations=5 (full 0):
 garbage-first heap   total 260096K, used 61255K [0x0000000080000000, 0x0000000100000000)
  region size 1024K, 48 young (49152K), 5 survivors (5120K)
 Metaspace       used 35027K, capacity 35790K, committed 35840K, reserved 1081344K
  class space    used 4534K, capacity 4832K, committed 4864K, reserved 1048576K
}
Event: 5.232 GC heap after
{Heap after GC invocations=6 (full 0):
 garbage-first heap   total 260096K, used 22395K [0x0000000080000000, 0x0000000100000000)
  region size 1024K, 8 young (8192K), 8 survivors (8192K)
 Metaspace       used 35027K, capacity 35790K, committed 35840K, reserved 1081344K
  class space    used 4534K, capacity 4832K, committed 4864K, reserved 1048576K
}
Event: 6.662 GC heap before
{Heap before GC invocations=7 (full 0):
 garbage-first heap   total 260096K, used 154491K [0x0000000080000000, 0x0000000100000000)
  region size 1024K, 134 young (137216K), 8 survivors (8192K)
 Metaspace       used 45711K, capacity 46889K, committed 46976K, reserved 1089536K
  class space    used 5866K, capacity 6262K, committed 6272K, reserved 1048576K
}
Event: 6.674 GC heap after
{Heap after GC invocations=8 (full 0):
 garbage-first heap   total 260096K, used 29083K [0x0000000080000000, 0x0000000100000000)
  region size 1024K, 14 young (14336K), 14 survivors (14336K)
 Metaspace       used 45711K, capacity 46889K, committed 46976K, reserved 1089536K
  class space    used 5866K, capacity 6262K, committed 6272K, reserved 1048576K
}
Event: 8.330 GC heap before
{Heap before GC invocations=8 (full 0):
 garbage-first heap   total 260096K, used 155035K [0x0000000080000000, 0x0000000100000000)
  region size 1024K, 135 young (138240K), 14 survivors (14336K)
 Metaspace       used 58418K, capacity 59940K, committed 60160K, reserved 1101824K
  class space    used 7413K, capacity 7927K, committed 7936K, reserved 1048576K
}
Event: 8.355 GC heap after
{Heap after GC invocations=9 (full 0):
 garbage-first heap   total 260096K, used 45551K [0x0000000080000000, 0x0000000100000000)
  region size 1024K, 19 young (19456K), 19 survivors (19456K)
 Metaspace       used 58418K, capacity 59940K, committed 60160K, reserved 1101824K
  class space    used 7413K, capacity 7927K, committed 7936K, reserved 1048576K
}

Deoptimization events (20 events):
Event: 9.008 Thread 0x00000181029fa000 Uncommon trap: trap_request=0xffffff4d fr.pc=0x0000018171b7726c relative=0x000000000000032c
Event: 9.008 Thread 0x00000181029fa000 Uncommon trap: reason=unstable_if action=reinterpret pc=0x0000018171b7726c method=java.util.StringJoiner.add(Ljava/lang/CharSequence;)Ljava/util/StringJoiner; @ 33 c2
Event: 9.008 Thread 0x00000181029fa000 DEOPT PACKING pc=0x0000018171b7726c sp=0x0000003bf30f5d00
Event: 9.008 Thread 0x00000181029fa000 DEOPT UNPACKING pc=0x0000018169f2782f sp=0x0000003bf30f5cb0 mode 2
Event: 9.042 Thread 0x00000181029fa000 Uncommon trap: trap_request=0xfffffff4 fr.pc=0x0000018171d990f8 relative=0x00000000000008d8
Event: 9.042 Thread 0x00000181029fa000 Uncommon trap: reason=null_check action=make_not_entrant pc=0x0000018171d990f8 method=com.sun.beans.introspect.MethodInfo$MethodOrder.compare(Ljava/lang/reflect/Method;Ljava/lang/reflect/Method;)I @ 133 c2
Event: 9.042 Thread 0x00000181029fa000 DEOPT PACKING pc=0x0000018171d990f8 sp=0x0000003bf30f3e60
Event: 9.042 Thread 0x00000181029fa000 DEOPT UNPACKING pc=0x0000018169f2782f sp=0x0000003bf30f3d90 mode 2
Event: 9.042 Thread 0x00000181029fa000 Uncommon trap: trap_request=0xfffffff4 fr.pc=0x0000018171d9a360 relative=0x0000000000000840
Event: 9.042 Thread 0x00000181029fa000 Uncommon trap: reason=null_check action=make_not_entrant pc=0x0000018171d9a360 method=com.sun.beans.introspect.MethodInfo$MethodOrder.compare(Ljava/lang/reflect/Method;Ljava/lang/reflect/Method;)I @ 133 c2
Event: 9.042 Thread 0x00000181029fa000 DEOPT PACKING pc=0x0000018171d9a360 sp=0x0000003bf30f3dc0
Event: 9.042 Thread 0x00000181029fa000 DEOPT UNPACKING pc=0x0000018169f2782f sp=0x0000003bf30f3d78 mode 2
Event: 9.095 Thread 0x00000181029fa000 Uncommon trap: trap_request=0xfffffff4 fr.pc=0x0000018171d9f1fc relative=0x00000000000008bc
Event: 9.095 Thread 0x00000181029fa000 Uncommon trap: reason=null_check action=make_not_entrant pc=0x0000018171d9f1fc method=com.sun.beans.introspect.MethodInfo$MethodOrder.compare(Ljava/lang/reflect/Method;Ljava/lang/reflect/Method;)I @ 145 c2
Event: 9.095 Thread 0x00000181029fa000 DEOPT PACKING pc=0x0000018171d9f1fc sp=0x0000003bf30f2b50
Event: 9.095 Thread 0x00000181029fa000 DEOPT UNPACKING pc=0x0000018169f2782f sp=0x0000003bf30f2a80 mode 2
Event: 9.095 Thread 0x00000181029fa000 Uncommon trap: trap_request=0xfffffff4 fr.pc=0x0000018171d9db8c relative=0x000000000000086c
Event: 9.095 Thread 0x00000181029fa000 Uncommon trap: reason=null_check action=make_not_entrant pc=0x0000018171d9db8c method=com.sun.beans.introspect.MethodInfo$MethodOrder.compare(Ljava/lang/reflect/Method;Ljava/lang/reflect/Method;)I @ 145 c2
Event: 9.095 Thread 0x00000181029fa000 DEOPT PACKING pc=0x0000018171d9db8c sp=0x0000003bf30f2ac0
Event: 9.095 Thread 0x00000181029fa000 DEOPT UNPACKING pc=0x0000018169f2782f sp=0x0000003bf30f2a78 mode 2

Classes redefined (0 events):
No events

Internal exceptions (20 events):
Event: 9.079 Thread 0x00000181029fa000 Exception <a 'java/lang/ClassNotFoundException'{0x000000008bc602f8}: org/gradle/api/internal/FactoryNamedDomainObjectContainerCustomizer> (0x000000008bc602f8) thrown at [./src/hotspot/share/classfile/systemDictionary.cpp, line 231]
Event: 9.080 Thread 0x00000181029fa000 Exception <a 'java/lang/ClassNotFoundException'{0x000000008bca0548}: org/gradle/api/internal/FactoryNamedDomainObjectContainer_DecoratedCustomizer> (0x000000008bca0548) thrown at [./src/hotspot/share/classfile/systemDictionary.cpp, line 231]
Event: 9.094 Thread 0x00000181029fa000 Exception <a 'java/lang/ClassNotFoundException'{0x000000008bab98b0}: com/android/build/gradle/internal/dsl/BuildType_DecoratedBeanInfo> (0x000000008bab98b0) thrown at [./src/hotspot/share/classfile/systemDictionary.cpp, line 231]
Event: 9.094 Thread 0x00000181029fa000 Exception <a 'java/lang/ClassNotFoundException'{0x000000008bad1f98}: com/android/build/gradle/internal/dsl/BuildTypeBeanInfo> (0x000000008bad1f98) thrown at [./src/hotspot/share/classfile/systemDictionary.cpp, line 231]
Event: 9.094 Thread 0x00000181029fa000 Exception <a 'java/lang/ClassNotFoundException'{0x000000008bae9af8}: com/android/builder/core/AbstractBuildTypeBeanInfo> (0x000000008bae9af8) thrown at [./src/hotspot/share/classfile/systemDictionary.cpp, line 231]
Event: 9.095 Thread 0x00000181029fa000 Exception <a 'java/lang/ClassNotFoundException'{0x000000008b902278}: com/android/builder/core/AbstractBuildTypeCustomizer> (0x000000008b902278) thrown at [./src/hotspot/share/classfile/systemDictionary.cpp, line 231]
Event: 9.096 Thread 0x00000181029fa000 Exception <a 'java/lang/ClassNotFoundException'{0x000000008b936eb0}: com/android/build/gradle/internal/dsl/BuildTypeCustomizer> (0x000000008b936eb0) thrown at [./src/hotspot/share/classfile/systemDictionary.cpp, line 231]
Event: 9.099 Thread 0x00000181029fa000 Exception <a 'java/lang/ClassNotFoundException'{0x000000008b9c33f8}: com/android/build/gradle/internal/dsl/BuildType_DecoratedCustomizer> (0x000000008b9c33f8) thrown at [./src/hotspot/share/classfile/systemDictionary.cpp, line 231]
Event: 9.105 Thread 0x00000181029fa000 Exception <a 'java/lang/ClassNotFoundException'{0x000000008b8857a0}: build_awp19sw8m67guhvr5q3fkitvm$_run_closure1$_closure4BeanInfo> (0x000000008b8857a0) thrown at [./src/hotspot/share/classfile/systemDictionary.cpp, line 231]
Event: 9.105 Thread 0x00000181029fa000 Exception <a 'java/lang/ClassNotFoundException'{0x000000008b895f08}: build_awp19sw8m67guhvr5q3fkitvm$_run_closure1$_closure4Customizer> (0x000000008b895f08) thrown at [./src/hotspot/share/classfile/systemDictionary.cpp, line 231]
Event: 9.108 Thread 0x00000181029fa000 Exception <a 'java/lang/ClassNotFoundException'{0x000000008b8becd0}: build_awp19sw8m67guhvr5q3fkitvm$_run_closure1BeanInfo> (0x000000008b8becd0) thrown at [./src/hotspot/share/classfile/systemDictionary.cpp, line 231]
Event: 9.108 Thread 0x00000181029fa000 Exception <a 'java/lang/ClassNotFoundException'{0x000000008b8ceae0}: build_awp19sw8m67guhvr5q3fkitvm$_run_closure1Customizer> (0x000000008b8ceae0) thrown at [./src/hotspot/share/classfile/systemDictionary.cpp, line 231]
Event: 9.115 Thread 0x00000181029fa000 Exception <a 'java/lang/ClassNotFoundException'{0x000000008b733808}: org/gradle/api/JavaVersionBeanInfo> (0x000000008b733808) thrown at [./src/hotspot/share/classfile/systemDictionary.cpp, line 231]
Event: 9.115 Thread 0x00000181029fa000 Exception <a 'java/lang/ClassNotFoundException'{0x000000008b73ee70}: java/lang/EnumBeanInfo> (0x000000008b73ee70) thrown at [./src/hotspot/share/classfile/systemDictionary.cpp, line 231]
Event: 9.116 Thread 0x00000181029fa000 Exception <a 'java/lang/ClassNotFoundException'{0x000000008b74a548}: java/lang/EnumCustomizer> (0x000000008b74a548) thrown at [./src/hotspot/share/classfile/systemDictionary.cpp, line 231]
Event: 9.117 Thread 0x00000181029fa000 Exception <a 'java/lang/ClassNotFoundException'{0x000000008b77ae70}: org/gradle/api/JavaVersionCustomizer> (0x000000008b77ae70) thrown at [./src/hotspot/share/classfile/systemDictionary.cpp, line 231]
Event: 9.120 Thread 0x00000181029fa000 Exception <a 'java/lang/ClassNotFoundException'{0x000000008b7d02b0}: com/android/build/gradle/internal/CompileOptions_DecoratedBeanInfo> (0x000000008b7d02b0) thrown at [./src/hotspot/share/classfile/systemDictionary.cpp, line 231]
Event: 9.120 Thread 0x00000181029fa000 Exception <a 'java/lang/ClassNotFoundException'{0x000000008b7e7708}: com/android/build/gradle/internal/CompileOptionsBeanInfo> (0x000000008b7e7708) thrown at [./src/hotspot/share/classfile/systemDictionary.cpp, line 231]
Event: 9.121 Thread 0x00000181029fa000 Exception <a 'java/lang/ClassNotFoundException'{0x000000008b7ff2f0}: com/android/build/gradle/internal/CompileOptionsCustomizer> (0x000000008b7ff2f0) thrown at [./src/hotspot/share/classfile/systemDictionary.cpp, line 231]
Event: 9.121 Thread 0x00000181029fa000 Exception <a 'java/lang/ClassNotFoundException'{0x000000008b623d90}: com/android/build/gradle/internal/CompileOptions_DecoratedCustomizer> (0x000000008b623d90) thrown at [./src/hotspot/share/classfile/systemDictionary.cpp, line 231]

Events (20 events):
Event: 9.583 loading class com/android/build/gradle/internal/dependency/AndroidXDependencySubstitution$replaceOldSupportLibraries$2$1
Event: 9.583 loading class com/android/build/gradle/internal/dependency/AndroidXDependencySubstitution$replaceOldSupportLibraries$2$1 done
Event: 9.587 loading class com/android/build/gradle/internal/dependency/JetifyTransform
Event: 9.587 loading class com/android/build/gradle/internal/dependency/JetifyTransform done
Event: 9.588 loading class com/android/build/gradle/internal/DependencyConfigurator$configureGeneralTransforms$1
Event: 9.588 loading class com/android/build/gradle/internal/DependencyConfigurator$configureGeneralTransforms$1 done
Event: 9.589 loading class com/android/build/gradle/internal/DependencyConfigurator$registerTransform$1
Event: 9.589 loading class com/android/build/gradle/internal/DependencyConfigurator$registerTransform$1 done
Event: 9.589 loading class com/android/build/gradle/internal/dependency/JetifyTransform$Parameters
Event: 9.589 loading class com/android/build/gradle/internal/dependency/JetifyTransform$Parameters done
Event: 9.591 loading class com/android/build/gradle/internal/utils/HasConfigurableValuesKt
Event: 9.591 loading class com/android/build/gradle/internal/utils/HasConfigurableValuesKt done
Event: 9.592 loading class org/gradle/api/artifacts/transform/CacheableTransform
Event: 9.592 loading class org/gradle/api/artifacts/transform/CacheableTransform done
Event: 9.593 loading class org/gradle/api/tasks/PathSensitive
Event: 9.593 loading class org/gradle/api/tasks/PathSensitive done
Event: 9.594 loading class org/gradle/api/tasks/PathSensitivity
Event: 9.594 loading class org/gradle/api/tasks/PathSensitivity done
Event: 9.594 loading class org/gradle/api/tasks/PathSensitivity
Event: 9.594 loading class org/gradle/api/tasks/PathSensitivity done


Dynamic libraries:
0x00007ff6bc720000 - 0x00007ff6bc72a000 	C:\Program Files\Android\Android Studio\jre\bin\java.exe
0x00007ffa31950000 - 0x00007ffa31b45000 	C:\WINDOWS\SYSTEM32\ntdll.dll
0x00007ffa30ad0000 - 0x00007ffa30b8e000 	C:\WINDOWS\System32\KERNEL32.DLL
0x00007ffa2f070000 - 0x00007ffa2f338000 	C:\WINDOWS\System32\KERNELBASE.dll
0x00007ffa2f340000 - 0x00007ffa2f440000 	C:\WINDOWS\System32\ucrtbase.dll
0x00007ffa28db0000 - 0x00007ffa28dc9000 	C:\Program Files\Android\Android Studio\jre\bin\jli.dll
0x00007ff9f59d0000 - 0x00007ff9f59e7000 	C:\Program Files\Android\Android Studio\jre\bin\VCRUNTIME140.dll
0x00007ffa2fa50000 - 0x00007ffa2fbf1000 	C:\WINDOWS\System32\USER32.dll
0x00007ffa2f970000 - 0x00007ffa2f992000 	C:\WINDOWS\System32\win32u.dll
0x00007ffa207c0000 - 0x00007ffa20a5a000 	C:\WINDOWS\WinSxS\amd64_microsoft.windows.common-controls_6595b64144ccf1df_6.0.19041.1110_none_60b5254171f9507e\COMCTL32.dll
0x00007ffa2fc10000 - 0x00007ffa2fc3b000 	C:\WINDOWS\System32\GDI32.dll
0x00007ffa310d0000 - 0x00007ffa3116e000 	C:\WINDOWS\System32\msvcrt.dll
0x00007ffa2f530000 - 0x00007ffa2f63b000 	C:\WINDOWS\System32\gdi32full.dll
0x00007ffa2f440000 - 0x00007ffa2f4dd000 	C:\WINDOWS\System32\msvcp_win.dll
0x00007ffa2fc40000 - 0x00007ffa2fc70000 	C:\WINDOWS\System32\IMM32.DLL
0x00007ff9f2010000 - 0x00007ff9f20ad000 	C:\Program Files\Android\Android Studio\jre\bin\msvcp140.dll
0x00007ff9db650000 - 0x00007ff9dc11f000 	C:\Program Files\Android\Android Studio\jre\bin\server\jvm.dll
0x00007ffa2fc70000 - 0x00007ffa2fd1c000 	C:\WINDOWS\System32\ADVAPI32.dll
0x00007ffa30b90000 - 0x00007ffa30c2b000 	C:\WINDOWS\System32\sechost.dll
0x00007ffa2fe30000 - 0x00007ffa2ff5a000 	C:\WINDOWS\System32\RPCRT4.dll
0x00007ffa2fc00000 - 0x00007ffa2fc08000 	C:\WINDOWS\System32\PSAPI.DLL
0x00007ffa190e0000 - 0x00007ffa190e9000 	C:\WINDOWS\SYSTEM32\WSOCK32.dll
0x00007ffa22750000 - 0x00007ffa22777000 	C:\WINDOWS\SYSTEM32\WINMM.dll
0x00007ffa30070000 - 0x00007ffa300db000 	C:\WINDOWS\System32\WS2_32.dll
0x00007ffa268b0000 - 0x00007ffa268ba000 	C:\WINDOWS\SYSTEM32\VERSION.dll
0x00007ffa2cf70000 - 0x00007ffa2cf82000 	C:\WINDOWS\SYSTEM32\kernel.appcore.dll
0x00007ff9fb710000 - 0x00007ff9fb721000 	C:\Program Files\Android\Android Studio\jre\bin\verify.dll
0x00007ffa1c7e0000 - 0x00007ffa1c9c4000 	C:\WINDOWS\SYSTEM32\DBGHELP.DLL
0x00007ffa1c9d0000 - 0x00007ffa1c9fc000 	C:\WINDOWS\SYSTEM32\dbgcore.DLL
0x00007ffa2f7a0000 - 0x00007ffa2f823000 	C:\WINDOWS\System32\bcryptPrimitives.dll
0x00007ff9f0930000 - 0x00007ff9f0959000 	C:\Program Files\Android\Android Studio\jre\bin\java.dll
0x00007ffa150a0000 - 0x00007ffa150ab000 	C:\Program Files\Android\Android Studio\jre\bin\jimage.dll
0x00007ff9f82a0000 - 0x00007ff9f82b8000 	C:\Program Files\Android\Android Studio\jre\bin\zip.dll
0x00007ffa311d0000 - 0x00007ffa3190f000 	C:\WINDOWS\System32\SHELL32.dll
0x00007ffa2d170000 - 0x00007ffa2d900000 	C:\WINDOWS\SYSTEM32\windows.storage.dll
0x00007ffa30d70000 - 0x00007ffa310c5000 	C:\WINDOWS\System32\combase.dll
0x00007ffa2eac0000 - 0x00007ffa2eaee000 	C:\WINDOWS\SYSTEM32\Wldp.dll
0x00007ffa2f9a0000 - 0x00007ffa2fa4d000 	C:\WINDOWS\System32\SHCORE.dll
0x00007ffa31170000 - 0x00007ffa311c5000 	C:\WINDOWS\System32\shlwapi.dll
0x00007ffa2efb0000 - 0x00007ffa2efcf000 	C:\WINDOWS\SYSTEM32\profapi.dll
0x00007ff9f7640000 - 0x00007ff9f765a000 	C:\Program Files\Android\Android Studio\jre\bin\net.dll
0x00007ffa21170000 - 0x00007ffa2127c000 	C:\WINDOWS\SYSTEM32\WINHTTP.dll
0x00007ffa2e820000 - 0x00007ffa2e88a000 	C:\WINDOWS\system32\mswsock.dll
0x00007ff9f7360000 - 0x00007ff9f7374000 	C:\Program Files\Android\Android Studio\jre\bin\nio.dll
0x00007ff9f4bd0000 - 0x00007ff9f4bf7000 	C:\Users\Mr Viz\.gradle\native\8bec1ad78214c89d9ad589b4d07fe93259594b29d510b10fafb7a158f7737e5d\windows-amd64\native-platform.dll
0x00007ff9def10000 - 0x00007ff9df04d000 	C:\Users\Mr Viz\.gradle\native\53dbd7edfb1c66fb8903c78663c9afc45aea4f116125fa6feffd364cf09443e8\windows-amd64\native-platform-file-events.dll
0x00007ffa28e40000 - 0x00007ffa28e4a000 	C:\Program Files\Android\Android Studio\jre\bin\management.dll
0x00007ffa24270000 - 0x00007ffa2427c000 	C:\Program Files\Android\Android Studio\jre\bin\management_ext.dll
0x00007ffa2ea10000 - 0x00007ffa2ea28000 	C:\WINDOWS\SYSTEM32\CRYPTSP.dll
0x00007ffa2e130000 - 0x00007ffa2e164000 	C:\WINDOWS\system32\rsaenh.dll
0x00007ffa2f830000 - 0x00007ffa2f857000 	C:\WINDOWS\System32\bcrypt.dll
0x00007ffa2ef30000 - 0x00007ffa2ef5e000 	C:\WINDOWS\SYSTEM32\USERENV.dll
0x00007ffa2ea30000 - 0x00007ffa2ea3c000 	C:\WINDOWS\SYSTEM32\CRYPTBASE.dll
0x00007ffa2e4c0000 - 0x00007ffa2e4fb000 	C:\WINDOWS\SYSTEM32\IPHLPAPI.DLL
0x00007ffa2fd20000 - 0x00007ffa2fd28000 	C:\WINDOWS\System32\NSI.dll
0x00007ffa25e30000 - 0x00007ffa25e47000 	C:\WINDOWS\SYSTEM32\dhcpcsvc6.DLL
0x00007ffa266b0000 - 0x00007ffa266cd000 	C:\WINDOWS\SYSTEM32\dhcpcsvc.DLL
0x00007ffa2e510000 - 0x00007ffa2e5db000 	C:\WINDOWS\SYSTEM32\DNSAPI.dll

dbghelp: loaded successfully - version: 4.0.5 - missing functions: none
symbol engine: initialized successfully - sym options: 0x614 - pdb path: .;C:\Program Files\Android\Android Studio\jre\bin;C:\WINDOWS\SYSTEM32;C:\WINDOWS\WinSxS\amd64_microsoft.windows.common-controls_6595b64144ccf1df_6.0.19041.1110_none_60b5254171f9507e;C:\Program Files\Android\Android Studio\jre\bin\server;C:\Users\Mr Viz\.gradle\native\8bec1ad78214c89d9ad589b4d07fe93259594b29d510b10fafb7a158f7737e5d\windows-amd64;C:\Users\Mr Viz\.gradle\native\53dbd7edfb1c66fb8903c78663c9afc45aea4f116125fa6feffd364cf09443e8\windows-amd64

VM Arguments:
jvm_args: --add-opens=java.base/java.util=ALL-UNNAMED --add-opens=java.base/java.lang=ALL-UNNAMED --add-opens=java.base/java.lang.invoke=ALL-UNNAMED --add-opens=java.base/java.util=ALL-UNNAMED --add-opens=java.prefs/java.util.prefs=ALL-UNNAMED --add-opens=java.prefs/java.util.prefs=ALL-UNNAMED --add-opens=java.base/java.nio.charset=ALL-UNNAMED --add-opens=java.base/java.net=ALL-UNNAMED --add-opens=java.base/java.util.concurrent.atomic=ALL-UNNAMED -Xmx2048m -Dfile.encoding=UTF-8 -Duser.country=DE -Duser.language=de -Duser.variant 
java_command: org.gradle.launcher.daemon.bootstrap.GradleDaemon 7.0.2
java_class_path (initial): C:\Users\Mr Viz\.gradle\wrapper\dists\gradle-7.0.2-bin\857tjihv64xamwrf0h14cai3r\gradle-7.0.2\lib\gradle-launcher-7.0.2.jar
Launcher Type: SUN_STANDARD

[Global flags]
     intx CICompilerCount                          = 4                                         {product} {ergonomic}
     uint ConcGCThreads                            = 2                                         {product} {ergonomic}
     uint G1ConcRefinementThreads                  = 8                                         {product} {ergonomic}
   size_t G1HeapRegionSize                         = 1048576                                   {product} {ergonomic}
    uintx GCDrainStackTargetSize                   = 64                                        {product} {ergonomic}
   size_t InitialHeapSize                          = 266338304                                 {product} {ergonomic}
   size_t MarkStackSize                            = 4194304                                   {product} {ergonomic}
   size_t MaxHeapSize                              = 2147483648                                {product} {command line}
   size_t MaxNewSize                               = 1287651328                                {product} {ergonomic}
   size_t MinHeapDeltaBytes                        = 1048576                                   {product} {ergonomic}
    uintx NonNMethodCodeHeapSize                   = 5836300                                {pd product} {ergonomic}
    uintx NonProfiledCodeHeapSize                  = 122910970                              {pd product} {ergonomic}
    uintx ProfiledCodeHeapSize                     = 122910970                              {pd product} {ergonomic}
    uintx ReservedCodeCacheSize                    = 251658240                              {pd product} {ergonomic}
     bool SegmentedCodeCache                       = true                                      {product} {ergonomic}
     bool UseCompressedClassPointers               = true                                 {lp64_product} {ergonomic}
     bool UseCompressedOops                        = true                                 {lp64_product} {ergonomic}
     bool UseG1GC                                  = true                                      {product} {ergonomic}
     bool UseLargePagesIndividualAllocation        = false                                  {pd product} {ergonomic}

Logging:
Log output configuration:
 #0: stdout all=warning uptime,level,tags
 #1: stderr all=off uptime,level,tags

Environment Variables:
JAVA_HOME=C:\Program Files\Java\jdk1.8.0_172
PATH=C:\Program Files (x86)\Common Files\Oracle\Java\javapath;C:\Program Files\Docker\Docker\Resources\bin;C:\ProgramData\Oracle\Java\javapath;C:\Program Files (x86)\NVIDIA Corporation\PhysX\Common;C:\WINDOWS\system32;C:\WINDOWS;C:\WINDOWS\System32\Wbem;C:\WINDOWS\System32\WindowsPowerShell\v1.0\;C:\Program Files\Intel\WiFi\bin\;C:\Program Files\Common Files\Intel\WirelessCommon\;C:\Program Files (x86)\GNU\GnuPG\pub;C:\Program Files (x86)\Windows Live\Shared;C:\Program Files (x86)\QuickTime\QTSystem\;C:\Program Files\Microsoft SQL Server\110\Tools\Binn\;C:\Program Files\Microsoft SQL Server\120\Tools\Binn\;C:\Program Files\MiKTeX 2.9\miktex\bin\x64\;C:\Program Files (x86)\Dev-Cpp\MinGW32\bin\;C:\Program Files (x86)\GtkSharp\2.12\bin;C:\WINDOWS\system32;C:\WINDOWS;C:\WINDOWS\System32\Wbem;C:\WINDOWS\System32\WindowsPowerShell\v1.0\;C:\Program Files (x86)\Samsung\Samsung PC Studio 3\;C:\Program Files\Amazon\AWSCLI\;C:\PostgreSQL\pg10\bin;C:\WINDOWS\System32\OpenSSH\;C:\Program Files\CMake\bin;C:\Program Files\nodejs\;C:\Program Files (x86)\ZeroTier\One\;C:\Program Files (x86)\Intel\Phone Flash Tool;C:\Program Files\dotnet\;C:\Users\Mr Viz\AppData\Local\Programs\Python\Python310\Scripts\;C:\Users\Mr Viz\AppData\Local\Programs\Python\Python310\;Z:\UNREAL ENGINE\android-sdk-windows\build-tools;Z:\UNREAL ENGINE\android-sdk-windows\platform-tools;Z:\UNREAL ENGINE\android-sdk-windows\tools;Z:\UNREAL ENGINE\gradle-2.9\bin;Z:\UNREAL ENGINE\apache-ant-1.8.2\bin;Z:\UNREAL ENGINE\jdk1.8.0_77\bin;Z:\UNREAL ENGINE\android-ndk-r12b;Z:\UNREAL ENGINE\android-sdk-windows\extras\android\support;C:\Program Files\Intel\WiFi\bin\;C:\Program Files\Common Files\Intel\WirelessCommon\;C:\Program Files\Java\jdk1.8.0_40\bin;C:\curl;C:\Program Files (x86)\gnuplot\bin;C:\gtk\bin;C:\Program Files (x86)\Nmap;C:\Users\Mr Viz\AppData\Local\Microsoft\WindowsApps;C:\Program Files (x86)\Atmel\Flip 3.4.7\bin;C:\Program Files\Java\jdk1.8.0_144\bin;C:\Users\Mr Viz\AppData\Local\atom\bin;C:\Python27;C:\Users\M
USERNAME=Mr Viz
OS=Windows_NT
PROCESSOR_IDENTIFIER=Intel64 Family 6 Model 58 Stepping 9, GenuineIntel



---------------  S Y S T E M  ---------------

OS: Windows 10 , 64 bit Build 19041 (10.0.19041.1348)
OS uptime: 0 days 6:38 hours

CPU:total 8 (initial active 8) (4 cores per cpu, 2 threads per core) family 6 model 58 stepping 9 microcode 0x21, cmov, cx8, fxsr, mmx, sse, sse2, sse3, ssse3, sse4.1, sse4.2, popcnt, avx, aes, clmul, erms, ht, tsc, tscinvbit, tscinv

Memory: 4k page, system-wide physical 16202M (5030M free)
TotalPageFile size 16222M (AvailPageFile size 11M)
current process WorkingSet (physical memory assigned to process): 427M, peak: 435M
current process commit charge ("private bytes"): 541M, peak: 547M

vm_info: OpenJDK 64-Bit Server VM (11.0.10+0-b96-7249189) for windows-amd64 JRE (11.0.10+0-b96-7249189), built on Mar 31 2021 21:44:00 by "builder" with MS VC++ 14.0 (VS2015)

END.
