#
# There is insufficient memory for the Java Runtime Environment to continue.
# Native memory allocation (malloc) failed to allocate 32744 bytes for ChunkPool::allocate
# Possible reasons:
#   The system is out of physical RAM or swap space
#   The process is running with CompressedOops enabled, and the Java Heap may be blocking the growth of the native heap
# Possible solutions:
#   Reduce memory load on the system
#   Increase physical memory or swap space
#   Check if swap backing store is full
#   Decrease Java heap size (-Xmx/-Xms)
#   Decrease number of Java threads
#   Decrease Java thread stack sizes (-Xss)
#   Set larger code cache with -XX:ReservedCodeCacheSize=
#   JVM is running with Unscaled Compressed Oops mode in which the Java heap is
#     placed in the first 4GB address space. The Java Heap base address is the
#     maximum limit for the native heap growth. Please use -XX:HeapBaseMinAddress
#     to set the Java Heap base and to place the Java Heap above 4GB virtual address.
# This output file may be truncated or incomplete.
#
#  Out of Memory Error (./src/hotspot/share/memory/arena.cpp:81), pid=19212, tid=17952
#
# JRE version: OpenJDK Runtime Environment (11.0.10) (build 11.0.10+0-b96-7249189)
# Java VM: OpenJDK 64-Bit Server VM (11.0.10+0-b96-7249189, mixed mode, tiered, compressed oops, g1 gc, windows-amd64)
# No core dump will be written. Minidumps are not enabled by default on client versions of Windows
#

---------------  S U M M A R Y ------------

Command Line: --add-opens=java.base/java.util=ALL-UNNAMED --add-opens=java.base/java.lang=ALL-UNNAMED --add-opens=java.base/java.lang.invoke=ALL-UNNAMED --add-opens=java.base/java.util=ALL-UNNAMED --add-opens=java.prefs/java.util.prefs=ALL-UNNAMED --add-opens=java.prefs/java.util.prefs=ALL-UNNAMED --add-opens=java.base/java.nio.charset=ALL-UNNAMED --add-opens=java.base/java.net=ALL-UNNAMED --add-opens=java.base/java.util.concurrent.atomic=ALL-UNNAMED -Xmx2048m -Dfile.encoding=UTF-8 -Duser.country=DE -Duser.language=de -Duser.variant org.gradle.launcher.daemon.bootstrap.GradleDaemon 7.0.2

Host: Intel(R) Core(TM) i7-3720QM CPU @ 2.60GHz, 8 cores, 15G,  Windows 10 , 64 bit Build 19041 (10.0.19041.1348)
Time: Thu Nov 18 16:21:27 2021 Mitteleuropäische Zeit     elapsed time: 11.343449 seconds (0d 0h 0m 11s)

---------------  T H R E A D  ---------------

Current thread (0x00000164a67a9800):  VMThread "VM Thread" [stack: 0x00000006ec700000,0x00000006ec800000] [id=17952]

Stack: [0x00000006ec700000,0x00000006ec800000]
[error occurred during error reporting (printing stack bounds), id 0xc0000005, EXCEPTION_ACCESS_VIOLATION (0xc0000005) at pc=0x000001648f5b0f2d]

Native frames: (J=compiled Java code, j=interpreted, Vv=VM code, C=native code)
V  [jvm.dll+0x5ecfaa]
V  [jvm.dll+0x722bd5]
V  [jvm.dll+0x72412d]
V  [jvm.dll+0x724745]
V  [jvm.dll+0x7246fb]
V  [jvm.dll+0x5ec348]
V  [jvm.dll+0x5ecad8]
C  [ntdll.dll+0xa20cf]
C  [ntdll.dll+0x51454]
C  [ntdll.dll+0xa0bfe]
C  0x000001648f5b0f2d

VM_Operation (0x00000006ef7fe590): RevokeBias, mode: safepoint, requested by thread 0x00000164ad1b8800


---------------  P R O C E S S  ---------------

Threads class SMR info:
_java_thread_list=0x00000164af01b040, length=61, elements={
0x000001648bac4000, 0x00000164a67ad800, 0x00000164a67b7000, 0x00000164a5f6b800,
0x00000164a5f6c800, 0x00000164a6809800, 0x00000164a6816000, 0x00000164a681a800,
0x00000164a681f800, 0x00000164a6985000, 0x00000164a88a1800, 0x00000164a6aac000,
0x00000164a7070000, 0x00000164a93eb000, 0x00000164a8295800, 0x00000164a86ec000,
0x00000164a7f81000, 0x00000164a90c6800, 0x00000164a8e90000, 0x00000164a6d52000,
0x00000164a6d54000, 0x00000164a6d52800, 0x00000164a6d53800, 0x00000164a98fd000,
0x00000164a910d800, 0x00000164a9c84000, 0x00000164a9c83800, 0x00000164a9c81000,
0x00000164a9c81800, 0x00000164a9c7f000, 0x00000164a9c85000, 0x00000164a9c86000,
0x00000164a9c87800, 0x00000164a9c8a800, 0x00000164a9c8c800, 0x00000164a9c8e000,
0x00000164a9c89000, 0x00000164ad1ba000, 0x00000164ad1bd000, 0x00000164ad1b8800,
0x00000164ad1bb000, 0x00000164ad1be000, 0x00000164ad1bb800, 0x00000164ad1bf000,
0x00000164ad1bc800, 0x00000164ad1b9000, 0x00000164ac113000, 0x00000164ac114800,
0x00000164ac114000, 0x00000164ac115800, 0x00000164ac10f800, 0x00000164ac116000,
0x00000164ac110800, 0x00000164ac117000, 0x00000164ac111800, 0x00000164ac118000,
0x00000164ac11a800, 0x00000164ac11b000, 0x00000164ac11c000, 0x00000164ac11d800,
0x00000164ac11e800
}

Java Threads: ( => current thread )
  0x000001648bac4000 JavaThread "main" [_thread_blocked, id=22508, stack(0x00000006ec100000,0x00000006ec200000)]
  0x00000164a67ad800 JavaThread "Reference Handler" daemon [_thread_blocked, id=10436, stack(0x00000006ec800000,0x00000006ec900000)]
  0x00000164a67b7000 JavaThread "Finalizer" daemon [_thread_blocked, id=7320, stack(0x00000006ec900000,0x00000006eca00000)]
  0x00000164a5f6b800 JavaThread "Signal Dispatcher" daemon [_thread_blocked, id=21552, stack(0x00000006eca00000,0x00000006ecb00000)]
  0x00000164a5f6c800 JavaThread "Attach Listener" daemon [_thread_blocked, id=2808, stack(0x00000006ecb00000,0x00000006ecc00000)]
  0x00000164a6809800 JavaThread "Service Thread" daemon [_thread_blocked, id=19980, stack(0x00000006ecc00000,0x00000006ecd00000)]
  0x00000164a6816000 JavaThread "C2 CompilerThread0" daemon [_thread_in_native, id=13888, stack(0x00000006ecd00000,0x00000006ece00000)]
  0x00000164a681a800 JavaThread "C1 CompilerThread0" daemon [_thread_blocked, id=20392, stack(0x00000006ece00000,0x00000006ecf00000)]
  0x00000164a681f800 JavaThread "Sweeper thread" daemon [_thread_blocked, id=18476, stack(0x00000006ecf00000,0x00000006ed000000)]
  0x00000164a6985000 JavaThread "Common-Cleaner" daemon [_thread_blocked, id=11184, stack(0x00000006ed000000,0x00000006ed100000)]
  0x00000164a88a1800 JavaThread "Daemon health stats" [_thread_blocked, id=11404, stack(0x00000006ed900000,0x00000006eda00000)]
  0x00000164a6aac000 JavaThread "Incoming local TCP Connector on port 1360" [_thread_in_native, id=436, stack(0x00000006ed200000,0x00000006ed300000)]
  0x00000164a7070000 JavaThread "Daemon periodic checks" [_thread_blocked, id=6872, stack(0x00000006ed300000,0x00000006ed400000)]
  0x00000164a93eb000 JavaThread "Daemon" [_thread_blocked, id=14944, stack(0x00000006eda00000,0x00000006edb00000)]
  0x00000164a8295800 JavaThread "Handler for socket connection from /127.0.0.1:1360 to /127.0.0.1:1361" [_thread_in_native, id=17144, stack(0x00000006edb00000,0x00000006edc00000)]
  0x00000164a86ec000 JavaThread "Cancel handler" [_thread_blocked, id=11588, stack(0x00000006edc00000,0x00000006edd00000)]
  0x00000164a7f81000 JavaThread "Daemon worker" [_thread_blocked, id=6944, stack(0x00000006edd00000,0x00000006ede00000)]
  0x00000164a90c6800 JavaThread "Asynchronous log dispatcher for DefaultDaemonConnection: socket connection from /127.0.0.1:1360 to /127.0.0.1:1361" [_thread_blocked, id=18920, stack(0x00000006ede00000,0x00000006edf00000)]
  0x00000164a8e90000 JavaThread "Stdin handler" [_thread_blocked, id=15628, stack(0x00000006edf00000,0x00000006ee000000)]
  0x00000164a6d52000 JavaThread "Daemon client event forwarder" [_thread_blocked, id=18368, stack(0x00000006ee000000,0x00000006ee100000)]
  0x00000164a6d54000 JavaThread "Cache worker for file hash cache (C:\Users\Mr Viz\.gradle\caches\7.0.2\fileHashes)" [_thread_blocked, id=17972, stack(0x00000006ee300000,0x00000006ee400000)]
  0x00000164a6d52800 JavaThread "File lock request listener" [_thread_in_native, id=14516, stack(0x00000006ee400000,0x00000006ee500000)]
  0x00000164a6d53800 JavaThread "Cache worker for journal cache (C:\Users\Mr Viz\.gradle\caches\journal-1)" [_thread_blocked, id=21916, stack(0x00000006ee600000,0x00000006ee700000)]
  0x00000164a98fd000 JavaThread "C2 CompilerThread1" daemon [_thread_in_native, id=9176, stack(0x00000006ee700000,0x00000006ee800000)]
  0x00000164a910d800 JavaThread "C2 CompilerThread2" daemon [_thread_in_native, id=21764, stack(0x00000006ee800000,0x00000006ee900000)]
  0x00000164a9c84000 JavaThread "Cache worker for file hash cache (A:\Android\around_device_positioning_prototype\.gradle\7.0.2\fileHashes)" [_thread_blocked, id=16164, stack(0x00000006ee900000,0x00000006eea00000)]
  0x00000164a9c83800 JavaThread "File watcher server" daemon [_thread_blocked, id=18328, stack(0x00000006eea00000,0x00000006eeb00000)]
  0x00000164a9c81000 JavaThread "File watcher consumer" daemon [_thread_blocked, id=3044, stack(0x00000006eeb00000,0x00000006eec00000)]
  0x00000164a9c81800 JavaThread "Cache worker for checksums cache (A:\Android\around_device_positioning_prototype\.gradle\checksums)" [_thread_blocked, id=13912, stack(0x00000006eec00000,0x00000006eed00000)]
  0x00000164a9c7f000 JavaThread "Cache worker for cache directory md-supplier (C:\Users\Mr Viz\.gradle\caches\7.0.2\md-supplier)" [_thread_blocked, id=9808, stack(0x00000006eed00000,0x00000006eee00000)]
  0x00000164a9c85000 JavaThread "Cache worker for cache directory md-rule (C:\Users\Mr Viz\.gradle\caches\7.0.2\md-rule)" [_thread_blocked, id=20560, stack(0x00000006eee00000,0x00000006eef00000)]
  0x00000164a9c86000 JavaThread "Cache worker for execution history cache (C:\Users\Mr Viz\.gradle\caches\7.0.2\executionHistory)" [_thread_blocked, id=10928, stack(0x00000006eef00000,0x00000006ef000000)]
  0x00000164a9c87800 JavaThread "jar transforms" [_thread_blocked, id=6392, stack(0x00000006ef000000,0x00000006ef100000)]
  0x00000164a9c8a800 JavaThread "jar transforms Thread 2" [_thread_blocked, id=19444, stack(0x00000006ef100000,0x00000006ef200000)]
  0x00000164a9c8c800 JavaThread "Cache worker for file content cache (C:\Users\Mr Viz\.gradle\caches\7.0.2\fileContent)" [_thread_blocked, id=12476, stack(0x00000006ef200000,0x00000006ef300000)]
  0x00000164a9c8e000 JavaThread "Cache worker for dependencies-accessors (A:\Android\around_device_positioning_prototype\.gradle\7.0.2\dependencies-accessors)" [_thread_blocked, id=18992, stack(0x00000006ef300000,0x00000006ef400000)]
  0x00000164a9c89000 JavaThread "jar transforms Thread 3" [_thread_blocked, id=10100, stack(0x00000006ef400000,0x00000006ef500000)]
  0x00000164ad1ba000 JavaThread "Cache worker for Build Output Cleanup Cache (A:\Android\around_device_positioning_prototype\.gradle\buildOutputCleanup)" [_thread_blocked, id=12316, stack(0x00000006ef500000,0x00000006ef600000)]
  0x00000164ad1bd000 JavaThread "Build operations" [_thread_blocked, id=17808, stack(0x00000006ef600000,0x00000006ef700000)]
  0x00000164ad1b8800 JavaThread "Build operations Thread 2" [_thread_blocked, id=20204, stack(0x00000006ef700000,0x00000006ef800000)]
  0x00000164ad1bb000 JavaThread "Build operations Thread 3" [_thread_blocked, id=17532, stack(0x00000006ef800000,0x00000006ef900000)]
  0x00000164ad1be000 JavaThread "Build operations Thread 4" [_thread_blocked, id=12420, stack(0x00000006ef900000,0x00000006efa00000)]
  0x00000164ad1bb800 JavaThread "Build operations Thread 5" [_thread_blocked, id=12172, stack(0x00000006efa00000,0x00000006efb00000)]
  0x00000164ad1bf000 JavaThread "Build operations Thread 6" [_thread_blocked, id=17396, stack(0x00000006efb00000,0x00000006efc00000)]
  0x00000164ad1bc800 JavaThread "Build operations Thread 7" [_thread_blocked, id=17492, stack(0x00000006efc00000,0x00000006efd00000)]
  0x00000164ad1b9000 JavaThread "Build operations Thread 8" [_thread_blocked, id=18256, stack(0x00000006efd00000,0x00000006efe00000)]
  0x00000164ac113000 JavaThread "jar transforms Thread 4" [_thread_blocked, id=12320, stack(0x00000006efe00000,0x00000006eff00000)]
  0x00000164ac114800 JavaThread "jar transforms Thread 5" [_thread_blocked, id=15992, stack(0x00000006eff00000,0x00000006f0000000)]
  0x00000164ac114000 JavaThread "jar transforms Thread 6" [_thread_blocked, id=20396, stack(0x00000006f0000000,0x00000006f0100000)]
  0x00000164ac115800 JavaThread "jar transforms Thread 7" [_thread_blocked, id=16336, stack(0x00000006f0100000,0x00000006f0200000)]
  0x00000164ac10f800 JavaThread "jar transforms Thread 8" [_thread_blocked, id=15236, stack(0x00000006f0200000,0x00000006f0300000)]
  0x00000164ac116000 JavaThread "Memory manager" [_thread_blocked, id=16324, stack(0x00000006f0300000,0x00000006f0400000)]
  0x00000164ac110800 JavaThread "build event listener" [_thread_blocked, id=12828, stack(0x00000006f0400000,0x00000006f0500000)]
  0x00000164ac117000 JavaThread "Execution worker for ':'" [_thread_blocked, id=4420, stack(0x00000006f0500000,0x00000006f0600000)]
  0x00000164ac111800 JavaThread "Execution worker for ':' Thread 2" [_thread_blocked, id=12096, stack(0x00000006f0600000,0x00000006f0700000)]
  0x00000164ac118000 JavaThread "Execution worker for ':' Thread 3" [_thread_blocked, id=22024, stack(0x00000006f0700000,0x00000006f0800000)]
  0x00000164ac11a800 JavaThread "Execution worker for ':' Thread 4" [_thread_blocked, id=22276, stack(0x00000006f0800000,0x00000006f0900000)]
  0x00000164ac11b000 JavaThread "Execution worker for ':' Thread 5" [_thread_blocked, id=18260, stack(0x00000006f0900000,0x00000006f0a00000)]
  0x00000164ac11c000 JavaThread "Execution worker for ':' Thread 6" [_thread_blocked, id=21084, stack(0x00000006f0a00000,0x00000006f0b00000)]
  0x00000164ac11d800 JavaThread "Execution worker for ':' Thread 7" [_thread_blocked, id=12268, stack(0x00000006f0b00000,0x00000006f0c00000)]
  0x00000164ac11e800 JavaThread "Cache worker for execution history cache (A:\Android\around_device_positioning_prototype\.gradle\7.0.2\executionHistory)" [_thread_blocked, id=18000, stack(0x00000006f0c00000,0x00000006f0d00000)]

Other Threads:
=>0x00000164a67a9800 VMThread "VM Thread" [stack: 0x00000006ec700000,0x00000006ec800000] [id=17952]
  0x00000164a698e000 WatcherThread [stack: 0x00000006ed100000,0x00000006ed200000] [id=10952]
  0x000001648badb000 GCTaskThread "GC Thread#0" [stack: 0x00000006ec200000,0x00000006ec300000] [id=19624]
  0x00000164a6e4b000 GCTaskThread "GC Thread#1" [stack: 0x00000006ed400000,0x00000006ed500000] [id=3056]
  0x00000164a724e000 GCTaskThread "GC Thread#2" [stack: 0x00000006ed500000,0x00000006ed600000] [id=19424]
  0x00000164a7bbd000 GCTaskThread "GC Thread#3" [stack: 0x00000006ed600000,0x00000006ed700000] [id=11604]
  0x00000164a7a37800 GCTaskThread "GC Thread#4" [stack: 0x00000006ed700000,0x00000006ed800000] [id=11564]
  0x00000164a7b42000 GCTaskThread "GC Thread#5" [stack: 0x00000006ed800000,0x00000006ed900000] [id=21628]
  0x00000164a9411000 GCTaskThread "GC Thread#6" [stack: 0x00000006ee100000,0x00000006ee200000] [id=11572]
  0x00000164a8abc800 GCTaskThread "GC Thread#7" [stack: 0x00000006ee200000,0x00000006ee300000] [id=7064]
  0x000001648bb0c800 ConcurrentGCThread "G1 Main Marker" [stack: 0x00000006ec300000,0x00000006ec400000] [id=18108]
  0x000001648bb0d800 ConcurrentGCThread "G1 Conc#0" [stack: 0x00000006ec400000,0x00000006ec500000] [id=10208]
  0x00000164a9acb000 ConcurrentGCThread "G1 Conc#1" [stack: 0x00000006ee500000,0x00000006ee600000] [id=1788]
  0x00000164a5df2800 ConcurrentGCThread "G1 Refine#0" [stack: 0x00000006ec500000,0x00000006ec600000] [id=21012]
  0x00000164a5df3000 ConcurrentGCThread "G1 Young RemSet Sampling" [stack: 0x00000006ec600000,0x00000006ec700000] [id=13560]

Threads with active compile tasks:
C2 CompilerThread0  11354 7379       4       java.net.URLClassLoader$1::run (5 bytes)
C1 CompilerThread0  11354 7846   !   2       java.util.concurrent.FutureTask::run (123 bytes)
C2 CompilerThread1  11354 7312 %     4       org.gradle.internal.instantiation.generator.AbstractClassGenerator::inspectType @ 107 (560 bytes)
C2 CompilerThread2  11354 7404   !   4       java.net.URLClassLoader$1::run (63 bytes)

VM state:at safepoint (normal execution)

VM Mutex/Monitor currently owned by a thread:  ([mutex/lock_event])
[0x00000164899db520] Threads_lock - owner thread: 0x00000164a67a9800

Heap address: 0x0000000080000000, size: 2048 MB, Compressed Oops mode: 32-bit
Narrow klass base: 0x0000000000000000, Narrow klass shift: 3
Compressed class space size: 1073741824 Address: 0x0000000100000000

Heap:
 garbage-first heap   total 260096K, used 80612K [0x0000000080000000, 0x0000000100000000)
  region size 1024K, 29 young (29696K), 7 survivors (7168K)
 Metaspace       used 78321K, capacity 80472K, committed 80512K, reserved 1118208K
  class space    used 10325K, capacity 11128K, committed 11136K, reserved 1048576K
Heap Regions: E=young(eden), S=young(survivor), O=old, HS=humongous(starts), HC=humongous(continues), CS=collection set, F=free, A=archive, TAMS=top-at-mark-start (previous, next)
|   0|0x0000000080000000, 0x0000000080100000, 0x0000000080100000|100%| O|  |TAMS 0x0000000080100000, 0x0000000080000000| Untracked 
|   1|0x0000000080100000, 0x0000000080200000, 0x0000000080200000|100%| O|  |TAMS 0x0000000080200000, 0x0000000080100000| Untracked 
|   2|0x0000000080200000, 0x0000000080300000, 0x0000000080300000|100%| O|  |TAMS 0x0000000080300000, 0x0000000080200000| Untracked 
|   3|0x0000000080300000, 0x0000000080400000, 0x0000000080400000|100%|HS|  |TAMS 0x0000000080400000, 0x0000000080300000| Complete 
|   4|0x0000000080400000, 0x0000000080500000, 0x0000000080500000|100%|HC|  |TAMS 0x0000000080500000, 0x0000000080400000| Complete 
|   5|0x0000000080500000, 0x0000000080600000, 0x0000000080600000|100%|HC|  |TAMS 0x0000000080600000, 0x0000000080500000| Complete 
|   6|0x0000000080600000, 0x0000000080700000, 0x0000000080700000|100%| O|  |TAMS 0x0000000080700000, 0x0000000080600000| Untracked 
|   7|0x0000000080700000, 0x0000000080800000, 0x0000000080800000|100%| O|  |TAMS 0x0000000080800000, 0x0000000080700000| Untracked 
|   8|0x0000000080800000, 0x0000000080900000, 0x0000000080900000|100%| O|  |TAMS 0x0000000080900000, 0x0000000080800000| Untracked 
|   9|0x0000000080900000, 0x0000000080a00000, 0x0000000080a00000|100%| O|  |TAMS 0x0000000080a00000, 0x0000000080900000| Untracked 
|  10|0x0000000080a00000, 0x0000000080b00000, 0x0000000080b00000|100%| O|  |TAMS 0x0000000080b00000, 0x0000000080a00000| Untracked 
|  11|0x0000000080b00000, 0x0000000080c00000, 0x0000000080c00000|100%| O|  |TAMS 0x0000000080c00000, 0x0000000080b00000| Untracked 
|  12|0x0000000080c00000, 0x0000000080d00000, 0x0000000080d00000|100%| O|  |TAMS 0x0000000080d00000, 0x0000000080c00000| Untracked 
|  13|0x0000000080d00000, 0x0000000080e00000, 0x0000000080e00000|100%| O|  |TAMS 0x0000000080e00000, 0x0000000080d00000| Untracked 
|  14|0x0000000080e00000, 0x0000000080f00000, 0x0000000080f00000|100%| O|  |TAMS 0x0000000080f00000, 0x0000000080e00000| Untracked 
|  15|0x0000000080f00000, 0x0000000081000000, 0x0000000081000000|100%| O|  |TAMS 0x0000000081000000, 0x0000000080f00000| Untracked 
|  16|0x0000000081000000, 0x0000000081100000, 0x0000000081100000|100%|HS|  |TAMS 0x0000000081100000, 0x0000000081000000| Complete 
|  17|0x0000000081100000, 0x0000000081200000, 0x0000000081200000|100%|HS|  |TAMS 0x0000000081200000, 0x0000000081100000| Complete 
|  18|0x0000000081200000, 0x0000000081300000, 0x0000000081300000|100%|HS|  |TAMS 0x0000000081300000, 0x0000000081200000| Complete 
|  19|0x0000000081300000, 0x0000000081400000, 0x0000000081400000|100%|HC|  |TAMS 0x0000000081400000, 0x0000000081300000| Complete 
|  20|0x0000000081400000, 0x0000000081500000, 0x0000000081500000|100%| O|  |TAMS 0x0000000081500000, 0x0000000081400000| Untracked 
|  21|0x0000000081500000, 0x0000000081600000, 0x0000000081600000|100%| O|  |TAMS 0x0000000081600000, 0x0000000081500000| Untracked 
|  22|0x0000000081600000, 0x0000000081700000, 0x0000000081700000|100%| O|  |TAMS 0x0000000081700000, 0x0000000081600000| Untracked 
|  23|0x0000000081700000, 0x0000000081800000, 0x0000000081800000|100%| O|  |TAMS 0x0000000081800000, 0x0000000081700000| Untracked 
|  24|0x0000000081800000, 0x0000000081900000, 0x0000000081900000|100%| O|  |TAMS 0x0000000081900000, 0x0000000081800000| Untracked 
|  25|0x0000000081900000, 0x0000000081a00000, 0x0000000081a00000|100%| O|  |TAMS 0x0000000081a00000, 0x0000000081900000| Untracked 
|  26|0x0000000081a00000, 0x0000000081b00000, 0x0000000081b00000|100%| O|  |TAMS 0x0000000081b00000, 0x0000000081a00000| Untracked 
|  27|0x0000000081b00000, 0x0000000081c00000, 0x0000000081c00000|100%| O|  |TAMS 0x0000000081c00000, 0x0000000081b00000| Untracked 
|  28|0x0000000081c00000, 0x0000000081d00000, 0x0000000081d00000|100%| O|  |TAMS 0x0000000081d00000, 0x0000000081c00000| Untracked 
|  29|0x0000000081d00000, 0x0000000081e00000, 0x0000000081e00000|100%| O|  |TAMS 0x0000000081e00000, 0x0000000081d00000| Untracked 
|  30|0x0000000081e00000, 0x0000000081f00000, 0x0000000081f00000|100%| O|  |TAMS 0x0000000081f00000, 0x0000000081e00000| Untracked 
|  31|0x0000000081f00000, 0x0000000082000000, 0x0000000082000000|100%| O|  |TAMS 0x0000000082000000, 0x0000000081f00000| Untracked 
|  32|0x0000000082000000, 0x0000000082100000, 0x0000000082100000|100%| O|  |TAMS 0x0000000082100000, 0x0000000082000000| Untracked 
|  33|0x0000000082100000, 0x0000000082200000, 0x0000000082200000|100%| O|  |TAMS 0x0000000082200000, 0x0000000082100000| Untracked 
|  34|0x0000000082200000, 0x0000000082300000, 0x0000000082300000|100%| O|  |TAMS 0x0000000082300000, 0x0000000082200000| Untracked 
|  35|0x0000000082300000, 0x0000000082400000, 0x0000000082400000|100%| O|  |TAMS 0x0000000082400000, 0x0000000082300000| Untracked 
|  36|0x0000000082400000, 0x0000000082500000, 0x0000000082500000|100%| O|  |TAMS 0x0000000082500000, 0x0000000082400000| Untracked 
|  37|0x0000000082500000, 0x0000000082600000, 0x0000000082600000|100%| O|  |TAMS 0x0000000082600000, 0x0000000082500000| Untracked 
|  38|0x0000000082600000, 0x0000000082700000, 0x0000000082700000|100%| O|  |TAMS 0x0000000082700000, 0x0000000082600000| Untracked 
|  39|0x0000000082700000, 0x0000000082800000, 0x0000000082800000|100%| O|  |TAMS 0x0000000082800000, 0x0000000082700000| Untracked 
|  40|0x0000000082800000, 0x0000000082900000, 0x0000000082900000|100%| O|  |TAMS 0x0000000082900000, 0x0000000082800000| Untracked 
|  41|0x0000000082900000, 0x0000000082a00000, 0x0000000082a00000|100%| O|  |TAMS 0x0000000082939e00, 0x0000000082900000| Untracked 
|  42|0x0000000082a00000, 0x0000000082b00000, 0x0000000082b00000|100%| O|  |TAMS 0x0000000082a00000, 0x0000000082a00000| Untracked 
|  43|0x0000000082b00000, 0x0000000082c00000, 0x0000000082c00000|100%| O|  |TAMS 0x0000000082b00000, 0x0000000082b00000| Untracked 
|  44|0x0000000082c00000, 0x0000000082d00000, 0x0000000082d00000|100%| O|  |TAMS 0x0000000082c00000, 0x0000000082c00000| Untracked 
|  45|0x0000000082d00000, 0x0000000082e00000, 0x0000000082e00000|100%| O|  |TAMS 0x0000000082d00000, 0x0000000082d00000| Untracked 
|  46|0x0000000082e00000, 0x0000000082f00000, 0x0000000082f00000|100%| O|  |TAMS 0x0000000082e00000, 0x0000000082e00000| Untracked 
|  47|0x0000000082f00000, 0x0000000083000000, 0x0000000083000000|100%| O|  |TAMS 0x0000000082f00000, 0x0000000082f00000| Untracked 
|  48|0x0000000083000000, 0x0000000083100000, 0x0000000083100000|100%| O|  |TAMS 0x0000000083000000, 0x0000000083000000| Untracked 
|  49|0x0000000083100000, 0x0000000083200000, 0x0000000083200000|100%| O|  |TAMS 0x0000000083100000, 0x0000000083100000| Untracked 
|  50|0x0000000083200000, 0x00000000832d7800, 0x0000000083300000| 84%| O|  |TAMS 0x0000000083200000, 0x0000000083200000| Untracked 
|  51|0x0000000083300000, 0x0000000083300000, 0x0000000083400000|  0%| F|  |TAMS 0x0000000083300000, 0x0000000083300000| Untracked 
|  52|0x0000000083400000, 0x0000000083400000, 0x0000000083500000|  0%| F|  |TAMS 0x0000000083400000, 0x0000000083400000| Untracked 
|  53|0x0000000083500000, 0x0000000083500000, 0x0000000083600000|  0%| F|  |TAMS 0x0000000083500000, 0x0000000083500000| Untracked 
|  54|0x0000000083600000, 0x0000000083600000, 0x0000000083700000|  0%| F|  |TAMS 0x0000000083600000, 0x0000000083600000| Untracked 
|  55|0x0000000083700000, 0x0000000083700000, 0x0000000083800000|  0%| F|  |TAMS 0x0000000083700000, 0x0000000083700000| Untracked 
|  56|0x0000000083800000, 0x0000000083800000, 0x0000000083900000|  0%| F|  |TAMS 0x0000000083800000, 0x0000000083800000| Untracked 
|  57|0x0000000083900000, 0x0000000083900000, 0x0000000083a00000|  0%| F|  |TAMS 0x0000000083900000, 0x0000000083900000| Untracked 
|  58|0x0000000083a00000, 0x0000000083a00000, 0x0000000083b00000|  0%| F|  |TAMS 0x0000000083a00000, 0x0000000083a00000| Untracked 
|  59|0x0000000083b00000, 0x0000000083b00000, 0x0000000083c00000|  0%| F|  |TAMS 0x0000000083b00000, 0x0000000083b00000| Untracked 
|  60|0x0000000083c00000, 0x0000000083c00000, 0x0000000083d00000|  0%| F|  |TAMS 0x0000000083c00000, 0x0000000083c00000| Untracked 
|  61|0x0000000083d00000, 0x0000000083d00000, 0x0000000083e00000|  0%| F|  |TAMS 0x0000000083d00000, 0x0000000083d00000| Untracked 
|  62|0x0000000083e00000, 0x0000000083e00000, 0x0000000083f00000|  0%| F|  |TAMS 0x0000000083e00000, 0x0000000083e00000| Untracked 
|  63|0x0000000083f00000, 0x0000000083f00000, 0x0000000084000000|  0%| F|  |TAMS 0x0000000083f00000, 0x0000000083f00000| Untracked 
|  64|0x0000000084000000, 0x0000000084000000, 0x0000000084100000|  0%| F|  |TAMS 0x0000000084000000, 0x0000000084000000| Untracked 
|  65|0x0000000084100000, 0x0000000084100000, 0x0000000084200000|  0%| F|  |TAMS 0x0000000084100000, 0x0000000084100000| Untracked 
|  66|0x0000000084200000, 0x0000000084200000, 0x0000000084300000|  0%| F|  |TAMS 0x0000000084200000, 0x0000000084200000| Untracked 
|  67|0x0000000084300000, 0x0000000084300000, 0x0000000084400000|  0%| F|  |TAMS 0x0000000084300000, 0x0000000084300000| Untracked 
|  68|0x0000000084400000, 0x0000000084400000, 0x0000000084500000|  0%| F|  |TAMS 0x0000000084400000, 0x0000000084400000| Untracked 
|  69|0x0000000084500000, 0x0000000084500000, 0x0000000084600000|  0%| F|  |TAMS 0x0000000084500000, 0x0000000084500000| Untracked 
|  70|0x0000000084600000, 0x0000000084600000, 0x0000000084700000|  0%| F|  |TAMS 0x0000000084600000, 0x0000000084600000| Untracked 
|  71|0x0000000084700000, 0x0000000084700000, 0x0000000084800000|  0%| F|  |TAMS 0x0000000084700000, 0x0000000084700000| Untracked 
|  72|0x0000000084800000, 0x0000000084800000, 0x0000000084900000|  0%| F|  |TAMS 0x0000000084800000, 0x0000000084800000| Untracked 
|  73|0x0000000084900000, 0x0000000084900000, 0x0000000084a00000|  0%| F|  |TAMS 0x0000000084900000, 0x0000000084900000| Untracked 
|  74|0x0000000084a00000, 0x0000000084a00000, 0x0000000084b00000|  0%| F|  |TAMS 0x0000000084a00000, 0x0000000084a00000| Untracked 
|  75|0x0000000084b00000, 0x0000000084b00000, 0x0000000084c00000|  0%| F|  |TAMS 0x0000000084b00000, 0x0000000084b00000| Untracked 
|  76|0x0000000084c00000, 0x0000000084c00000, 0x0000000084d00000|  0%| F|  |TAMS 0x0000000084c00000, 0x0000000084c00000| Untracked 
|  77|0x0000000084d00000, 0x0000000084d00000, 0x0000000084e00000|  0%| F|  |TAMS 0x0000000084d00000, 0x0000000084d00000| Untracked 
|  78|0x0000000084e00000, 0x0000000084e00000, 0x0000000084f00000|  0%| F|  |TAMS 0x0000000084e00000, 0x0000000084e00000| Untracked 
|  79|0x0000000084f00000, 0x0000000084f00000, 0x0000000085000000|  0%| F|  |TAMS 0x0000000084f00000, 0x0000000084f00000| Untracked 
|  80|0x0000000085000000, 0x0000000085000000, 0x0000000085100000|  0%| F|  |TAMS 0x0000000085000000, 0x0000000085000000| Untracked 
|  81|0x0000000085100000, 0x0000000085100000, 0x0000000085200000|  0%| F|  |TAMS 0x0000000085100000, 0x0000000085100000| Untracked 
|  82|0x0000000085200000, 0x0000000085200000, 0x0000000085300000|  0%| F|  |TAMS 0x0000000085200000, 0x0000000085200000| Untracked 
|  83|0x0000000085300000, 0x0000000085300000, 0x0000000085400000|  0%| F|  |TAMS 0x0000000085300000, 0x0000000085300000| Untracked 
|  84|0x0000000085400000, 0x0000000085400000, 0x0000000085500000|  0%| F|  |TAMS 0x0000000085400000, 0x0000000085400000| Untracked 
|  85|0x0000000085500000, 0x0000000085500000, 0x0000000085600000|  0%| F|  |TAMS 0x0000000085500000, 0x0000000085500000| Untracked 
|  86|0x0000000085600000, 0x0000000085600000, 0x0000000085700000|  0%| F|  |TAMS 0x0000000085600000, 0x0000000085600000| Untracked 
|  87|0x0000000085700000, 0x0000000085700000, 0x0000000085800000|  0%| F|  |TAMS 0x0000000085700000, 0x0000000085700000| Untracked 
|  88|0x0000000085800000, 0x0000000085800000, 0x0000000085900000|  0%| F|  |TAMS 0x0000000085800000, 0x0000000085800000| Untracked 
|  89|0x0000000085900000, 0x0000000085900000, 0x0000000085a00000|  0%| F|  |TAMS 0x0000000085900000, 0x0000000085900000| Untracked 
|  90|0x0000000085a00000, 0x0000000085a00000, 0x0000000085b00000|  0%| F|  |TAMS 0x0000000085a00000, 0x0000000085a00000| Untracked 
|  91|0x0000000085b00000, 0x0000000085b00000, 0x0000000085c00000|  0%| F|  |TAMS 0x0000000085b00000, 0x0000000085b00000| Untracked 
|  92|0x0000000085c00000, 0x0000000085c00000, 0x0000000085d00000|  0%| F|  |TAMS 0x0000000085c00000, 0x0000000085c00000| Untracked 
|  93|0x0000000085d00000, 0x0000000085d00000, 0x0000000085e00000|  0%| F|  |TAMS 0x0000000085d00000, 0x0000000085d00000| Untracked 
|  94|0x0000000085e00000, 0x0000000085e00000, 0x0000000085f00000|  0%| F|  |TAMS 0x0000000085e00000, 0x0000000085e00000| Untracked 
|  95|0x0000000085f00000, 0x0000000085f00000, 0x0000000086000000|  0%| F|  |TAMS 0x0000000085f00000, 0x0000000085f00000| Untracked 
|  96|0x0000000086000000, 0x0000000086000000, 0x0000000086100000|  0%| F|  |TAMS 0x0000000086000000, 0x0000000086000000| Untracked 
|  97|0x0000000086100000, 0x0000000086100000, 0x0000000086200000|  0%| F|  |TAMS 0x0000000086100000, 0x0000000086100000| Untracked 
|  98|0x0000000086200000, 0x0000000086200000, 0x0000000086300000|  0%| F|  |TAMS 0x0000000086200000, 0x0000000086200000| Untracked 
|  99|0x0000000086300000, 0x0000000086300000, 0x0000000086400000|  0%| F|  |TAMS 0x0000000086300000, 0x0000000086300000| Untracked 
| 100|0x0000000086400000, 0x0000000086400000, 0x0000000086500000|  0%| F|  |TAMS 0x0000000086400000, 0x0000000086400000| Untracked 
| 101|0x0000000086500000, 0x0000000086500000, 0x0000000086600000|  0%| F|  |TAMS 0x0000000086500000, 0x0000000086500000| Untracked 
| 102|0x0000000086600000, 0x0000000086600000, 0x0000000086700000|  0%| F|  |TAMS 0x0000000086600000, 0x0000000086600000| Untracked 
| 103|0x0000000086700000, 0x0000000086700000, 0x0000000086800000|  0%| F|  |TAMS 0x0000000086700000, 0x0000000086700000| Untracked 
| 104|0x0000000086800000, 0x0000000086800000, 0x0000000086900000|  0%| F|  |TAMS 0x0000000086800000, 0x0000000086800000| Untracked 
| 105|0x0000000086900000, 0x0000000086900000, 0x0000000086a00000|  0%| F|  |TAMS 0x0000000086900000, 0x0000000086900000| Untracked 
| 106|0x0000000086a00000, 0x0000000086a00000, 0x0000000086b00000|  0%| F|  |TAMS 0x0000000086a00000, 0x0000000086a00000| Untracked 
| 107|0x0000000086b00000, 0x0000000086b00000, 0x0000000086c00000|  0%| F|  |TAMS 0x0000000086b00000, 0x0000000086b00000| Untracked 
| 108|0x0000000086c00000, 0x0000000086c00000, 0x0000000086d00000|  0%| F|  |TAMS 0x0000000086c00000, 0x0000000086c00000| Untracked 
| 109|0x0000000086d00000, 0x0000000086d00000, 0x0000000086e00000|  0%| F|  |TAMS 0x0000000086d00000, 0x0000000086d00000| Untracked 
| 110|0x0000000086e00000, 0x0000000086e00000, 0x0000000086f00000|  0%| F|  |TAMS 0x0000000086e00000, 0x0000000086e00000| Untracked 
| 111|0x0000000086f00000, 0x0000000086f00000, 0x0000000087000000|  0%| F|  |TAMS 0x0000000086f00000, 0x0000000086f00000| Untracked 
| 112|0x0000000087000000, 0x0000000087000000, 0x0000000087100000|  0%| F|  |TAMS 0x0000000087000000, 0x0000000087000000| Untracked 
| 113|0x0000000087100000, 0x0000000087100000, 0x0000000087200000|  0%| F|  |TAMS 0x0000000087100000, 0x0000000087100000| Untracked 
| 114|0x0000000087200000, 0x0000000087200000, 0x0000000087300000|  0%| F|  |TAMS 0x0000000087200000, 0x0000000087200000| Untracked 
| 115|0x0000000087300000, 0x0000000087300000, 0x0000000087400000|  0%| F|  |TAMS 0x0000000087300000, 0x0000000087300000| Untracked 
| 116|0x0000000087400000, 0x0000000087400000, 0x0000000087500000|  0%| F|  |TAMS 0x0000000087400000, 0x0000000087400000| Untracked 
| 117|0x0000000087500000, 0x0000000087500000, 0x0000000087600000|  0%| F|  |TAMS 0x0000000087500000, 0x0000000087500000| Untracked 
| 118|0x0000000087600000, 0x0000000087600000, 0x0000000087700000|  0%| F|  |TAMS 0x0000000087600000, 0x0000000087600000| Untracked 
| 119|0x0000000087700000, 0x0000000087700000, 0x0000000087800000|  0%| F|  |TAMS 0x0000000087700000, 0x0000000087700000| Untracked 
| 120|0x0000000087800000, 0x0000000087800000, 0x0000000087900000|  0%| F|  |TAMS 0x0000000087800000, 0x0000000087800000| Untracked 
| 121|0x0000000087900000, 0x0000000087900000, 0x0000000087a00000|  0%| F|  |TAMS 0x0000000087900000, 0x0000000087900000| Untracked 
| 122|0x0000000087a00000, 0x0000000087a00000, 0x0000000087b00000|  0%| F|  |TAMS 0x0000000087a00000, 0x0000000087a00000| Untracked 
| 123|0x0000000087b00000, 0x0000000087b00000, 0x0000000087c00000|  0%| F|  |TAMS 0x0000000087b00000, 0x0000000087b00000| Untracked 
| 124|0x0000000087c00000, 0x0000000087c00000, 0x0000000087d00000|  0%| F|  |TAMS 0x0000000087c00000, 0x0000000087c00000| Untracked 
| 125|0x0000000087d00000, 0x0000000087d00000, 0x0000000087e00000|  0%| F|  |TAMS 0x0000000087d00000, 0x0000000087d00000| Untracked 
| 126|0x0000000087e00000, 0x0000000087e00000, 0x0000000087f00000|  0%| F|  |TAMS 0x0000000087e00000, 0x0000000087e00000| Untracked 
| 127|0x0000000087f00000, 0x0000000087f00000, 0x0000000088000000|  0%| F|  |TAMS 0x0000000087f00000, 0x0000000087f00000| Untracked 
| 128|0x0000000088000000, 0x0000000088000000, 0x0000000088100000|  0%| F|  |TAMS 0x0000000088000000, 0x0000000088000000| Untracked 
| 129|0x0000000088100000, 0x0000000088100000, 0x0000000088200000|  0%| F|  |TAMS 0x0000000088100000, 0x0000000088100000| Untracked 
| 130|0x0000000088200000, 0x0000000088200000, 0x0000000088300000|  0%| F|  |TAMS 0x0000000088200000, 0x0000000088200000| Untracked 
| 131|0x0000000088300000, 0x0000000088300000, 0x0000000088400000|  0%| F|  |TAMS 0x0000000088300000, 0x0000000088300000| Untracked 
| 132|0x0000000088400000, 0x0000000088400000, 0x0000000088500000|  0%| F|  |TAMS 0x0000000088400000, 0x0000000088400000| Untracked 
| 133|0x0000000088500000, 0x0000000088500000, 0x0000000088600000|  0%| F|  |TAMS 0x0000000088500000, 0x0000000088500000| Untracked 
| 134|0x0000000088600000, 0x0000000088600000, 0x0000000088700000|  0%| F|  |TAMS 0x0000000088600000, 0x0000000088600000| Untracked 
| 135|0x0000000088700000, 0x0000000088700000, 0x0000000088800000|  0%| F|  |TAMS 0x0000000088700000, 0x0000000088700000| Untracked 
| 136|0x0000000088800000, 0x00000000888e1a30, 0x0000000088900000| 88%| S|CS|TAMS 0x0000000088800000, 0x0000000088800000| Complete 
| 137|0x0000000088900000, 0x0000000088a00000, 0x0000000088a00000|100%| S|CS|TAMS 0x0000000088900000, 0x0000000088900000| Complete 
| 138|0x0000000088a00000, 0x0000000088b00000, 0x0000000088b00000|100%| S|CS|TAMS 0x0000000088a00000, 0x0000000088a00000| Complete 
| 139|0x0000000088b00000, 0x0000000088c00000, 0x0000000088c00000|100%| S|CS|TAMS 0x0000000088b00000, 0x0000000088b00000| Complete 
| 140|0x0000000088c00000, 0x0000000088d00000, 0x0000000088d00000|100%| S|CS|TAMS 0x0000000088c00000, 0x0000000088c00000| Complete 
| 141|0x0000000088d00000, 0x0000000088e00000, 0x0000000088e00000|100%| S|CS|TAMS 0x0000000088d00000, 0x0000000088d00000| Complete 
| 142|0x0000000088e00000, 0x0000000088f00000, 0x0000000088f00000|100%| S|CS|TAMS 0x0000000088e00000, 0x0000000088e00000| Complete 
| 143|0x0000000088f00000, 0x0000000088f00000, 0x0000000089000000|  0%| F|  |TAMS 0x0000000088f00000, 0x0000000088f00000| Untracked 
| 144|0x0000000089000000, 0x0000000089000000, 0x0000000089100000|  0%| F|  |TAMS 0x0000000089000000, 0x0000000089000000| Untracked 
| 145|0x0000000089100000, 0x0000000089100000, 0x0000000089200000|  0%| F|  |TAMS 0x0000000089100000, 0x0000000089100000| Untracked 
| 146|0x0000000089200000, 0x0000000089200000, 0x0000000089300000|  0%| F|  |TAMS 0x0000000089200000, 0x0000000089200000| Untracked 
| 147|0x0000000089300000, 0x0000000089300000, 0x0000000089400000|  0%| F|  |TAMS 0x0000000089300000, 0x0000000089300000| Untracked 
| 148|0x0000000089400000, 0x0000000089400000, 0x0000000089500000|  0%| F|  |TAMS 0x0000000089400000, 0x0000000089400000| Untracked 
| 149|0x0000000089500000, 0x0000000089500000, 0x0000000089600000|  0%| F|  |TAMS 0x0000000089500000, 0x0000000089500000| Untracked 
| 150|0x0000000089600000, 0x0000000089600000, 0x0000000089700000|  0%| F|  |TAMS 0x0000000089600000, 0x0000000089600000| Untracked 
| 151|0x0000000089700000, 0x0000000089700000, 0x0000000089800000|  0%| F|  |TAMS 0x0000000089700000, 0x0000000089700000| Untracked 
| 152|0x0000000089800000, 0x0000000089800000, 0x0000000089900000|  0%| F|  |TAMS 0x0000000089800000, 0x0000000089800000| Untracked 
| 153|0x0000000089900000, 0x0000000089900000, 0x0000000089a00000|  0%| F|  |TAMS 0x0000000089900000, 0x0000000089900000| Untracked 
| 154|0x0000000089a00000, 0x0000000089a00000, 0x0000000089b00000|  0%| F|  |TAMS 0x0000000089a00000, 0x0000000089a00000| Untracked 
| 155|0x0000000089b00000, 0x0000000089b00000, 0x0000000089c00000|  0%| F|  |TAMS 0x0000000089b00000, 0x0000000089b00000| Untracked 
| 156|0x0000000089c00000, 0x0000000089c00000, 0x0000000089d00000|  0%| F|  |TAMS 0x0000000089c00000, 0x0000000089c00000| Untracked 
| 157|0x0000000089d00000, 0x0000000089d00000, 0x0000000089e00000|  0%| F|  |TAMS 0x0000000089d00000, 0x0000000089d00000| Untracked 
| 158|0x0000000089e00000, 0x0000000089e00000, 0x0000000089f00000|  0%| F|  |TAMS 0x0000000089e00000, 0x0000000089e00000| Untracked 
| 159|0x0000000089f00000, 0x0000000089f00000, 0x000000008a000000|  0%| F|  |TAMS 0x0000000089f00000, 0x0000000089f00000| Untracked 
| 160|0x000000008a000000, 0x000000008a000000, 0x000000008a100000|  0%| F|  |TAMS 0x000000008a000000, 0x000000008a000000| Untracked 
| 161|0x000000008a100000, 0x000000008a100000, 0x000000008a200000|  0%| F|  |TAMS 0x000000008a100000, 0x000000008a100000| Untracked 
| 162|0x000000008a200000, 0x000000008a200000, 0x000000008a300000|  0%| F|  |TAMS 0x000000008a200000, 0x000000008a200000| Untracked 
| 163|0x000000008a300000, 0x000000008a300000, 0x000000008a400000|  0%| F|  |TAMS 0x000000008a300000, 0x000000008a300000| Untracked 
| 164|0x000000008a400000, 0x000000008a400000, 0x000000008a500000|  0%| F|  |TAMS 0x000000008a400000, 0x000000008a400000| Untracked 
| 165|0x000000008a500000, 0x000000008a500000, 0x000000008a600000|  0%| F|  |TAMS 0x000000008a500000, 0x000000008a500000| Untracked 
| 166|0x000000008a600000, 0x000000008a600000, 0x000000008a700000|  0%| F|  |TAMS 0x000000008a600000, 0x000000008a600000| Untracked 
| 167|0x000000008a700000, 0x000000008a700000, 0x000000008a800000|  0%| F|  |TAMS 0x000000008a700000, 0x000000008a700000| Untracked 
| 168|0x000000008a800000, 0x000000008a800000, 0x000000008a900000|  0%| F|  |TAMS 0x000000008a800000, 0x000000008a800000| Untracked 
| 169|0x000000008a900000, 0x000000008a900000, 0x000000008aa00000|  0%| F|  |TAMS 0x000000008a900000, 0x000000008a900000| Untracked 
| 170|0x000000008aa00000, 0x000000008aa00000, 0x000000008ab00000|  0%| F|  |TAMS 0x000000008aa00000, 0x000000008aa00000| Untracked 
| 171|0x000000008ab00000, 0x000000008ab00000, 0x000000008ac00000|  0%| F|  |TAMS 0x000000008ab00000, 0x000000008ab00000| Untracked 
| 172|0x000000008ac00000, 0x000000008ac00000, 0x000000008ad00000|  0%| F|  |TAMS 0x000000008ac00000, 0x000000008ac00000| Untracked 
| 173|0x000000008ad00000, 0x000000008ad00000, 0x000000008ae00000|  0%| F|  |TAMS 0x000000008ad00000, 0x000000008ad00000| Untracked 
| 174|0x000000008ae00000, 0x000000008ae00000, 0x000000008af00000|  0%| F|  |TAMS 0x000000008ae00000, 0x000000008ae00000| Untracked 
| 175|0x000000008af00000, 0x000000008af00000, 0x000000008b000000|  0%| F|  |TAMS 0x000000008af00000, 0x000000008af00000| Untracked 
| 176|0x000000008b000000, 0x000000008b000000, 0x000000008b100000|  0%| F|  |TAMS 0x000000008b000000, 0x000000008b000000| Untracked 
| 177|0x000000008b100000, 0x000000008b100000, 0x000000008b200000|  0%| F|  |TAMS 0x000000008b100000, 0x000000008b100000| Untracked 
| 178|0x000000008b200000, 0x000000008b200000, 0x000000008b300000|  0%| F|  |TAMS 0x000000008b200000, 0x000000008b200000| Untracked 
| 179|0x000000008b300000, 0x000000008b300000, 0x000000008b400000|  0%| F|  |TAMS 0x000000008b300000, 0x000000008b300000| Untracked 
| 180|0x000000008b400000, 0x000000008b400000, 0x000000008b500000|  0%| F|  |TAMS 0x000000008b400000, 0x000000008b400000| Untracked 
| 181|0x000000008b500000, 0x000000008b500000, 0x000000008b600000|  0%| F|  |TAMS 0x000000008b500000, 0x000000008b500000| Untracked 
| 182|0x000000008b600000, 0x000000008b600000, 0x000000008b700000|  0%| F|  |TAMS 0x000000008b600000, 0x000000008b600000| Untracked 
| 183|0x000000008b700000, 0x000000008b700000, 0x000000008b800000|  0%| F|  |TAMS 0x000000008b700000, 0x000000008b700000| Untracked 
| 184|0x000000008b800000, 0x000000008b800000, 0x000000008b900000|  0%| F|  |TAMS 0x000000008b800000, 0x000000008b800000| Untracked 
| 185|0x000000008b900000, 0x000000008b900000, 0x000000008ba00000|  0%| F|  |TAMS 0x000000008b900000, 0x000000008b900000| Untracked 
| 186|0x000000008ba00000, 0x000000008ba00000, 0x000000008bb00000|  0%| F|  |TAMS 0x000000008ba00000, 0x000000008ba00000| Untracked 
| 187|0x000000008bb00000, 0x000000008bb00000, 0x000000008bc00000|  0%| F|  |TAMS 0x000000008bb00000, 0x000000008bb00000| Untracked 
| 188|0x000000008bc00000, 0x000000008bc00000, 0x000000008bd00000|  0%| F|  |TAMS 0x000000008bc00000, 0x000000008bc00000| Untracked 
| 189|0x000000008bd00000, 0x000000008bd00000, 0x000000008be00000|  0%| F|  |TAMS 0x000000008bd00000, 0x000000008bd00000| Untracked 
| 190|0x000000008be00000, 0x000000008be00000, 0x000000008bf00000|  0%| F|  |TAMS 0x000000008be00000, 0x000000008be00000| Untracked 
| 191|0x000000008bf00000, 0x000000008bf00000, 0x000000008c000000|  0%| F|  |TAMS 0x000000008bf00000, 0x000000008bf00000| Untracked 
| 192|0x000000008c000000, 0x000000008c000000, 0x000000008c100000|  0%| F|  |TAMS 0x000000008c000000, 0x000000008c000000| Untracked 
| 193|0x000000008c100000, 0x000000008c100000, 0x000000008c200000|  0%| F|  |TAMS 0x000000008c100000, 0x000000008c100000| Untracked 
| 194|0x000000008c200000, 0x000000008c200000, 0x000000008c300000|  0%| F|  |TAMS 0x000000008c200000, 0x000000008c200000| Untracked 
| 195|0x000000008c300000, 0x000000008c300000, 0x000000008c400000|  0%| F|  |TAMS 0x000000008c300000, 0x000000008c300000| Untracked 
| 196|0x000000008c400000, 0x000000008c400000, 0x000000008c500000|  0%| F|  |TAMS 0x000000008c400000, 0x000000008c400000| Untracked 
| 197|0x000000008c500000, 0x000000008c500000, 0x000000008c600000|  0%| F|  |TAMS 0x000000008c500000, 0x000000008c500000| Untracked 
| 198|0x000000008c600000, 0x000000008c600000, 0x000000008c700000|  0%| F|  |TAMS 0x000000008c600000, 0x000000008c600000| Untracked 
| 199|0x000000008c700000, 0x000000008c700000, 0x000000008c800000|  0%| F|  |TAMS 0x000000008c700000, 0x000000008c700000| Untracked 
| 200|0x000000008c800000, 0x000000008c800000, 0x000000008c900000|  0%| F|  |TAMS 0x000000008c800000, 0x000000008c800000| Untracked 
| 201|0x000000008c900000, 0x000000008c900000, 0x000000008ca00000|  0%| F|  |TAMS 0x000000008c900000, 0x000000008c900000| Untracked 
| 202|0x000000008ca00000, 0x000000008ca00000, 0x000000008cb00000|  0%| F|  |TAMS 0x000000008ca00000, 0x000000008ca00000| Untracked 
| 203|0x000000008cb00000, 0x000000008cb00000, 0x000000008cc00000|  0%| F|  |TAMS 0x000000008cb00000, 0x000000008cb00000| Untracked 
| 204|0x000000008cc00000, 0x000000008cc00000, 0x000000008cd00000|  0%| F|  |TAMS 0x000000008cc00000, 0x000000008cc00000| Untracked 
| 205|0x000000008cd00000, 0x000000008cd00000, 0x000000008ce00000|  0%| F|  |TAMS 0x000000008cd00000, 0x000000008cd00000| Untracked 
| 206|0x000000008ce00000, 0x000000008ce00000, 0x000000008cf00000|  0%| F|  |TAMS 0x000000008ce00000, 0x000000008ce00000| Untracked 
| 207|0x000000008cf00000, 0x000000008cf00000, 0x000000008d000000|  0%| F|  |TAMS 0x000000008cf00000, 0x000000008cf00000| Untracked 
| 208|0x000000008d000000, 0x000000008d000000, 0x000000008d100000|  0%| F|  |TAMS 0x000000008d000000, 0x000000008d000000| Untracked 
| 209|0x000000008d100000, 0x000000008d100000, 0x000000008d200000|  0%| F|  |TAMS 0x000000008d100000, 0x000000008d100000| Untracked 
| 210|0x000000008d200000, 0x000000008d200000, 0x000000008d300000|  0%| F|  |TAMS 0x000000008d200000, 0x000000008d200000| Untracked 
| 211|0x000000008d300000, 0x000000008d300000, 0x000000008d400000|  0%| F|  |TAMS 0x000000008d300000, 0x000000008d300000| Untracked 
| 212|0x000000008d400000, 0x000000008d400000, 0x000000008d500000|  0%| F|  |TAMS 0x000000008d400000, 0x000000008d400000| Untracked 
| 213|0x000000008d500000, 0x000000008d500000, 0x000000008d600000|  0%| F|  |TAMS 0x000000008d500000, 0x000000008d500000| Untracked 
| 214|0x000000008d600000, 0x000000008d600000, 0x000000008d700000|  0%| F|  |TAMS 0x000000008d600000, 0x000000008d600000| Untracked 
| 215|0x000000008d700000, 0x000000008d700000, 0x000000008d800000|  0%| F|  |TAMS 0x000000008d700000, 0x000000008d700000| Untracked 
| 216|0x000000008d800000, 0x000000008d800000, 0x000000008d900000|  0%| F|  |TAMS 0x000000008d800000, 0x000000008d800000| Untracked 
| 217|0x000000008d900000, 0x000000008d900000, 0x000000008da00000|  0%| F|  |TAMS 0x000000008d900000, 0x000000008d900000| Untracked 
| 218|0x000000008da00000, 0x000000008da00000, 0x000000008db00000|  0%| F|  |TAMS 0x000000008da00000, 0x000000008da00000| Untracked 
| 219|0x000000008db00000, 0x000000008db00000, 0x000000008dc00000|  0%| F|  |TAMS 0x000000008db00000, 0x000000008db00000| Untracked 
| 220|0x000000008dc00000, 0x000000008dc00000, 0x000000008dd00000|  0%| F|  |TAMS 0x000000008dc00000, 0x000000008dc00000| Untracked 
| 221|0x000000008dd00000, 0x000000008dd00000, 0x000000008de00000|  0%| F|  |TAMS 0x000000008dd00000, 0x000000008dd00000| Untracked 
| 222|0x000000008de00000, 0x000000008de00000, 0x000000008df00000|  0%| F|  |TAMS 0x000000008de00000, 0x000000008de00000| Untracked 
| 223|0x000000008df00000, 0x000000008df00000, 0x000000008e000000|  0%| F|  |TAMS 0x000000008df00000, 0x000000008df00000| Untracked 
| 224|0x000000008e000000, 0x000000008e000000, 0x000000008e100000|  0%| F|  |TAMS 0x000000008e000000, 0x000000008e000000| Untracked 
| 225|0x000000008e100000, 0x000000008e100000, 0x000000008e200000|  0%| F|  |TAMS 0x000000008e100000, 0x000000008e100000| Untracked 
| 226|0x000000008e200000, 0x000000008e200000, 0x000000008e300000|  0%| F|  |TAMS 0x000000008e200000, 0x000000008e200000| Untracked 
| 227|0x000000008e300000, 0x000000008e300000, 0x000000008e400000|  0%| F|  |TAMS 0x000000008e300000, 0x000000008e300000| Untracked 
| 228|0x000000008e400000, 0x000000008e400000, 0x000000008e500000|  0%| F|  |TAMS 0x000000008e400000, 0x000000008e400000| Untracked 
| 229|0x000000008e500000, 0x000000008e500000, 0x000000008e600000|  0%| F|  |TAMS 0x000000008e500000, 0x000000008e500000| Untracked 
| 230|0x000000008e600000, 0x000000008e600000, 0x000000008e700000|  0%| F|  |TAMS 0x000000008e600000, 0x000000008e600000| Untracked 
| 231|0x000000008e700000, 0x000000008e700000, 0x000000008e800000|  0%| F|  |TAMS 0x000000008e700000, 0x000000008e700000| Untracked 
| 232|0x000000008e800000, 0x000000008e889c68, 0x000000008e900000| 53%| E|  |TAMS 0x000000008e800000, 0x000000008e800000| Complete 
| 233|0x000000008e900000, 0x000000008ea00000, 0x000000008ea00000|100%| E|CS|TAMS 0x000000008e900000, 0x000000008e900000| Complete 
| 234|0x000000008ea00000, 0x000000008eb00000, 0x000000008eb00000|100%| E|CS|TAMS 0x000000008ea00000, 0x000000008ea00000| Complete 
| 235|0x000000008eb00000, 0x000000008ec00000, 0x000000008ec00000|100%| E|CS|TAMS 0x000000008eb00000, 0x000000008eb00000| Complete 
| 236|0x000000008ec00000, 0x000000008ed00000, 0x000000008ed00000|100%| E|CS|TAMS 0x000000008ec00000, 0x000000008ec00000| Complete 
| 237|0x000000008ed00000, 0x000000008ee00000, 0x000000008ee00000|100%| E|CS|TAMS 0x000000008ed00000, 0x000000008ed00000| Complete 
| 238|0x000000008ee00000, 0x000000008ef00000, 0x000000008ef00000|100%| E|CS|TAMS 0x000000008ee00000, 0x000000008ee00000| Complete 
| 239|0x000000008ef00000, 0x000000008f000000, 0x000000008f000000|100%| E|CS|TAMS 0x000000008ef00000, 0x000000008ef00000| Complete 
| 240|0x000000008f000000, 0x000000008f100000, 0x000000008f100000|100%| E|CS|TAMS 0x000000008f000000, 0x000000008f000000| Complete 
| 241|0x000000008f100000, 0x000000008f200000, 0x000000008f200000|100%| E|CS|TAMS 0x000000008f100000, 0x000000008f100000| Complete 
| 242|0x000000008f200000, 0x000000008f300000, 0x000000008f300000|100%| E|CS|TAMS 0x000000008f200000, 0x000000008f200000| Complete 
| 243|0x000000008f300000, 0x000000008f400000, 0x000000008f400000|100%| E|CS|TAMS 0x000000008f300000, 0x000000008f300000| Complete 
| 244|0x000000008f400000, 0x000000008f500000, 0x000000008f500000|100%| E|CS|TAMS 0x000000008f400000, 0x000000008f400000| Complete 
| 245|0x000000008f500000, 0x000000008f600000, 0x000000008f600000|100%| E|CS|TAMS 0x000000008f500000, 0x000000008f500000| Complete 
| 246|0x000000008f600000, 0x000000008f700000, 0x000000008f700000|100%| E|CS|TAMS 0x000000008f600000, 0x000000008f600000| Complete 
| 247|0x000000008f700000, 0x000000008f800000, 0x000000008f800000|100%| E|CS|TAMS 0x000000008f700000, 0x000000008f700000| Complete 
| 248|0x000000008f800000, 0x000000008f900000, 0x000000008f900000|100%| E|CS|TAMS 0x000000008f800000, 0x000000008f800000| Complete 
| 249|0x000000008f900000, 0x000000008fa00000, 0x000000008fa00000|100%| E|CS|TAMS 0x000000008f900000, 0x000000008f900000| Complete 
| 250|0x000000008fa00000, 0x000000008fb00000, 0x000000008fb00000|100%| E|CS|TAMS 0x000000008fa00000, 0x000000008fa00000| Complete 
| 251|0x000000008fb00000, 0x000000008fc00000, 0x000000008fc00000|100%| E|CS|TAMS 0x000000008fb00000, 0x000000008fb00000| Complete 
| 252|0x000000008fc00000, 0x000000008fd00000, 0x000000008fd00000|100%| E|CS|TAMS 0x000000008fc00000, 0x000000008fc00000| Complete 
| 253|0x000000008fd00000, 0x000000008fe00000, 0x000000008fe00000|100%| E|CS|TAMS 0x000000008fd00000, 0x000000008fd00000| Complete 

Card table byte_map: [0x000001649ece0000,0x000001649f0e0000] _byte_map_base: 0x000001649e8e0000

Marking Bits (Prev, Next): (CMBitMap*) 0x000001648bb03728, (CMBitMap*) 0x000001648bb03760
 Prev Bits: [0x000001649f4e0000, 0x00000164a14e0000)
 Next Bits: [0x00000164a14e0000, 0x00000164a34e0000)

Polling page: 0x000001648b2a0000

Metaspace:

Usage:
  Non-class:     67.72 MB capacity,    66.40 MB ( 98%) used,     1.10 MB (  2%) free+waste,   221.94 KB ( <1%) overhead. 
      Class:     10.87 MB capacity,    10.08 MB ( 93%) used,   697.33 KB (  6%) free+waste,   104.88 KB ( <1%) overhead. 
       Both:     78.59 MB capacity,    76.49 MB ( 97%) used,     1.78 MB (  2%) free+waste,   326.81 KB ( <1%) overhead. 

Virtual space:
  Non-class space:       68.00 MB reserved,      67.75 MB (>99%) committed 
      Class space:        1.00 GB reserved,      10.88 MB (  1%) committed 
             Both:        1.07 GB reserved,      78.63 MB (  7%) committed 

Chunk freelists:
   Non-Class:  0 bytes
       Class:  0 bytes
        Both:  0 bytes

MaxMetaspaceSize: 17179869184.00 GB
CompressedClassSpaceSize: 1.00 GB

CodeHeap 'non-profiled nmethods': size=120000Kb used=4794Kb max_used=4794Kb free=115205Kb
 bounds [0x0000016497080000, 0x0000016497530000, 0x000001649e5b0000]
CodeHeap 'profiled nmethods': size=120000Kb used=16629Kb max_used=16629Kb free=103370Kb
 bounds [0x000001648fb50000, 0x0000016490b90000, 0x0000016497080000]
CodeHeap 'non-nmethods': size=5760Kb used=2272Kb max_used=2338Kb free=3487Kb
 bounds [0x000001648f5b0000, 0x000001648f820000, 0x000001648fb50000]
 total_blobs=8682 nmethods=7811 adapters=782
 compilation: enabled
              stopped_count=0, restarted_count=0
 full_count=0

Compilation events (20 events):
Event: 11.334 Thread 0x00000164a681a800 nmethod 7835 0x0000016490b8aa10 code [0x0000016490b8abe0, 0x0000016490b8ae88]
Event: 11.334 Thread 0x00000164a681a800 7836       2       com.google.common.collect.MapMakerInternalMap$WeakKeyDummyValueEntry::copy (18 bytes)
Event: 11.335 Thread 0x00000164a681a800 nmethod 7836 0x0000016490b8b010 code [0x0000016490b8b1c0, 0x0000016490b8b408]
Event: 11.335 Thread 0x00000164a681a800 7837       2       org.gradle.internal.snapshot.AbstractFileSystemLocationSnapshot::<init> (20 bytes)
Event: 11.335 Thread 0x00000164a681a800 nmethod 7837 0x0000016490b8b510 code [0x0000016490b8b6c0, 0x0000016490b8b8d8]
Event: 11.335 Thread 0x00000164a681a800 7839       2       sun.nio.fs.WindowsFileAttributes::isSymbolicLink (15 bytes)
Event: 11.335 Thread 0x00000164a681a800 nmethod 7839 0x0000016490b8b990 code [0x0000016490b8bb40, 0x0000016490b8bc58]
Event: 11.335 Thread 0x00000164a681a800 7838       1       com.google.common.collect.CompactHashMap::access$100 (5 bytes)
Event: 11.335 Thread 0x00000164a681a800 nmethod 7838 0x000001649752e710 code [0x000001649752e8c0, 0x000001649752e958]
Event: 11.335 Thread 0x00000164a681a800 7840       2       org.gradle.internal.serialize.HashCodeSerializer::read (23 bytes)
Event: 11.335 Thread 0x00000164a681a800 nmethod 7840 0x0000016490b8bd10 code [0x0000016490b8bee0, 0x0000016490b8c0e8]
Event: 11.335 Thread 0x00000164a681a800 7841       2       sun.nio.fs.WindowsFileAttributes::isDirectory (25 bytes)
Event: 11.336 Thread 0x00000164a681a800 nmethod 7841 0x0000016490b8c210 code [0x0000016490b8c3c0, 0x0000016490b8c518]
Event: 11.336 Thread 0x00000164a681a800 7842       2       java.util.ArrayList::set (24 bytes)
Event: 11.336 Thread 0x00000164a681a800 nmethod 7842 0x0000016490b8c590 code [0x0000016490b8c780, 0x0000016490b8cc48]
Event: 11.336 Thread 0x00000164a681a800 7844       2       org.gradle.internal.snapshot.impl.DirectorySnapshotter$DefaultExcludes$StartMatcher::test (9 bytes)
Event: 11.336 Thread 0x00000164a681a800 nmethod 7844 0x0000016490b8cf10 code [0x0000016490b8d0c0, 0x0000016490b8d228]
Event: 11.336 Thread 0x00000164a681a800 7843       2       org.gradle.internal.snapshot.RelativePathTracker::enter (26 bytes)
Event: 11.336 Thread 0x00000164a681a800 nmethod 7843 0x0000016490b8d310 code [0x0000016490b8d4c0, 0x0000016490b8d648]
Event: 11.337 Thread 0x00000164a681a800 7846   !   2       java.util.concurrent.FutureTask::run (123 bytes)

GC Heap History (20 events):
Event: 1.071 GC heap before
{Heap before GC invocations=1 (full 0):
 garbage-first heap   total 260096K, used 31846K [0x0000000080000000, 0x0000000100000000)
  region size 1024K, 25 young (25600K), 3 survivors (3072K)
 Metaspace       used 11133K, capacity 11438K, committed 11520K, reserved 1058816K
  class space    used 1165K, capacity 1243K, committed 1280K, reserved 1048576K
}
Event: 1.074 GC heap after
{Heap after GC invocations=2 (full 0):
 garbage-first heap   total 260096K, used 9955K [0x0000000080000000, 0x0000000100000000)
  region size 1024K, 1 young (1024K), 1 survivors (1024K)
 Metaspace       used 11133K, capacity 11438K, committed 11520K, reserved 1058816K
  class space    used 1165K, capacity 1243K, committed 1280K, reserved 1048576K
}
Event: 3.573 GC heap before
{Heap before GC invocations=2 (full 0):
 garbage-first heap   total 260096K, used 64227K [0x0000000080000000, 0x0000000100000000)
  region size 1024K, 54 young (55296K), 1 survivors (1024K)
 Metaspace       used 17991K, capacity 18445K, committed 18688K, reserved 1064960K
  class space    used 2136K, capacity 2272K, committed 2304K, reserved 1048576K
}
Event: 3.578 GC heap after
{Heap after GC invocations=3 (full 0):
 garbage-first heap   total 260096K, used 16558K [0x0000000080000000, 0x0000000100000000)
  region size 1024K, 7 young (7168K), 7 survivors (7168K)
 Metaspace       used 17991K, capacity 18445K, committed 18688K, reserved 1064960K
  class space    used 2136K, capacity 2272K, committed 2304K, reserved 1048576K
}
Event: 3.787 GC heap before
{Heap before GC invocations=3 (full 0):
 garbage-first heap   total 260096K, used 36014K [0x0000000080000000, 0x0000000100000000)
  region size 1024K, 28 young (28672K), 7 survivors (7168K)
 Metaspace       used 20601K, capacity 21088K, committed 21248K, reserved 1067008K
  class space    used 2508K, capacity 2690K, committed 2816K, reserved 1048576K
}
Event: 3.794 GC heap after
{Heap after GC invocations=4 (full 0):
 garbage-first heap   total 260096K, used 16751K [0x0000000080000000, 0x0000000100000000)
  region size 1024K, 1 young (1024K), 1 survivors (1024K)
 Metaspace       used 20601K, capacity 21088K, committed 21248K, reserved 1067008K
  class space    used 2508K, capacity 2690K, committed 2816K, reserved 1048576K
}
Event: 4.627 GC heap before
{Heap before GC invocations=5 (full 0):
 garbage-first heap   total 260096K, used 90479K [0x0000000080000000, 0x0000000100000000)
  region size 1024K, 73 young (74752K), 1 survivors (1024K)
 Metaspace       used 27708K, capacity 28364K, committed 28544K, reserved 1073152K
  class space    used 3673K, capacity 3929K, committed 3968K, reserved 1048576K
}
Event: 4.631 GC heap after
{Heap after GC invocations=6 (full 0):
 garbage-first heap   total 260096K, used 19047K [0x0000000080000000, 0x0000000100000000)
  region size 1024K, 3 young (3072K), 3 survivors (3072K)
 Metaspace       used 27708K, capacity 28364K, committed 28544K, reserved 1073152K
  class space    used 3673K, capacity 3929K, committed 3968K, reserved 1048576K
}
Event: 5.199 GC heap before
{Heap before GC invocations=6 (full 0):
 garbage-first heap   total 260096K, used 55911K [0x0000000080000000, 0x0000000100000000)
  region size 1024K, 40 young (40960K), 3 survivors (3072K)
 Metaspace       used 35033K, capacity 35790K, committed 35840K, reserved 1081344K
  class space    used 4539K, capacity 4832K, committed 4864K, reserved 1048576K
}
Event: 5.212 GC heap after
{Heap after GC invocations=7 (full 0):
 garbage-first heap   total 260096K, used 22026K [0x0000000080000000, 0x0000000100000000)
  region size 1024K, 6 young (6144K), 6 survivors (6144K)
 Metaspace       used 35033K, capacity 35790K, committed 35840K, reserved 1081344K
  class space    used 4539K, capacity 4832K, committed 4864K, reserved 1048576K
}
Event: 6.284 GC heap before
{Heap before GC invocations=8 (full 0):
 garbage-first heap   total 260096K, used 120330K [0x0000000080000000, 0x0000000100000000)
  region size 1024K, 99 young (101376K), 6 survivors (6144K)
 Metaspace       used 43139K, capacity 44122K, committed 44288K, reserved 1087488K
  class space    used 5502K, capacity 5849K, committed 5888K, reserved 1048576K
}
Event: 6.295 GC heap after
{Heap after GC invocations=9 (full 0):
 garbage-first heap   total 260096K, used 27827K [0x0000000080000000, 0x0000000100000000)
  region size 1024K, 12 young (12288K), 12 survivors (12288K)
 Metaspace       used 43139K, capacity 44122K, committed 44288K, reserved 1087488K
  class space    used 5502K, capacity 5849K, committed 5888K, reserved 1048576K
}
Event: 7.664 GC heap before
{Heap before GC invocations=9 (full 0):
 garbage-first heap   total 260096K, used 140467K [0x0000000080000000, 0x0000000100000000)
  region size 1024K, 119 young (121856K), 12 survivors (12288K)
 Metaspace       used 51123K, capacity 52477K, committed 52608K, reserved 1095680K
  class space    used 6530K, capacity 7019K, committed 7040K, reserved 1048576K
}
Event: 7.680 GC heap after
{Heap after GC invocations=10 (full 0):
 garbage-first heap   total 260096K, used 41981K [0x0000000080000000, 0x0000000100000000)
  region size 1024K, 15 young (15360K), 15 survivors (15360K)
 Metaspace       used 51123K, capacity 52477K, committed 52608K, reserved 1095680K
  class space    used 6530K, capacity 7019K, committed 7040K, reserved 1048576K
}
Event: 8.389 GC heap before
{Heap before GC invocations=10 (full 0):
 garbage-first heap   total 260096K, used 88061K [0x0000000080000000, 0x0000000100000000)
  region size 1024K, 61 young (62464K), 15 survivors (15360K)
 Metaspace       used 58487K, capacity 60063K, committed 60160K, reserved 1101824K
  class space    used 7429K, capacity 7990K, committed 8064K, reserved 1048576K
}
Event: 8.405 GC heap after
{Heap after GC invocations=11 (full 0):
 garbage-first heap   total 260096K, used 45572K [0x0000000080000000, 0x0000000100000000)
  region size 1024K, 4 young (4096K), 4 survivors (4096K)
 Metaspace       used 58487K, capacity 60063K, committed 60160K, reserved 1101824K
  class space    used 7429K, capacity 7990K, committed 8064K, reserved 1048576K
}
Event: 9.511 GC heap before
{Heap before GC invocations=12 (full 0):
 garbage-first heap   total 260096K, used 142852K [0x0000000080000000, 0x0000000100000000)
  region size 1024K, 99 young (101376K), 4 survivors (4096K)
 Metaspace       used 66568K, capacity 68254K, committed 68352K, reserved 1107968K
  class space    used 8610K, capacity 9214K, committed 9216K, reserved 1048576K
}
Event: 9.525 GC heap after
{Heap after GC invocations=13 (full 0):
 garbage-first heap   total 260096K, used 52682K [0x0000000080000000, 0x0000000100000000)
  region size 1024K, 11 young (11264K), 11 survivors (11264K)
 Metaspace       used 66568K, capacity 68254K, committed 68352K, reserved 1107968K
  class space    used 8610K, capacity 9214K, committed 9216K, reserved 1048576K
}
Event: 10.996 GC heap before
{Heap before GC invocations=14 (full 0):
 garbage-first heap   total 260096K, used 154058K [0x0000000080000000, 0x0000000100000000)
  region size 1024K, 111 young (113664K), 11 survivors (11264K)
 Metaspace       used 76903K, capacity 78807K, committed 78976K, reserved 1118208K
  class space    used 10078K, capacity 10768K, committed 10880K, reserved 1048576K
}
Event: 11.008 GC heap after
{Heap after GC invocations=15 (full 0):
 garbage-first heap   total 260096K, used 59108K [0x0000000080000000, 0x0000000100000000)
  region size 1024K, 7 young (7168K), 7 survivors (7168K)
 Metaspace       used 76903K, capacity 78807K, committed 78976K, reserved 1118208K
  class space    used 10078K, capacity 10768K, committed 10880K, reserved 1048576K
}

Deoptimization events (20 events):
Event: 11.311 Thread 0x00000164ad1be000 Uncommon trap: trap_request=0xffffff4d fr.pc=0x00000164971de278 relative=0x0000000000000238
Event: 11.311 Thread 0x00000164ad1be000 Uncommon trap: reason=unstable_if action=reinterpret pc=0x00000164971de278 method=java.util.concurrent.ConcurrentHashMap.get(Ljava/lang/Object;)Ljava/lang/Object; @ 86 c2
Event: 11.311 Thread 0x00000164ad1be000 DEOPT PACKING pc=0x00000164971de278 sp=0x00000006ef9fd6a0
Event: 11.311 Thread 0x00000164ad1be000 DEOPT UNPACKING pc=0x000001648f5d782f sp=0x00000006ef9fd618 mode 2
Event: 11.314 Thread 0x00000164ad1b8800 DEOPT PACKING pc=0x0000016490a40dc4 sp=0x00000006ef7fb730
Event: 11.314 Thread 0x00000164ad1b8800 DEOPT UNPACKING pc=0x000001648f5d764e sp=0x00000006ef7facd0 mode 0
Event: 11.316 Thread 0x00000164ad1b9000 Uncommon trap: trap_request=0xffffff4d fr.pc=0x00000164974b78d0 relative=0x0000000000000510
Event: 11.316 Thread 0x00000164ad1b9000 Uncommon trap: reason=unstable_if action=reinterpret pc=0x00000164974b78d0 method=java.lang.StringLatin1.compareToCI([B[B)I @ 68 c2
Event: 11.316 Thread 0x00000164ad1b9000 DEOPT PACKING pc=0x00000164974b78d0 sp=0x00000006efdfb120
Event: 11.316 Thread 0x00000164ad1b9000 DEOPT UNPACKING pc=0x000001648f5d782f sp=0x00000006efdfaf50 mode 2
Event: 11.316 Thread 0x00000164ad1b8800 Uncommon trap: trap_request=0xffffff4d fr.pc=0x00000164974b85a0 relative=0x0000000000000540
Event: 11.316 Thread 0x00000164ad1b8800 Uncommon trap: reason=unstable_if action=reinterpret pc=0x00000164974b85a0 method=java.lang.StringLatin1.compareToCI([B[B)I @ 68 c2
Event: 11.316 Thread 0x00000164ad1b8800 DEOPT PACKING pc=0x00000164974b85a0 sp=0x00000006ef7fb440
Event: 11.316 Thread 0x00000164ad1b8800 DEOPT UNPACKING pc=0x000001648f5d782f sp=0x00000006ef7fb2e0 mode 2
Event: 11.324 Thread 0x00000164a6d54000 DEOPT PACKING pc=0x00000164903874e0 sp=0x00000006ee3fe150
Event: 11.324 Thread 0x00000164a6d54000 DEOPT UNPACKING pc=0x000001648f5d764e sp=0x00000006ee3fd5d8 mode 0
Event: 11.336 Thread 0x00000164ad1bf000 Uncommon trap: trap_request=0xffffff4d fr.pc=0x00000164970dfad0 relative=0x0000000000000510
Event: 11.336 Thread 0x00000164ad1bf000 Uncommon trap: reason=unstable_if action=reinterpret pc=0x00000164970dfad0 method=java.lang.StringLatin1.compareToCI([B[B)I @ 68 c2
Event: 11.336 Thread 0x00000164ad1bf000 DEOPT PACKING pc=0x00000164970dfad0 sp=0x00000006efbfb3e0
Event: 11.336 Thread 0x00000164ad1bf000 DEOPT UNPACKING pc=0x000001648f5d782f sp=0x00000006efbfb2f0 mode 2

Classes redefined (0 events):
No events

Internal exceptions (20 events):
Event: 10.693 Thread 0x00000164a7f81000 Exception <a 'sun/nio/fs/WindowsException'{0x000000008af41650}> (0x000000008af41650) thrown at [./src/hotspot/share/prims/jni.cpp, line 615]
Event: 10.694 Thread 0x00000164a7f81000 Exception <a 'sun/nio/fs/WindowsException'{0x000000008af426d0}> (0x000000008af426d0) thrown at [./src/hotspot/share/prims/jni.cpp, line 615]
Event: 10.776 Thread 0x00000164a7f81000 Exception <a 'java/lang/NoSuchMethodError'{0x000000008aaa1730}: 'java.lang.Object java.lang.invoke.Invokers$Holder.linkToTargetMethod(java.lang.Object, int, int, java.lang.Object)'> (0x000000008aaa1730) thrown at [./src/hotspot/share/interpreter/linkResolver.cpp, line 773]
Event: 10.944 Thread 0x00000164a6d52000 Exception <a 'java/lang/NoSuchMethodError'{0x000000008fd0c3a0}: <clinit>> (0x000000008fd0c3a0) thrown at [./src/hotspot/share/prims/jni.cpp, line 1362]
Event: 10.945 Thread 0x00000164a6d52000 Exception <a 'java/lang/NoSuchMethodError'{0x000000008fd157a8}: <clinit>> (0x000000008fd157a8) thrown at [./src/hotspot/share/prims/jni.cpp, line 1362]
Event: 10.948 Thread 0x00000164a6d52000 Exception <a 'java/lang/NoSuchMethodError'{0x0000000089eb4990}: <clinit>> (0x0000000089eb4990) thrown at [./src/hotspot/share/prims/jni.cpp, line 1362]
Event: 10.951 Thread 0x00000164a6d52000 Exception <a 'java/lang/NoSuchMethodError'{0x0000000089d1e938}: <clinit>> (0x0000000089d1e938) thrown at [./src/hotspot/share/prims/jni.cpp, line 1362]
Event: 10.951 Thread 0x00000164a6d52000 Exception <a 'java/lang/NoSuchMethodError'{0x0000000089d1fc10}: <clinit>> (0x0000000089d1fc10) thrown at [./src/hotspot/share/prims/jni.cpp, line 1362]
Event: 10.971 Thread 0x00000164ac110800 Exception <a 'java/lang/NoSuchMethodError'{0x0000000089b608a8}: <clinit>> (0x0000000089b608a8) thrown at [./src/hotspot/share/prims/jni.cpp, line 1362]
Event: 10.975 Thread 0x00000164ac110800 Exception <a 'java/lang/NoSuchMethodError'{0x0000000089b74ee8}: <clinit>> (0x0000000089b74ee8) thrown at [./src/hotspot/share/prims/jni.cpp, line 1362]
Event: 10.977 Thread 0x00000164ac110800 Exception <a 'java/lang/NoSuchMethodError'{0x0000000089b8e170}: <clinit>> (0x0000000089b8e170) thrown at [./src/hotspot/share/prims/jni.cpp, line 1362]
Event: 11.013 Thread 0x00000164a6d52000 Exception <a 'java/lang/NoSuchMethodError'{0x000000008fd09098}: <clinit>> (0x000000008fd09098) thrown at [./src/hotspot/share/prims/jni.cpp, line 1362]
Event: 11.049 Thread 0x00000164ac11c000 Exception <a 'java/lang/NoSuchMethodError'{0x000000008fbc4668}: 'java.lang.Object java.lang.invoke.Invokers$Holder.linkToTargetMethod(java.lang.Object, java.lang.Object, java.lang.Object, int, java.lang.Object, java.lang.Object)'> (0x000000008fbc4668) thrown at [./src/hotspot/share/interpreter/linkResolver.cpp, line 773]
Event: 11.058 Thread 0x00000164ac11c000 Exception <a 'java/lang/IncompatibleClassChangeError'{0x000000008fa24280}: Found class java.lang.Object, but interface was expected> (0x000000008fa24280) thrown at [./src/hotspot/share/interpreter/linkResolver.cpp, line 839]
Event: 11.081 Thread 0x00000164ac11c000 Exception <a 'java/lang/NoSuchMethodError'{0x000000008f8142e0}: 'int java.lang.invoke.DirectMethodHandle$Holder.invokeStaticInit(java.lang.Object, java.lang.Object, java.lang.Object, java.lang.Object, java.lang.Object)'> (0x000000008f8142e0) thrown at [./src/hotspot/share/interpreter/linkResolver.cpp, line 773]
Event: 11.292 Thread 0x00000164ad1bb800 Exception <a 'java/lang/NoSuchMethodError'{0x000000008ed55c68}: 'java.lang.Object java.lang.invoke.DirectMethodHandle$Holder.invokeSpecialIFC(java.lang.Object, java.lang.Object, java.lang.Object)'> (0x000000008ed55c68) thrown at [./src/hotspot/share/interpreter/linkResolver.cpp, line 773]
Event: 11.292 Thread 0x00000164ad1bb000 Exception <a 'java/lang/NoSuchMethodError'{0x000000008ed18728}: 'java.lang.Object java.lang.invoke.DirectMethodHandle$Holder.invokeSpecialIFC(java.lang.Object, java.lang.Object, java.lang.Object)'> (0x000000008ed18728) thrown at [./src/hotspot/share/interpreter/linkResolver.cpp, line 773]
Event: 11.292 Thread 0x00000164ac11c000 Exception <a 'java/lang/NoSuchMethodError'{0x000000008ed69430}: 'java.lang.Object java.lang.invoke.DirectMethodHandle$Holder.invokeSpecialIFC(java.lang.Object, java.lang.Object, java.lang.Object)'> (0x000000008ed69430) thrown at [./src/hotspot/share/interpreter/linkResolver.cpp, line 773]
Event: 11.292 Thread 0x00000164ad1bc800 Exception <a 'java/lang/NoSuchMethodError'{0x000000008ee19b50}: 'java.lang.Object java.lang.invoke.DirectMethodHandle$Holder.invokeSpecialIFC(java.lang.Object, java.lang.Object, java.lang.Object)'> (0x000000008ee19b50) thrown at [./src/hotspot/share/interpreter/linkResolver.cpp, line 773]
Event: 11.292 Thread 0x00000164ad1bf000 Exception <a 'java/lang/NoSuchMethodError'{0x000000008ed98c30}: 'java.lang.Object java.lang.invoke.DirectMethodHandle$Holder.invokeSpecialIFC(java.lang.Object, java.lang.Object, java.lang.Object)'> (0x000000008ed98c30) thrown at [./src/hotspot/share/interpreter/linkResolver.cpp, line 773]

Events (20 events):
Event: 11.312 loading class org/gradle/internal/snapshot/VfsRelativePath done
Event: 11.312 Executing VM operation: RevokeBias
Event: 11.312 Executing VM operation: RevokeBias done
Event: 11.312 loading class org/gradle/internal/snapshot/MetadataSnapshot
Event: 11.312 loading class org/gradle/internal/snapshot/MetadataSnapshot done
Event: 11.312 loading class org/gradle/internal/snapshot/VfsRelativePath
Event: 11.312 loading class org/gradle/internal/snapshot/VfsRelativePath done
Event: 11.312 loading class org/gradle/internal/snapshot/VfsRelativePath
Event: 11.312 loading class org/gradle/internal/snapshot/VfsRelativePath done
Event: 11.318 Executing VM operation: RevokeBias
Event: 11.318 Executing VM operation: RevokeBias done
Event: 11.336 loading class org/gradle/internal/snapshot/RelativePathTracker
Event: 11.336 loading class org/gradle/internal/snapshot/RelativePathTracker done
Event: 11.336 loading class org/gradle/internal/snapshot/FileSystemLocationSnapshot
Event: 11.336 loading class org/gradle/internal/snapshot/FileSystemLocationSnapshot done
Event: 11.336 loading class org/gradle/internal/snapshot/RelativePathTracker
Event: 11.336 loading class org/gradle/internal/snapshot/RelativePathTracker done
Event: 11.336 loading class org/gradle/internal/snapshot/RelativePathTracker
Event: 11.336 loading class org/gradle/internal/snapshot/RelativePathTracker done
Event: 11.339 Executing VM operation: RevokeBias


Dynamic libraries:
0x00007ff6bc720000 - 0x00007ff6bc72a000 	C:\Program Files\Android\Android Studio\jre\bin\java.exe
0x00007ffa31950000 - 0x00007ffa31b45000 	C:\WINDOWS\SYSTEM32\ntdll.dll
0x00007ffa30ad0000 - 0x00007ffa30b8e000 	C:\WINDOWS\System32\KERNEL32.DLL
0x00007ffa2f070000 - 0x00007ffa2f338000 	C:\WINDOWS\System32\KERNELBASE.dll
0x00007ffa2f340000 - 0x00007ffa2f440000 	C:\WINDOWS\System32\ucrtbase.dll
0x00007ffa28db0000 - 0x00007ffa28dc9000 	C:\Program Files\Android\Android Studio\jre\bin\jli.dll
0x00007ff9f59d0000 - 0x00007ff9f59e7000 	C:\Program Files\Android\Android Studio\jre\bin\VCRUNTIME140.dll
0x00007ffa2fa50000 - 0x00007ffa2fbf1000 	C:\WINDOWS\System32\USER32.dll
0x00007ffa207c0000 - 0x00007ffa20a5a000 	C:\WINDOWS\WinSxS\amd64_microsoft.windows.common-controls_6595b64144ccf1df_6.0.19041.1110_none_60b5254171f9507e\COMCTL32.dll
0x00007ffa2f970000 - 0x00007ffa2f992000 	C:\WINDOWS\System32\win32u.dll
0x00007ffa310d0000 - 0x00007ffa3116e000 	C:\WINDOWS\System32\msvcrt.dll
0x00007ffa2fc10000 - 0x00007ffa2fc3b000 	C:\WINDOWS\System32\GDI32.dll
0x00007ffa2f530000 - 0x00007ffa2f63b000 	C:\WINDOWS\System32\gdi32full.dll
0x00007ffa2f440000 - 0x00007ffa2f4dd000 	C:\WINDOWS\System32\msvcp_win.dll
0x00007ffa2fc40000 - 0x00007ffa2fc70000 	C:\WINDOWS\System32\IMM32.DLL
0x00007ff9f2010000 - 0x00007ff9f20ad000 	C:\Program Files\Android\Android Studio\jre\bin\msvcp140.dll
0x00007ff9db650000 - 0x00007ff9dc11f000 	C:\Program Files\Android\Android Studio\jre\bin\server\jvm.dll
0x00007ffa2fc70000 - 0x00007ffa2fd1c000 	C:\WINDOWS\System32\ADVAPI32.dll
0x00007ffa30b90000 - 0x00007ffa30c2b000 	C:\WINDOWS\System32\sechost.dll
0x00007ffa2fe30000 - 0x00007ffa2ff5a000 	C:\WINDOWS\System32\RPCRT4.dll
0x00007ffa2fc00000 - 0x00007ffa2fc08000 	C:\WINDOWS\System32\PSAPI.DLL
0x00007ffa268b0000 - 0x00007ffa268ba000 	C:\WINDOWS\SYSTEM32\VERSION.dll
0x00007ffa190e0000 - 0x00007ffa190e9000 	C:\WINDOWS\SYSTEM32\WSOCK32.dll
0x00007ffa22750000 - 0x00007ffa22777000 	C:\WINDOWS\SYSTEM32\WINMM.dll
0x00007ffa30070000 - 0x00007ffa300db000 	C:\WINDOWS\System32\WS2_32.dll
0x00007ffa2cf70000 - 0x00007ffa2cf82000 	C:\WINDOWS\SYSTEM32\kernel.appcore.dll
0x00007ff9fb710000 - 0x00007ff9fb721000 	C:\Program Files\Android\Android Studio\jre\bin\verify.dll
0x00007ffa1c7e0000 - 0x00007ffa1c9c4000 	C:\WINDOWS\SYSTEM32\DBGHELP.DLL
0x00007ffa1c9d0000 - 0x00007ffa1c9fc000 	C:\WINDOWS\SYSTEM32\dbgcore.DLL
0x00007ffa2f7a0000 - 0x00007ffa2f823000 	C:\WINDOWS\System32\bcryptPrimitives.dll
0x00007ff9f0930000 - 0x00007ff9f0959000 	C:\Program Files\Android\Android Studio\jre\bin\java.dll
0x00007ffa150a0000 - 0x00007ffa150ab000 	C:\Program Files\Android\Android Studio\jre\bin\jimage.dll
0x00007ff9f82a0000 - 0x00007ff9f82b8000 	C:\Program Files\Android\Android Studio\jre\bin\zip.dll
0x00007ffa311d0000 - 0x00007ffa3190f000 	C:\WINDOWS\System32\SHELL32.dll
0x00007ffa2d170000 - 0x00007ffa2d900000 	C:\WINDOWS\SYSTEM32\windows.storage.dll
0x00007ffa30d70000 - 0x00007ffa310c5000 	C:\WINDOWS\System32\combase.dll
0x00007ffa2eac0000 - 0x00007ffa2eaee000 	C:\WINDOWS\SYSTEM32\Wldp.dll
0x00007ffa2f9a0000 - 0x00007ffa2fa4d000 	C:\WINDOWS\System32\SHCORE.dll
0x00007ffa31170000 - 0x00007ffa311c5000 	C:\WINDOWS\System32\shlwapi.dll
0x00007ffa2efb0000 - 0x00007ffa2efcf000 	C:\WINDOWS\SYSTEM32\profapi.dll
0x00007ff9f7640000 - 0x00007ff9f765a000 	C:\Program Files\Android\Android Studio\jre\bin\net.dll
0x00007ffa21170000 - 0x00007ffa2127c000 	C:\WINDOWS\SYSTEM32\WINHTTP.dll
0x00007ffa2e820000 - 0x00007ffa2e88a000 	C:\WINDOWS\system32\mswsock.dll
0x00007ff9f7360000 - 0x00007ff9f7374000 	C:\Program Files\Android\Android Studio\jre\bin\nio.dll
0x00007ff9f4bd0000 - 0x00007ff9f4bf7000 	C:\Users\Mr Viz\.gradle\native\8bec1ad78214c89d9ad589b4d07fe93259594b29d510b10fafb7a158f7737e5d\windows-amd64\native-platform.dll
0x00007ff9def10000 - 0x00007ff9df04d000 	C:\Users\Mr Viz\.gradle\native\53dbd7edfb1c66fb8903c78663c9afc45aea4f116125fa6feffd364cf09443e8\windows-amd64\native-platform-file-events.dll
0x00007ffa28e40000 - 0x00007ffa28e4a000 	C:\Program Files\Android\Android Studio\jre\bin\management.dll
0x00007ffa24270000 - 0x00007ffa2427c000 	C:\Program Files\Android\Android Studio\jre\bin\management_ext.dll
0x00007ffa2ea10000 - 0x00007ffa2ea28000 	C:\WINDOWS\SYSTEM32\CRYPTSP.dll
0x00007ffa2e130000 - 0x00007ffa2e164000 	C:\WINDOWS\system32\rsaenh.dll
0x00007ffa2f830000 - 0x00007ffa2f857000 	C:\WINDOWS\System32\bcrypt.dll
0x00007ffa2ef30000 - 0x00007ffa2ef5e000 	C:\WINDOWS\SYSTEM32\USERENV.dll
0x00007ffa2ea30000 - 0x00007ffa2ea3c000 	C:\WINDOWS\SYSTEM32\CRYPTBASE.dll
0x00007ffa2e4c0000 - 0x00007ffa2e4fb000 	C:\WINDOWS\SYSTEM32\IPHLPAPI.DLL
0x00007ffa2fd20000 - 0x00007ffa2fd28000 	C:\WINDOWS\System32\NSI.dll
0x00007ffa25e30000 - 0x00007ffa25e47000 	C:\WINDOWS\SYSTEM32\dhcpcsvc6.DLL
0x00007ffa266b0000 - 0x00007ffa266cd000 	C:\WINDOWS\SYSTEM32\dhcpcsvc.DLL
0x00007ffa2e510000 - 0x00007ffa2e5db000 	C:\WINDOWS\SYSTEM32\DNSAPI.dll

dbghelp: loaded successfully - version: 4.0.5 - missing functions: none
symbol engine: initialized successfully - sym options: 0x614 - pdb path: .;C:\Program Files\Android\Android Studio\jre\bin;C:\WINDOWS\SYSTEM32;C:\WINDOWS\WinSxS\amd64_microsoft.windows.common-controls_6595b64144ccf1df_6.0.19041.1110_none_60b5254171f9507e;C:\Program Files\Android\Android Studio\jre\bin\server;C:\Users\Mr Viz\.gradle\native\8bec1ad78214c89d9ad589b4d07fe93259594b29d510b10fafb7a158f7737e5d\windows-amd64;C:\Users\Mr Viz\.gradle\native\53dbd7edfb1c66fb8903c78663c9afc45aea4f116125fa6feffd364cf09443e8\windows-amd64

VM Arguments:
jvm_args: --add-opens=java.base/java.util=ALL-UNNAMED --add-opens=java.base/java.lang=ALL-UNNAMED --add-opens=java.base/java.lang.invoke=ALL-UNNAMED --add-opens=java.base/java.util=ALL-UNNAMED --add-opens=java.prefs/java.util.prefs=ALL-UNNAMED --add-opens=java.prefs/java.util.prefs=ALL-UNNAMED --add-opens=java.base/java.nio.charset=ALL-UNNAMED --add-opens=java.base/java.net=ALL-UNNAMED --add-opens=java.base/java.util.concurrent.atomic=ALL-UNNAMED -Xmx2048m -Dfile.encoding=UTF-8 -Duser.country=DE -Duser.language=de -Duser.variant 
java_command: org.gradle.launcher.daemon.bootstrap.GradleDaemon 7.0.2
java_class_path (initial): C:\Users\Mr Viz\.gradle\wrapper\dists\gradle-7.0.2-bin\857tjihv64xamwrf0h14cai3r\gradle-7.0.2\lib\gradle-launcher-7.0.2.jar
Launcher Type: SUN_STANDARD

[Global flags]
     intx CICompilerCount                          = 4                                         {product} {ergonomic}
     uint ConcGCThreads                            = 2                                         {product} {ergonomic}
     uint G1ConcRefinementThreads                  = 8                                         {product} {ergonomic}
   size_t G1HeapRegionSize                         = 1048576                                   {product} {ergonomic}
    uintx GCDrainStackTargetSize                   = 64                                        {product} {ergonomic}
   size_t InitialHeapSize                          = 266338304                                 {product} {ergonomic}
   size_t MarkStackSize                            = 4194304                                   {product} {ergonomic}
   size_t MaxHeapSize                              = 2147483648                                {product} {command line}
   size_t MaxNewSize                               = 1287651328                                {product} {ergonomic}
   size_t MinHeapDeltaBytes                        = 1048576                                   {product} {ergonomic}
    uintx NonNMethodCodeHeapSize                   = 5836300                                {pd product} {ergonomic}
    uintx NonProfiledCodeHeapSize                  = 122910970                              {pd product} {ergonomic}
    uintx ProfiledCodeHeapSize                     = 122910970                              {pd product} {ergonomic}
    uintx ReservedCodeCacheSize                    = 251658240                              {pd product} {ergonomic}
     bool SegmentedCodeCache                       = true                                      {product} {ergonomic}
     bool UseCompressedClassPointers               = true                                 {lp64_product} {ergonomic}
     bool UseCompressedOops                        = true                                 {lp64_product} {ergonomic}
     bool UseG1GC                                  = true                                      {product} {ergonomic}
     bool UseLargePagesIndividualAllocation        = false                                  {pd product} {ergonomic}

Logging:
Log output configuration:
 #0: stdout all=warning uptime,level,tags
 #1: stderr all=off uptime,level,tags

Environment Variables:
JAVA_HOME=C:\Program Files\Java\jdk1.8.0_172
PATH=C:\Program Files (x86)\Common Files\Oracle\Java\javapath;C:\Program Files\Docker\Docker\Resources\bin;C:\ProgramData\Oracle\Java\javapath;C:\Program Files (x86)\NVIDIA Corporation\PhysX\Common;C:\WINDOWS\system32;C:\WINDOWS;C:\WINDOWS\System32\Wbem;C:\WINDOWS\System32\WindowsPowerShell\v1.0\;C:\Program Files\Intel\WiFi\bin\;C:\Program Files\Common Files\Intel\WirelessCommon\;C:\Program Files (x86)\GNU\GnuPG\pub;C:\Program Files (x86)\Windows Live\Shared;C:\Program Files (x86)\QuickTime\QTSystem\;C:\Program Files\Microsoft SQL Server\110\Tools\Binn\;C:\Program Files\Microsoft SQL Server\120\Tools\Binn\;C:\Program Files\MiKTeX 2.9\miktex\bin\x64\;C:\Program Files (x86)\Dev-Cpp\MinGW32\bin\;C:\Program Files (x86)\GtkSharp\2.12\bin;C:\WINDOWS\system32;C:\WINDOWS;C:\WINDOWS\System32\Wbem;C:\WINDOWS\System32\WindowsPowerShell\v1.0\;C:\Program Files (x86)\Samsung\Samsung PC Studio 3\;C:\Program Files\Amazon\AWSCLI\;C:\PostgreSQL\pg10\bin;C:\WINDOWS\System32\OpenSSH\;C:\Program Files\CMake\bin;C:\Program Files\nodejs\;C:\Program Files (x86)\ZeroTier\One\;C:\Program Files (x86)\Intel\Phone Flash Tool;C:\Program Files\dotnet\;C:\Users\Mr Viz\AppData\Local\Programs\Python\Python310\Scripts\;C:\Users\Mr Viz\AppData\Local\Programs\Python\Python310\;Z:\UNREAL ENGINE\android-sdk-windows\build-tools;Z:\UNREAL ENGINE\android-sdk-windows\platform-tools;Z:\UNREAL ENGINE\android-sdk-windows\tools;Z:\UNREAL ENGINE\gradle-2.9\bin;Z:\UNREAL ENGINE\apache-ant-1.8.2\bin;Z:\UNREAL ENGINE\jdk1.8.0_77\bin;Z:\UNREAL ENGINE\android-ndk-r12b;Z:\UNREAL ENGINE\android-sdk-windows\extras\android\support;C:\Program Files\Intel\WiFi\bin\;C:\Program Files\Common Files\Intel\WirelessCommon\;C:\Program Files\Java\jdk1.8.0_40\bin;C:\curl;C:\Program Files (x86)\gnuplot\bin;C:\gtk\bin;C:\Program Files (x86)\Nmap;C:\Users\Mr Viz\AppData\Local\Microsoft\WindowsApps;C:\Program Files (x86)\Atmel\Flip 3.4.7\bin;C:\Program Files\Java\jdk1.8.0_144\bin;C:\Users\Mr Viz\AppData\Local\atom\bin;C:\Python27;C:\Users\M
USERNAME=Mr Viz
OS=Windows_NT
PROCESSOR_IDENTIFIER=Intel64 Family 6 Model 58 Stepping 9, GenuineIntel



---------------  S Y S T E M  ---------------

OS: Windows 10 , 64 bit Build 19041 (10.0.19041.1348)
OS uptime: 0 days 6:39 hours

CPU:total 8 (initial active 8) (4 cores per cpu, 2 threads per core) family 6 model 58 stepping 9 microcode 0x21, cmov, cx8, fxsr, mmx, sse, sse2, sse3, ssse3, sse4.1, sse4.2, popcnt, avx, aes, clmul, erms, ht, tsc, tscinvbit, tscinv

Memory: 4k page, system-wide physical 16202M (5082M free)
TotalPageFile size 16222M (AvailPageFile size 5M)
current process WorkingSet (physical memory assigned to process): 446M, peak: 448M
current process commit charge ("private bytes"): 553M, peak: 554M

vm_info: OpenJDK 64-Bit Server VM (11.0.10+0-b96-7249189) for windows-amd64 JRE (11.0.10+0-b96-7249189), built on Mar 31 2021 21:44:00 by "builder" with MS VC++ 14.0 (VS2015)

END.
